<?xml version="1.0" encoding="UTF-8"?>
<!-- Generated by org.testng.reporters.JUnitXMLReporter -->
<testsuite ignored="0" hostname="LIN-5CG5162CM9" failures="0" tests="3" name="LambdaTest" time="6.638" errors="0" timestamp="2025-09-24T01:43:23 IST">
  <testcase classname="lambdaTestTestng.base.BaseClass" name="@BeforeClass setUp" time="5.935">
    <failure type="org.openqa.selenium.SessionNotCreatedException" message="Could not start a new session. Response code 400. Message: LT01K5W3B23P59Y4R1Z6MB6GMT0T-SQ29H-AP-SOUTH-1: The capability platform has value window which is not supported. Supported values are [macos 26.0 macos 15.0 macos 14.0 macos 13.0 macos 12.0 macos 11.0 macos 10.15 macos 10.14 macos 10.13 macos 10.12 os x 10.11 os x 10.10 os x 10.9 os x 10.8 win11 win10 win8 win8.1 win7 ubuntu-20] 
Host info: host: &amp;apos;LIN-5CG5162CM9&amp;apos;, ip: &amp;apos;192.168.1.7&amp;apos;
Build info: version: &amp;apos;4.34.0&amp;apos;, revision: &amp;apos;707dcb4246*&amp;apos;
System info: os.name: &amp;apos;Windows 11&amp;apos;, os.arch: &amp;apos;amd64&amp;apos;, os.version: &amp;apos;10.0&amp;apos;, java.version: &amp;apos;21.0.7&amp;apos;
Driver info: org.openqa.selenium.remote.RemoteWebDriver
Command: [null, newSession {capabilities=[Capabilities {LT:Options: {accessKey: LT_U9QUwERvCXqr5BD6XD6Xty0R..., browserName: chrome, browserVersion: 140.0.7339.186, build: Lambda_Build_Version _1.0, console: true, name: LambdaTestScenario1, network: true, platformName: window, project: LambdaTest, username: m-naveen.b.kumar@capgemini.com, video: true, visual: true}, browserName: chrome, goog:chromeOptions: {args: [], extensions: []}}]}]
Capabilities {LT:Options: {accessKey: LT_U9QUwERvCXqr5BD6XD6Xty0R..., browserName: chrome, browserVersion: 140.0.7339.186, build: Lambda_Build_Version _1.0, console: true, name: LambdaTestScenario1, network: true, platformName: window, project: LambdaTest, username: m-naveen.b.kumar@capgemini.com, video: true, visual: true}, browserName: chrome, goog:chromeOptions: {args: [], extensions: []}}">
      <![CDATA[org.openqa.selenium.SessionNotCreatedException: Could not start a new session. Response code 400. Message: LT01K5W3B23P59Y4R1Z6MB6GMT0T-SQ29H-AP-SOUTH-1: The capability platform has value window which is not supported. Supported values are [macos 26.0 macos 15.0 macos 14.0 macos 13.0 macos 12.0 macos 11.0 macos 10.15 macos 10.14 macos 10.13 macos 10.12 os x 10.11 os x 10.10 os x 10.9 os x 10.8 win11 win10 win8 win8.1 win7 ubuntu-20] 
Host info: host: 'LIN-5CG5162CM9', ip: '192.168.1.7'
Build info: version: '4.34.0', revision: '707dcb4246*'
System info: os.name: 'Windows 11', os.arch: 'amd64', os.version: '10.0', java.version: '21.0.7'
Driver info: org.openqa.selenium.remote.RemoteWebDriver
Command: [null, newSession {capabilities=[Capabilities {LT:Options: {accessKey: LT_U9QUwERvCXqr5BD6XD6Xty0R..., browserName: chrome, browserVersion: 140.0.7339.186, build: Lambda_Build_Version _1.0, console: true, name: LambdaTestScenario1, network: true, platformName: window, project: LambdaTest, username: m-naveen.b.kumar@capgemini.com, video: true, visual: true}, browserName: chrome, goog:chromeOptions: {args: [], extensions: []}}]}]
Capabilities {LT:Options: {accessKey: LT_U9QUwERvCXqr5BD6XD6Xty0R..., browserName: chrome, browserVersion: 140.0.7339.186, build: Lambda_Build_Version _1.0, console: true, name: LambdaTestScenario1, network: true, platformName: window, project: LambdaTest, username: m-naveen.b.kumar@capgemini.com, video: true, visual: true}, browserName: chrome, goog:chromeOptions: {args: [], extensions: []}}
at org.openqa.selenium.remote.ProtocolHandshake.createSession(ProtocolHandshake.java:114)
at org.openqa.selenium.remote.ProtocolHandshake.createSession(ProtocolHandshake.java:75)
at org.openqa.selenium.remote.ProtocolHandshake.createSession(ProtocolHandshake.java:61)
at org.openqa.selenium.remote.HttpCommandExecutor.execute(HttpCommandExecutor.java:187)
at org.openqa.selenium.remote.TracedCommandExecutor.execute(TracedCommandExecutor.java:53)
at org.openqa.selenium.remote.RemoteWebDriver.execute(RemoteWebDriver.java:544)
at org.openqa.selenium.remote.RemoteWebDriver.startSession(RemoteWebDriver.java:244)
at org.openqa.selenium.remote.RemoteWebDriver.<init>(RemoteWebDriver.java:173)
at org.openqa.selenium.remote.RemoteWebDriver.<init>(RemoteWebDriver.java:151)
at lambdaTestTestng.base.BaseClass.setUp(BaseClass.java:37)
at java.base/java.util.concurrent.Executors$RunnableAdapter.call(Executors.java:572)
at java.base/java.util.concurrent.FutureTask.run(FutureTask.java:317)
at java.base/java.util.concurrent.ThreadPoolExecutor.runWorker(ThreadPoolExecutor.java:1144)
at java.base/java.util.concurrent.ThreadPoolExecutor$Worker.run(ThreadPoolExecutor.java:642)
at java.base/java.lang.Thread.run(Thread.java:1583)
... Removed 9 stack frames]]>
    </failure>
  </testcase> <!-- @BeforeClass setUp -->
  <testcase classname="lambdaTestTestng.base.BaseClass" name="@BeforeClass setUp" time="5.934">
    <failure type="org.openqa.selenium.SessionNotCreatedException" message="Could not start a new session. Response code 400. Message: LT01K5W3B23NRKSVVP3DM8V09MV8-SQ29H-AP-SOUTH-1: The capability platform has value window which is not supported. Supported values are [macos 26.0 macos 15.0 macos 14.0 macos 13.0 macos 12.0 macos 11.0 macos 10.15 macos 10.14 macos 10.13 macos 10.12 os x 10.11 os x 10.10 os x 10.9 os x 10.8 win11 win10 win8 win8.1 win7 ubuntu-20] 
Host info: host: &amp;apos;LIN-5CG5162CM9&amp;apos;, ip: &amp;apos;192.168.1.7&amp;apos;
Build info: version: &amp;apos;4.34.0&amp;apos;, revision: &amp;apos;707dcb4246*&amp;apos;
System info: os.name: &amp;apos;Windows 11&amp;apos;, os.arch: &amp;apos;amd64&amp;apos;, os.version: &amp;apos;10.0&amp;apos;, java.version: &amp;apos;21.0.7&amp;apos;
Driver info: org.openqa.selenium.remote.RemoteWebDriver
Command: [null, newSession {capabilities=[Capabilities {LT:Options: {accessKey: LT_U9QUwERvCXqr5BD6XD6Xty0R..., browserName: chrome, browserVersion: 140.0.7339.186, build: Lambda_Build_Version _1.0, console: true, name: LambdaTestScenario3, network: true, platformName: window, project: LambdaTest, username: m-naveen.b.kumar@capgemini.com, video: true, visual: true}, browserName: chrome, goog:chromeOptions: {args: [], extensions: []}}]}]
Capabilities {LT:Options: {accessKey: LT_U9QUwERvCXqr5BD6XD6Xty0R..., browserName: chrome, browserVersion: 140.0.7339.186, build: Lambda_Build_Version _1.0, console: true, name: LambdaTestScenario3, network: true, platformName: window, project: LambdaTest, username: m-naveen.b.kumar@capgemini.com, video: true, visual: true}, browserName: chrome, goog:chromeOptions: {args: [], extensions: []}}">
      <![CDATA[org.openqa.selenium.SessionNotCreatedException: Could not start a new session. Response code 400. Message: LT01K5W3B23NRKSVVP3DM8V09MV8-SQ29H-AP-SOUTH-1: The capability platform has value window which is not supported. Supported values are [macos 26.0 macos 15.0 macos 14.0 macos 13.0 macos 12.0 macos 11.0 macos 10.15 macos 10.14 macos 10.13 macos 10.12 os x 10.11 os x 10.10 os x 10.9 os x 10.8 win11 win10 win8 win8.1 win7 ubuntu-20] 
Host info: host: 'LIN-5CG5162CM9', ip: '192.168.1.7'
Build info: version: '4.34.0', revision: '707dcb4246*'
System info: os.name: 'Windows 11', os.arch: 'amd64', os.version: '10.0', java.version: '21.0.7'
Driver info: org.openqa.selenium.remote.RemoteWebDriver
Command: [null, newSession {capabilities=[Capabilities {LT:Options: {accessKey: LT_U9QUwERvCXqr5BD6XD6Xty0R..., browserName: chrome, browserVersion: 140.0.7339.186, build: Lambda_Build_Version _1.0, console: true, name: LambdaTestScenario3, network: true, platformName: window, project: LambdaTest, username: m-naveen.b.kumar@capgemini.com, video: true, visual: true}, browserName: chrome, goog:chromeOptions: {args: [], extensions: []}}]}]
Capabilities {LT:Options: {accessKey: LT_U9QUwERvCXqr5BD6XD6Xty0R..., browserName: chrome, browserVersion: 140.0.7339.186, build: Lambda_Build_Version _1.0, console: true, name: LambdaTestScenario3, network: true, platformName: window, project: LambdaTest, username: m-naveen.b.kumar@capgemini.com, video: true, visual: true}, browserName: chrome, goog:chromeOptions: {args: [], extensions: []}}
at org.openqa.selenium.remote.ProtocolHandshake.createSession(ProtocolHandshake.java:114)
at org.openqa.selenium.remote.ProtocolHandshake.createSession(ProtocolHandshake.java:75)
at org.openqa.selenium.remote.ProtocolHandshake.createSession(ProtocolHandshake.java:61)
at org.openqa.selenium.remote.HttpCommandExecutor.execute(HttpCommandExecutor.java:187)
at org.openqa.selenium.remote.TracedCommandExecutor.execute(TracedCommandExecutor.java:53)
at org.openqa.selenium.remote.RemoteWebDriver.execute(RemoteWebDriver.java:544)
at org.openqa.selenium.remote.RemoteWebDriver.startSession(RemoteWebDriver.java:244)
at org.openqa.selenium.remote.RemoteWebDriver.<init>(RemoteWebDriver.java:173)
at org.openqa.selenium.remote.RemoteWebDriver.<init>(RemoteWebDriver.java:151)
at lambdaTestTestng.base.BaseClass.setUp(BaseClass.java:37)
at java.base/java.util.concurrent.Executors$RunnableAdapter.call(Executors.java:572)
at java.base/java.util.concurrent.FutureTask.run(FutureTask.java:317)
at java.base/java.util.concurrent.ThreadPoolExecutor.runWorker(ThreadPoolExecutor.java:1144)
at java.base/java.util.concurrent.ThreadPoolExecutor$Worker.run(ThreadPoolExecutor.java:642)
at java.base/java.lang.Thread.run(Thread.java:1583)
... Removed 9 stack frames]]>
    </failure>
  </testcase> <!-- @BeforeClass setUp -->
  <testcase classname="lambdaTestTestng.base.BaseClass" name="@AfterClass testClosure" time="0.0">
    <skipped/>
  </testcase> <!-- @AfterClass testClosure -->
  <testcase classname="lambdaTestTestng.base.BaseClass" name="@AfterClass testClosure" time="0.0">
    <skipped/>
  </testcase> <!-- @AfterClass testClosure -->
  <testcase classname="lambdaTestTestng.base.BaseClass" name="@BeforeClass setUp" time="6.446">
    <failure type="org.openqa.selenium.SessionNotCreatedException" message="Could not start a new session. Response code 400. Message: LT01K5W3B23KCQTJ1FNZSH8DX0KP-QL59R-AP-SOUTH-1: The capability platform has value window which is not supported. Supported values are [macos 26.0 macos 15.0 macos 14.0 macos 13.0 macos 12.0 macos 11.0 macos 10.15 macos 10.14 macos 10.13 macos 10.12 os x 10.11 os x 10.10 os x 10.9 os x 10.8 win11 win10 win8 win8.1 win7 ubuntu-20] 
Host info: host: &amp;apos;LIN-5CG5162CM9&amp;apos;, ip: &amp;apos;192.168.1.7&amp;apos;
Build info: version: &amp;apos;4.34.0&amp;apos;, revision: &amp;apos;707dcb4246*&amp;apos;
System info: os.name: &amp;apos;Windows 11&amp;apos;, os.arch: &amp;apos;amd64&amp;apos;, os.version: &amp;apos;10.0&amp;apos;, java.version: &amp;apos;21.0.7&amp;apos;
Driver info: org.openqa.selenium.remote.RemoteWebDriver
Command: [null, newSession {capabilities=[Capabilities {LT:Options: {accessKey: LT_U9QUwERvCXqr5BD6XD6Xty0R..., browserName: chrome, browserVersion: 140.0.7339.186, build: Lambda_Build_Version _1.0, console: true, name: Lambdatestscenarios2, network: true, platformName: window, project: LambdaTest, username: m-naveen.b.kumar@capgemini.com, video: true, visual: true}, browserName: chrome, goog:chromeOptions: {args: [], extensions: []}}]}]
Capabilities {LT:Options: {accessKey: LT_U9QUwERvCXqr5BD6XD6Xty0R..., browserName: chrome, browserVersion: 140.0.7339.186, build: Lambda_Build_Version _1.0, console: true, name: Lambdatestscenarios2, network: true, platformName: window, project: LambdaTest, username: m-naveen.b.kumar@capgemini.com, video: true, visual: true}, browserName: chrome, goog:chromeOptions: {args: [], extensions: []}}">
      <![CDATA[org.openqa.selenium.SessionNotCreatedException: Could not start a new session. Response code 400. Message: LT01K5W3B23KCQTJ1FNZSH8DX0KP-QL59R-AP-SOUTH-1: The capability platform has value window which is not supported. Supported values are [macos 26.0 macos 15.0 macos 14.0 macos 13.0 macos 12.0 macos 11.0 macos 10.15 macos 10.14 macos 10.13 macos 10.12 os x 10.11 os x 10.10 os x 10.9 os x 10.8 win11 win10 win8 win8.1 win7 ubuntu-20] 
Host info: host: 'LIN-5CG5162CM9', ip: '192.168.1.7'
Build info: version: '4.34.0', revision: '707dcb4246*'
System info: os.name: 'Windows 11', os.arch: 'amd64', os.version: '10.0', java.version: '21.0.7'
Driver info: org.openqa.selenium.remote.RemoteWebDriver
Command: [null, newSession {capabilities=[Capabilities {LT:Options: {accessKey: LT_U9QUwERvCXqr5BD6XD6Xty0R..., browserName: chrome, browserVersion: 140.0.7339.186, build: Lambda_Build_Version _1.0, console: true, name: Lambdatestscenarios2, network: true, platformName: window, project: LambdaTest, username: m-naveen.b.kumar@capgemini.com, video: true, visual: true}, browserName: chrome, goog:chromeOptions: {args: [], extensions: []}}]}]
Capabilities {LT:Options: {accessKey: LT_U9QUwERvCXqr5BD6XD6Xty0R..., browserName: chrome, browserVersion: 140.0.7339.186, build: Lambda_Build_Version _1.0, console: true, name: Lambdatestscenarios2, network: true, platformName: window, project: LambdaTest, username: m-naveen.b.kumar@capgemini.com, video: true, visual: true}, browserName: chrome, goog:chromeOptions: {args: [], extensions: []}}
at org.openqa.selenium.remote.ProtocolHandshake.createSession(ProtocolHandshake.java:114)
at org.openqa.selenium.remote.ProtocolHandshake.createSession(ProtocolHandshake.java:75)
at org.openqa.selenium.remote.ProtocolHandshake.createSession(ProtocolHandshake.java:61)
at org.openqa.selenium.remote.HttpCommandExecutor.execute(HttpCommandExecutor.java:187)
at org.openqa.selenium.remote.TracedCommandExecutor.execute(TracedCommandExecutor.java:53)
at org.openqa.selenium.remote.RemoteWebDriver.execute(RemoteWebDriver.java:544)
at org.openqa.selenium.remote.RemoteWebDriver.startSession(RemoteWebDriver.java:244)
at org.openqa.selenium.remote.RemoteWebDriver.<init>(RemoteWebDriver.java:173)
at org.openqa.selenium.remote.RemoteWebDriver.<init>(RemoteWebDriver.java:151)
at lambdaTestTestng.base.BaseClass.setUp(BaseClass.java:37)
at java.base/java.util.concurrent.Executors$RunnableAdapter.call(Executors.java:572)
at java.base/java.util.concurrent.FutureTask.run(FutureTask.java:317)
at java.base/java.util.concurrent.ThreadPoolExecutor.runWorker(ThreadPoolExecutor.java:1144)
at java.base/java.util.concurrent.ThreadPoolExecutor$Worker.run(ThreadPoolExecutor.java:642)
at java.base/java.lang.Thread.run(Thread.java:1583)
... Removed 9 stack frames]]>
    </failure>
  </testcase> <!-- @BeforeClass setUp -->
  <testcase classname="lambdaTestTestng.base.BaseClass" name="@AfterClass testClosure" time="0.0">
    <skipped/>
  </testcase> <!-- @AfterClass testClosure -->
  <testcase classname="lambdaTestTestng.lambdatestscenarios.LambdaTestScenario1" name="ts01" time="0.0">
    <skipped/>
  </testcase> <!-- ts01 -->
  <testcase classname="lambdaTestTestng.lambdatestscenarios.LambdaTestScenario3" name="ts3" time="0.0">
    <skipped/>
  </testcase> <!-- ts3 -->
  <testcase classname="lambdaTestTestng.lambdatestscenarios.Lambdatestscenarios2" name="ts02" time="0.0">
    <skipped/>
  </testcase> <!-- ts02 -->
</testsuite> <!-- LambdaTest -->
