<?xml version="1.0" encoding="UTF-8"?>
<!-- Generated by org.testng.reporters.JUnitXMLReporter -->
<testsuite ignored="0" hostname="LIN-5CG5162CM9" failures="0" tests="3" name="Test" time="16.364" errors="0" timestamp="2025-09-24T13:40:22 IST">
  <testcase classname="lambdaTestTestng.base.BaseClass" name="@BeforeClass setup" time="5.865">
    <failure type="org.openqa.selenium.SessionNotCreatedException" message="Could not start a new session. Response code 400. Message: LT01K5XCBJQJZ8G7D07ZNC99V73P-QL59R-AP-SOUTH-1: Error: Could not find a valid browserVersionData. config received, osVersion: win10 browserName: chrome browserVersion: 142.0 Input capabilities : {&amp;quot;DisableXFHeaders&amp;quot;:true,&amp;quot;accessKey&amp;quot;:&amp;quot;**************************************************&amp;quot;,&amp;quot;browserName&amp;quot;:&amp;quot;chrome&amp;quot;,&amp;quot;build&amp;quot;:&amp;quot;Untitled&amp;quot;,&amp;quot;console&amp;quot;:&amp;quot;false&amp;quot;,&amp;quot;enableNetworkThrottling&amp;quot;:false,&amp;quot;extendedDebuging&amp;quot;:true,&amp;quot;goog:chromeOptions&amp;quot;:{&amp;quot;args&amp;quot;:[],&amp;quot;extensions&amp;quot;:[&amp;quot;User Defined Extensions&amp;quot;]},&amp;quot;headless&amp;quot;:false,&amp;quot;hubVersion&amp;quot;:&amp;quot;v3.1.9-merger&amp;quot;,&amp;quot;isRealMobile&amp;quot;:false,&amp;quot;jwp&amp;quot;:false,&amp;quot;loggingPrefs&amp;quot;:{&amp;quot;browser&amp;quot;:&amp;quot;ALL&amp;quot;,&amp;quot;driver&amp;quot;:&amp;quot;ALL&amp;quot;,&amp;quot;performance&amp;quot;:&amp;quot;ALL&amp;quot;,&amp;quot;server&amp;quot;:&amp;quot;ALL&amp;quot;},&amp;quot;lt:options&amp;quot;:{&amp;quot;accessKey&amp;quot;:&amp;quot;**************************************************&amp;quot;,&amp;quot;project&amp;quot;:&amp;quot;Lambdatesting&amp;quot;,&amp;quot;selenium_version&amp;quot;:&amp;quot;4.0.0&amp;quot;,&amp;quot;user&amp;quot;:&amp;quot;******************************&amp;quot;,&amp;quot;w3c&amp;quot;:true},&amp;quot;mode&amp;quot;:&amp;quot;cloud&amp;quot;,&amp;quot;network&amp;quot;:false,&amp;quot;performance&amp;quot;:false,&amp;quot;platform&amp;quot;:&amp;quot;win10&amp;quot;,&amp;quot;platformName&amp;quot;:&amp;quot;win10&amp;quot;,&amp;quot;projectName&amp;quot;:&amp;quot;Lambdatesting&amp;quot;,&amp;quot;resolution&amp;quot;:&amp;quot;1920x1080&amp;quot;,&amp;quot;selenium_version&amp;quot;:&amp;quot;4.0.0&amp;quot;,&amp;quot;tunnel&amp;quot;:false,&amp;quot;tunnelIdentifier&amp;quot;:&amp;quot;&amp;quot;,&amp;quot;user&amp;quot;:&amp;quot;******************************&amp;quot;,&amp;quot;userAgent&amp;quot;:&amp;quot;selenium/4.34.0 (java windows)&amp;quot;,&amp;quot;verboseWebDriverLogging&amp;quot;:false,&amp;quot;version&amp;quot;:&amp;quot;142.0&amp;quot;,&amp;quot;video&amp;quot;:true,&amp;quot;visual&amp;quot;:false,&amp;quot;w3c&amp;quot;:true,&amp;quot;webdriverMode&amp;quot;:true} 
Host info: host: &amp;apos;LIN-5CG5162CM9&amp;apos;, ip: &amp;apos;192.168.1.7&amp;apos;
Build info: version: &amp;apos;4.34.0&amp;apos;, revision: &amp;apos;707dcb4246*&amp;apos;
System info: os.name: &amp;apos;Windows 11&amp;apos;, os.arch: &amp;apos;amd64&amp;apos;, os.version: &amp;apos;10.0&amp;apos;, java.version: &amp;apos;21.0.7&amp;apos;
Driver info: org.openqa.selenium.remote.RemoteWebDriver
Command: [null, newSession {capabilities=[Capabilities {LT:Options: {accessKey: LT_U9QUwERvCXqr5BD6XD6Xty0R..., project: Lambdatesting, selenium_version: 4.0.0, user: m-naveen.b.kumar@capgemini.com, w3c: true}, browserName: chrome, browserVersion: 142.0, goog:chromeOptions: {args: [], extensions: []}, platformName: Windows 10}]}]
Capabilities {LT:Options: {accessKey: LT_U9QUwERvCXqr5BD6XD6Xty0R..., project: Lambdatesting, selenium_version: 4.0.0, user: m-naveen.b.kumar@capgemini.com, w3c: true}, browserName: chrome, browserVersion: 142.0, goog:chromeOptions: {args: [], extensions: []}, platformName: Windows 10}">
      <![CDATA[org.openqa.selenium.SessionNotCreatedException: Could not start a new session. Response code 400. Message: LT01K5XCBJQJZ8G7D07ZNC99V73P-QL59R-AP-SOUTH-1: Error: Could not find a valid browserVersionData. config received, osVersion: win10 browserName: chrome browserVersion: 142.0 Input capabilities : {"DisableXFHeaders":true,"accessKey":"**************************************************","browserName":"chrome","build":"Untitled","console":"false","enableNetworkThrottling":false,"extendedDebuging":true,"goog:chromeOptions":{"args":[],"extensions":["User Defined Extensions"]},"headless":false,"hubVersion":"v3.1.9-merger","isRealMobile":false,"jwp":false,"loggingPrefs":{"browser":"ALL","driver":"ALL","performance":"ALL","server":"ALL"},"lt:options":{"accessKey":"**************************************************","project":"Lambdatesting","selenium_version":"4.0.0","user":"******************************","w3c":true},"mode":"cloud","network":false,"performance":false,"platform":"win10","platformName":"win10","projectName":"Lambdatesting","resolution":"1920x1080","selenium_version":"4.0.0","tunnel":false,"tunnelIdentifier":"","user":"******************************","userAgent":"selenium/4.34.0 (java windows)","verboseWebDriverLogging":false,"version":"142.0","video":true,"visual":false,"w3c":true,"webdriverMode":true} 
Host info: host: 'LIN-5CG5162CM9', ip: '192.168.1.7'
Build info: version: '4.34.0', revision: '707dcb4246*'
System info: os.name: 'Windows 11', os.arch: 'amd64', os.version: '10.0', java.version: '21.0.7'
Driver info: org.openqa.selenium.remote.RemoteWebDriver
Command: [null, newSession {capabilities=[Capabilities {LT:Options: {accessKey: LT_U9QUwERvCXqr5BD6XD6Xty0R..., project: Lambdatesting, selenium_version: 4.0.0, user: m-naveen.b.kumar@capgemini.com, w3c: true}, browserName: chrome, browserVersion: 142.0, goog:chromeOptions: {args: [], extensions: []}, platformName: Windows 10}]}]
Capabilities {LT:Options: {accessKey: LT_U9QUwERvCXqr5BD6XD6Xty0R..., project: Lambdatesting, selenium_version: 4.0.0, user: m-naveen.b.kumar@capgemini.com, w3c: true}, browserName: chrome, browserVersion: 142.0, goog:chromeOptions: {args: [], extensions: []}, platformName: Windows 10}
at org.openqa.selenium.remote.ProtocolHandshake.createSession(ProtocolHandshake.java:114)
at org.openqa.selenium.remote.ProtocolHandshake.createSession(ProtocolHandshake.java:75)
at org.openqa.selenium.remote.ProtocolHandshake.createSession(ProtocolHandshake.java:61)
at org.openqa.selenium.remote.HttpCommandExecutor.execute(HttpCommandExecutor.java:187)
at org.openqa.selenium.remote.TracedCommandExecutor.execute(TracedCommandExecutor.java:53)
at org.openqa.selenium.remote.RemoteWebDriver.execute(RemoteWebDriver.java:544)
at org.openqa.selenium.remote.RemoteWebDriver.startSession(RemoteWebDriver.java:244)
at org.openqa.selenium.remote.RemoteWebDriver.<init>(RemoteWebDriver.java:173)
at org.openqa.selenium.remote.RemoteWebDriver.<init>(RemoteWebDriver.java:151)
at lambdaTestTestng.base.BaseClass.setup(BaseClass.java:38)
at java.base/java.util.ArrayList.forEach(ArrayList.java:1596)
at java.base/java.util.concurrent.FutureTask.run(FutureTask.java:317)
at java.base/java.util.concurrent.ThreadPoolExecutor.runWorker(ThreadPoolExecutor.java:1144)
at java.base/java.util.concurrent.ThreadPoolExecutor$Worker.run(ThreadPoolExecutor.java:642)
at java.base/java.lang.Thread.run(Thread.java:1583)
... Removed 13 stack frames]]>
    </failure>
  </testcase> <!-- @BeforeClass setup -->
  <testcase classname="lambdaTestTestng.base.BaseClass" name="@AfterClass testClosure" time="0.0">
    <skipped/>
  </testcase> <!-- @AfterClass testClosure -->
  <testcase classname="lambdaTestTestng.base.BaseClass" name="@BeforeClass setup" time="4.293">
    <failure type="org.openqa.selenium.SessionNotCreatedException" message="Could not start a new session. Response code 400. Message: LT01K5XCBQ7EEKVFJKKV2WSF6M98-BSHM2-AP-SOUTH-1: Error: Could not find a valid browserVersionData. config received, osVersion: win10 browserName: chrome browserVersion: 142.0 Input capabilities : {&amp;quot;DisableXFHeaders&amp;quot;:true,&amp;quot;accessKey&amp;quot;:&amp;quot;**************************************************&amp;quot;,&amp;quot;browserName&amp;quot;:&amp;quot;chrome&amp;quot;,&amp;quot;build&amp;quot;:&amp;quot;Untitled&amp;quot;,&amp;quot;console&amp;quot;:&amp;quot;false&amp;quot;,&amp;quot;enableNetworkThrottling&amp;quot;:false,&amp;quot;extendedDebuging&amp;quot;:true,&amp;quot;goog:chromeOptions&amp;quot;:{&amp;quot;args&amp;quot;:[],&amp;quot;extensions&amp;quot;:[&amp;quot;User Defined Extensions&amp;quot;]},&amp;quot;headless&amp;quot;:false,&amp;quot;hubVersion&amp;quot;:&amp;quot;v3.1.9-merger&amp;quot;,&amp;quot;isRealMobile&amp;quot;:false,&amp;quot;jwp&amp;quot;:false,&amp;quot;loggingPrefs&amp;quot;:{&amp;quot;browser&amp;quot;:&amp;quot;ALL&amp;quot;,&amp;quot;driver&amp;quot;:&amp;quot;ALL&amp;quot;,&amp;quot;performance&amp;quot;:&amp;quot;ALL&amp;quot;,&amp;quot;server&amp;quot;:&amp;quot;ALL&amp;quot;},&amp;quot;lt:options&amp;quot;:{&amp;quot;accessKey&amp;quot;:&amp;quot;**************************************************&amp;quot;,&amp;quot;project&amp;quot;:&amp;quot;Lambdatesting&amp;quot;,&amp;quot;selenium_version&amp;quot;:&amp;quot;4.0.0&amp;quot;,&amp;quot;user&amp;quot;:&amp;quot;******************************&amp;quot;,&amp;quot;w3c&amp;quot;:true},&amp;quot;mode&amp;quot;:&amp;quot;cloud&amp;quot;,&amp;quot;network&amp;quot;:false,&amp;quot;performance&amp;quot;:false,&amp;quot;platform&amp;quot;:&amp;quot;win10&amp;quot;,&amp;quot;platformName&amp;quot;:&amp;quot;win10&amp;quot;,&amp;quot;projectName&amp;quot;:&amp;quot;Lambdatesting&amp;quot;,&amp;quot;resolution&amp;quot;:&amp;quot;1920x1080&amp;quot;,&amp;quot;selenium_version&amp;quot;:&amp;quot;4.0.0&amp;quot;,&amp;quot;tunnel&amp;quot;:false,&amp;quot;tunnelIdentifier&amp;quot;:&amp;quot;&amp;quot;,&amp;quot;user&amp;quot;:&amp;quot;******************************&amp;quot;,&amp;quot;userAgent&amp;quot;:&amp;quot;selenium/4.34.0 (java windows)&amp;quot;,&amp;quot;verboseWebDriverLogging&amp;quot;:false,&amp;quot;version&amp;quot;:&amp;quot;142.0&amp;quot;,&amp;quot;video&amp;quot;:true,&amp;quot;visual&amp;quot;:false,&amp;quot;w3c&amp;quot;:true,&amp;quot;webdriverMode&amp;quot;:true} 
Host info: host: &amp;apos;LIN-5CG5162CM9&amp;apos;, ip: &amp;apos;192.168.1.7&amp;apos;
Build info: version: &amp;apos;4.34.0&amp;apos;, revision: &amp;apos;707dcb4246*&amp;apos;
System info: os.name: &amp;apos;Windows 11&amp;apos;, os.arch: &amp;apos;amd64&amp;apos;, os.version: &amp;apos;10.0&amp;apos;, java.version: &amp;apos;21.0.7&amp;apos;
Driver info: org.openqa.selenium.remote.RemoteWebDriver
Command: [null, newSession {capabilities=[Capabilities {LT:Options: {accessKey: LT_U9QUwERvCXqr5BD6XD6Xty0R..., project: Lambdatesting, selenium_version: 4.0.0, user: m-naveen.b.kumar@capgemini.com, w3c: true}, browserName: chrome, browserVersion: 142.0, goog:chromeOptions: {args: [], extensions: []}, platformName: Windows 10}]}]
Capabilities {LT:Options: {accessKey: LT_U9QUwERvCXqr5BD6XD6Xty0R..., project: Lambdatesting, selenium_version: 4.0.0, user: m-naveen.b.kumar@capgemini.com, w3c: true}, browserName: chrome, browserVersion: 142.0, goog:chromeOptions: {args: [], extensions: []}, platformName: Windows 10}">
      <![CDATA[org.openqa.selenium.SessionNotCreatedException: Could not start a new session. Response code 400. Message: LT01K5XCBQ7EEKVFJKKV2WSF6M98-BSHM2-AP-SOUTH-1: Error: Could not find a valid browserVersionData. config received, osVersion: win10 browserName: chrome browserVersion: 142.0 Input capabilities : {"DisableXFHeaders":true,"accessKey":"**************************************************","browserName":"chrome","build":"Untitled","console":"false","enableNetworkThrottling":false,"extendedDebuging":true,"goog:chromeOptions":{"args":[],"extensions":["User Defined Extensions"]},"headless":false,"hubVersion":"v3.1.9-merger","isRealMobile":false,"jwp":false,"loggingPrefs":{"browser":"ALL","driver":"ALL","performance":"ALL","server":"ALL"},"lt:options":{"accessKey":"**************************************************","project":"Lambdatesting","selenium_version":"4.0.0","user":"******************************","w3c":true},"mode":"cloud","network":false,"performance":false,"platform":"win10","platformName":"win10","projectName":"Lambdatesting","resolution":"1920x1080","selenium_version":"4.0.0","tunnel":false,"tunnelIdentifier":"","user":"******************************","userAgent":"selenium/4.34.0 (java windows)","verboseWebDriverLogging":false,"version":"142.0","video":true,"visual":false,"w3c":true,"webdriverMode":true} 
Host info: host: 'LIN-5CG5162CM9', ip: '192.168.1.7'
Build info: version: '4.34.0', revision: '707dcb4246*'
System info: os.name: 'Windows 11', os.arch: 'amd64', os.version: '10.0', java.version: '21.0.7'
Driver info: org.openqa.selenium.remote.RemoteWebDriver
Command: [null, newSession {capabilities=[Capabilities {LT:Options: {accessKey: LT_U9QUwERvCXqr5BD6XD6Xty0R..., project: Lambdatesting, selenium_version: 4.0.0, user: m-naveen.b.kumar@capgemini.com, w3c: true}, browserName: chrome, browserVersion: 142.0, goog:chromeOptions: {args: [], extensions: []}, platformName: Windows 10}]}]
Capabilities {LT:Options: {accessKey: LT_U9QUwERvCXqr5BD6XD6Xty0R..., project: Lambdatesting, selenium_version: 4.0.0, user: m-naveen.b.kumar@capgemini.com, w3c: true}, browserName: chrome, browserVersion: 142.0, goog:chromeOptions: {args: [], extensions: []}, platformName: Windows 10}
at org.openqa.selenium.remote.ProtocolHandshake.createSession(ProtocolHandshake.java:114)
at org.openqa.selenium.remote.ProtocolHandshake.createSession(ProtocolHandshake.java:75)
at org.openqa.selenium.remote.ProtocolHandshake.createSession(ProtocolHandshake.java:61)
at org.openqa.selenium.remote.HttpCommandExecutor.execute(HttpCommandExecutor.java:187)
at org.openqa.selenium.remote.TracedCommandExecutor.execute(TracedCommandExecutor.java:53)
at org.openqa.selenium.remote.RemoteWebDriver.execute(RemoteWebDriver.java:544)
at org.openqa.selenium.remote.RemoteWebDriver.startSession(RemoteWebDriver.java:244)
at org.openqa.selenium.remote.RemoteWebDriver.<init>(RemoteWebDriver.java:173)
at org.openqa.selenium.remote.RemoteWebDriver.<init>(RemoteWebDriver.java:151)
at lambdaTestTestng.base.BaseClass.setup(BaseClass.java:38)
at java.base/java.util.ArrayList.forEach(ArrayList.java:1596)
at java.base/java.util.concurrent.FutureTask.run(FutureTask.java:317)
at java.base/java.util.concurrent.ThreadPoolExecutor.runWorker(ThreadPoolExecutor.java:1144)
at java.base/java.util.concurrent.ThreadPoolExecutor$Worker.run(ThreadPoolExecutor.java:642)
at java.base/java.lang.Thread.run(Thread.java:1583)
... Removed 13 stack frames]]>
    </failure>
  </testcase> <!-- @BeforeClass setup -->
  <testcase classname="lambdaTestTestng.base.BaseClass" name="@AfterClass testClosure" time="0.0">
    <skipped/>
  </testcase> <!-- @AfterClass testClosure -->
  <testcase classname="lambdaTestTestng.base.BaseClass" name="@BeforeClass setup" time="6.089">
    <failure type="org.openqa.selenium.SessionNotCreatedException" message="Could not start a new session. Response code 400. Message: LT01K5XCBVEAKTXH7RH3JZQH9G6S-HKKJH-AP-SOUTH-1: Error: Could not find a valid browserVersionData. config received, osVersion: win10 browserName: chrome browserVersion: 142.0 Input capabilities : {&amp;quot;DisableXFHeaders&amp;quot;:true,&amp;quot;accessKey&amp;quot;:&amp;quot;**************************************************&amp;quot;,&amp;quot;browserName&amp;quot;:&amp;quot;chrome&amp;quot;,&amp;quot;build&amp;quot;:&amp;quot;Untitled&amp;quot;,&amp;quot;console&amp;quot;:&amp;quot;false&amp;quot;,&amp;quot;enableNetworkThrottling&amp;quot;:false,&amp;quot;extendedDebuging&amp;quot;:true,&amp;quot;goog:chromeOptions&amp;quot;:{&amp;quot;args&amp;quot;:[],&amp;quot;extensions&amp;quot;:[&amp;quot;User Defined Extensions&amp;quot;]},&amp;quot;headless&amp;quot;:false,&amp;quot;hubVersion&amp;quot;:&amp;quot;v3.1.9-merger&amp;quot;,&amp;quot;isRealMobile&amp;quot;:false,&amp;quot;jwp&amp;quot;:false,&amp;quot;loggingPrefs&amp;quot;:{&amp;quot;browser&amp;quot;:&amp;quot;ALL&amp;quot;,&amp;quot;driver&amp;quot;:&amp;quot;ALL&amp;quot;,&amp;quot;performance&amp;quot;:&amp;quot;ALL&amp;quot;,&amp;quot;server&amp;quot;:&amp;quot;ALL&amp;quot;},&amp;quot;lt:options&amp;quot;:{&amp;quot;accessKey&amp;quot;:&amp;quot;**************************************************&amp;quot;,&amp;quot;project&amp;quot;:&amp;quot;Lambdatesting&amp;quot;,&amp;quot;selenium_version&amp;quot;:&amp;quot;4.0.0&amp;quot;,&amp;quot;user&amp;quot;:&amp;quot;******************************&amp;quot;,&amp;quot;w3c&amp;quot;:true},&amp;quot;mode&amp;quot;:&amp;quot;cloud&amp;quot;,&amp;quot;network&amp;quot;:false,&amp;quot;performance&amp;quot;:false,&amp;quot;platform&amp;quot;:&amp;quot;win10&amp;quot;,&amp;quot;platformName&amp;quot;:&amp;quot;win10&amp;quot;,&amp;quot;projectName&amp;quot;:&amp;quot;Lambdatesting&amp;quot;,&amp;quot;resolution&amp;quot;:&amp;quot;1920x1080&amp;quot;,&amp;quot;selenium_version&amp;quot;:&amp;quot;4.0.0&amp;quot;,&amp;quot;tunnel&amp;quot;:false,&amp;quot;tunnelIdentifier&amp;quot;:&amp;quot;&amp;quot;,&amp;quot;user&amp;quot;:&amp;quot;******************************&amp;quot;,&amp;quot;userAgent&amp;quot;:&amp;quot;selenium/4.34.0 (java windows)&amp;quot;,&amp;quot;verboseWebDriverLogging&amp;quot;:false,&amp;quot;version&amp;quot;:&amp;quot;142.0&amp;quot;,&amp;quot;video&amp;quot;:true,&amp;quot;visual&amp;quot;:false,&amp;quot;w3c&amp;quot;:true,&amp;quot;webdriverMode&amp;quot;:true} 
Host info: host: &amp;apos;LIN-5CG5162CM9&amp;apos;, ip: &amp;apos;192.168.1.7&amp;apos;
Build info: version: &amp;apos;4.34.0&amp;apos;, revision: &amp;apos;707dcb4246*&amp;apos;
System info: os.name: &amp;apos;Windows 11&amp;apos;, os.arch: &amp;apos;amd64&amp;apos;, os.version: &amp;apos;10.0&amp;apos;, java.version: &amp;apos;21.0.7&amp;apos;
Driver info: org.openqa.selenium.remote.RemoteWebDriver
Command: [null, newSession {capabilities=[Capabilities {LT:Options: {accessKey: LT_U9QUwERvCXqr5BD6XD6Xty0R..., project: Lambdatesting, selenium_version: 4.0.0, user: m-naveen.b.kumar@capgemini.com, w3c: true}, browserName: chrome, browserVersion: 142.0, goog:chromeOptions: {args: [], extensions: []}, platformName: Windows 10}]}]
Capabilities {LT:Options: {accessKey: LT_U9QUwERvCXqr5BD6XD6Xty0R..., project: Lambdatesting, selenium_version: 4.0.0, user: m-naveen.b.kumar@capgemini.com, w3c: true}, browserName: chrome, browserVersion: 142.0, goog:chromeOptions: {args: [], extensions: []}, platformName: Windows 10}">
      <![CDATA[org.openqa.selenium.SessionNotCreatedException: Could not start a new session. Response code 400. Message: LT01K5XCBVEAKTXH7RH3JZQH9G6S-HKKJH-AP-SOUTH-1: Error: Could not find a valid browserVersionData. config received, osVersion: win10 browserName: chrome browserVersion: 142.0 Input capabilities : {"DisableXFHeaders":true,"accessKey":"**************************************************","browserName":"chrome","build":"Untitled","console":"false","enableNetworkThrottling":false,"extendedDebuging":true,"goog:chromeOptions":{"args":[],"extensions":["User Defined Extensions"]},"headless":false,"hubVersion":"v3.1.9-merger","isRealMobile":false,"jwp":false,"loggingPrefs":{"browser":"ALL","driver":"ALL","performance":"ALL","server":"ALL"},"lt:options":{"accessKey":"**************************************************","project":"Lambdatesting","selenium_version":"4.0.0","user":"******************************","w3c":true},"mode":"cloud","network":false,"performance":false,"platform":"win10","platformName":"win10","projectName":"Lambdatesting","resolution":"1920x1080","selenium_version":"4.0.0","tunnel":false,"tunnelIdentifier":"","user":"******************************","userAgent":"selenium/4.34.0 (java windows)","verboseWebDriverLogging":false,"version":"142.0","video":true,"visual":false,"w3c":true,"webdriverMode":true} 
Host info: host: 'LIN-5CG5162CM9', ip: '192.168.1.7'
Build info: version: '4.34.0', revision: '707dcb4246*'
System info: os.name: 'Windows 11', os.arch: 'amd64', os.version: '10.0', java.version: '21.0.7'
Driver info: org.openqa.selenium.remote.RemoteWebDriver
Command: [null, newSession {capabilities=[Capabilities {LT:Options: {accessKey: LT_U9QUwERvCXqr5BD6XD6Xty0R..., project: Lambdatesting, selenium_version: 4.0.0, user: m-naveen.b.kumar@capgemini.com, w3c: true}, browserName: chrome, browserVersion: 142.0, goog:chromeOptions: {args: [], extensions: []}, platformName: Windows 10}]}]
Capabilities {LT:Options: {accessKey: LT_U9QUwERvCXqr5BD6XD6Xty0R..., project: Lambdatesting, selenium_version: 4.0.0, user: m-naveen.b.kumar@capgemini.com, w3c: true}, browserName: chrome, browserVersion: 142.0, goog:chromeOptions: {args: [], extensions: []}, platformName: Windows 10}
at org.openqa.selenium.remote.ProtocolHandshake.createSession(ProtocolHandshake.java:114)
at org.openqa.selenium.remote.ProtocolHandshake.createSession(ProtocolHandshake.java:75)
at org.openqa.selenium.remote.ProtocolHandshake.createSession(ProtocolHandshake.java:61)
at org.openqa.selenium.remote.HttpCommandExecutor.execute(HttpCommandExecutor.java:187)
at org.openqa.selenium.remote.TracedCommandExecutor.execute(TracedCommandExecutor.java:53)
at org.openqa.selenium.remote.RemoteWebDriver.execute(RemoteWebDriver.java:544)
at org.openqa.selenium.remote.RemoteWebDriver.startSession(RemoteWebDriver.java:244)
at org.openqa.selenium.remote.RemoteWebDriver.<init>(RemoteWebDriver.java:173)
at org.openqa.selenium.remote.RemoteWebDriver.<init>(RemoteWebDriver.java:151)
at lambdaTestTestng.base.BaseClass.setup(BaseClass.java:38)
at java.base/java.util.ArrayList.forEach(ArrayList.java:1596)
at java.base/java.util.concurrent.FutureTask.run(FutureTask.java:317)
at java.base/java.util.concurrent.ThreadPoolExecutor.runWorker(ThreadPoolExecutor.java:1144)
at java.base/java.util.concurrent.ThreadPoolExecutor$Worker.run(ThreadPoolExecutor.java:642)
at java.base/java.lang.Thread.run(Thread.java:1583)
... Removed 13 stack frames]]>
    </failure>
  </testcase> <!-- @BeforeClass setup -->
  <testcase classname="lambdaTestTestng.base.BaseClass" name="@AfterClass testClosure" time="0.0">
    <skipped/>
  </testcase> <!-- @AfterClass testClosure -->
  <testcase classname="lambdaTestTestng.lambdatestscenarios.Lambdatestscenarios2" name="ts02" time="0.0">
    <skipped/>
  </testcase> <!-- ts02 -->
  <testcase classname="lambdaTestTestng.lambdatestscenarios.LambdaTestScenario3" name="ts3" time="0.0">
    <skipped/>
  </testcase> <!-- ts3 -->
  <testcase classname="lambdaTestTestng.lambdatestscenarios.LambdaTestScenario1" name="ts01" time="0.0">
    <skipped/>
  </testcase> <!-- ts01 -->
</testsuite> <!-- Test -->
