<html>
<head>
<title>TestNG:  Test</title>
<link href="../testng.css" rel="stylesheet" type="text/css" />
<link href="../my-testng.css" rel="stylesheet" type="text/css" />

<style type="text/css">
.log { display: none;} 
.stack-trace { display: none;} 
</style>
<script type="text/javascript">
<!--
function flip(e) {
  current = e.style.display;
  if (current == 'block') {
    e.style.display = 'none';
    return 0;
  }
  else {
    e.style.display = 'block';
    return 1;
  }
}

function toggleBox(szDivId, elem, msg1, msg2)
{
  var res = -1;  if (document.getElementById) {
    res = flip(document.getElementById(szDivId));
  }
  else if (document.all) {
    // this is the way old msie versions work
    res = flip(document.all[szDivId]);
  }
  if(elem) {
    if(res == 0) elem.innerHTML = msg1; else elem.innerHTML = msg2;
  }

}

function toggleAllBoxes() {
  if (document.getElementsByTagName) {
    d = document.getElementsByTagName('div');
    for (i = 0; i < d.length; i++) {
      if (d[i].className == 'log') {
        flip(d[i]);
      }
    }
  }
}

// -->
</script>

</head>
<body>
<h2 align='center'>Test</h2><table border='1' align="center">
<tr>
<td>Tests passed/Failed/Skipped:</td><td>0/0/3</td>
</tr><tr>
<td>Started on:</td><td>Wed Sep 24 13:40:06 IST 2025</td>
</tr>
<tr><td>Total time:</td><td>16 seconds (16364 ms)</td>
</tr><tr>
<td>Included groups:</td><td></td>
</tr><tr>
<td>Excluded groups:</td><td></td>
</tr>
</table><p/>
<small><i>(Hover the method name to see the test class name)</i></small><p/>
<table width='100%' border='1' class='invocation-failed'>
<tr><td colspan='4' align='center'><b>FAILED CONFIGURATIONS</b></td></tr>
<tr><td><b>Test method</b></td>
<td><b>Attribute(s)</b></td>
<td width="30%"><b>Exception</b></td>
<td width="10%"><b>Time (seconds)</b></td>
<td><b>Instance</b></td>
</tr>
<tr>
<td title='lambdaTestTestng.lambdatestscenarios.LambdaTestScenario1.setup()'><b>setup</b><br>Test class: lambdaTestTestng.lambdatestscenarios.LambdaTestScenario1<br>Parameters: Chrome, 142.0, Windows 10</td>
<td><div><pre>org.openqa.selenium.SessionNotCreatedException: Could not start a new session. Response code 400. Message: LT01K5XCBVEAKTXH7RH3JZQH9G6S-HKKJH-AP-SOUTH-1: Error: Could not find a valid browserVersionData. config received, osVersion: win10 browserName: chrome browserVersion: 142.0 Input capabilities : {&quot;DisableXFHeaders&quot;:true,&quot;accessKey&quot;:&quot;**************************************************&quot;,&quot;browserName&quot;:&quot;chrome&quot;,&quot;build&quot;:&quot;Untitled&quot;,&quot;console&quot;:&quot;false&quot;,&quot;enableNetworkThrottling&quot;:false,&quot;extendedDebuging&quot;:true,&quot;goog:chromeOptions&quot;:{&quot;args&quot;:[],&quot;extensions&quot;:[&quot;User Defined Extensions&quot;]},&quot;headless&quot;:false,&quot;hubVersion&quot;:&quot;v3.1.9-merger&quot;,&quot;isRealMobile&quot;:false,&quot;jwp&quot;:false,&quot;loggingPrefs&quot;:{&quot;browser&quot;:&quot;ALL&quot;,&quot;driver&quot;:&quot;ALL&quot;,&quot;performance&quot;:&quot;ALL&quot;,&quot;server&quot;:&quot;ALL&quot;},&quot;lt:options&quot;:{&quot;accessKey&quot;:&quot;**************************************************&quot;,&quot;project&quot;:&quot;Lambdatesting&quot;,&quot;selenium_version&quot;:&quot;4.0.0&quot;,&quot;user&quot;:&quot;******************************&quot;,&quot;w3c&quot;:true},&quot;mode&quot;:&quot;cloud&quot;,&quot;network&quot;:false,&quot;performance&quot;:false,&quot;platform&quot;:&quot;win10&quot;,&quot;platformName&quot;:&quot;win10&quot;,&quot;projectName&quot;:&quot;Lambdatesting&quot;,&quot;resolution&quot;:&quot;1920x1080&quot;,&quot;selenium_version&quot;:&quot;4.0.0&quot;,&quot;tunnel&quot;:false,&quot;tunnelIdentifier&quot;:&quot;&quot;,&quot;user&quot;:&quot;******************************&quot;,&quot;userAgent&quot;:&quot;selenium/4.34.0 (java windows)&quot;,&quot;verboseWebDriverLogging&quot;:false,&quot;version&quot;:&quot;142.0&quot;,&quot;video&quot;:true,&quot;visual&quot;:false,&quot;w3c&quot;:true,&quot;webdriverMode&quot;:true} 
Host info: host: &apos;LIN-5CG5162CM9&apos;, ip: &apos;192.168.1.7&apos;
Build info: version: &apos;4.34.0&apos;, revision: &apos;707dcb4246*&apos;
System info: os.name: &apos;Windows 11&apos;, os.arch: &apos;amd64&apos;, os.version: &apos;10.0&apos;, java.version: &apos;21.0.7&apos;
Driver info: org.openqa.selenium.remote.RemoteWebDriver
Command: [null, newSession {capabilities=[Capabilities {LT:Options: {accessKey: LT_U9QUwERvCXqr5BD6XD6Xty0R..., project: Lambdatesting, selenium_version: 4.0.0, user: m-naveen.b.kumar@capgemini.com, w3c: true}, browserName: chrome, browserVersion: 142.0, goog:chromeOptions: {args: [], extensions: []}, platformName: Windows 10}]}]
Capabilities {LT:Options: {accessKey: LT_U9QUwERvCXqr5BD6XD6Xty0R..., project: Lambdatesting, selenium_version: 4.0.0, user: m-naveen.b.kumar@capgemini.com, w3c: true}, browserName: chrome, browserVersion: 142.0, goog:chromeOptions: {args: [], extensions: []}, platformName: Windows 10}
	at org.openqa.selenium.remote.ProtocolHandshake.createSession(ProtocolHandshake.java:114)
	at org.openqa.selenium.remote.ProtocolHandshake.createSession(ProtocolHandshake.java:75)
	at org.openqa.selenium.remote.ProtocolHandshake.createSession(ProtocolHandshake.java:61)
	at org.openqa.selenium.remote.HttpCommandExecutor.execute(HttpCommandExecutor.java:187)
	at org.openqa.selenium.remote.TracedCommandExecutor.execute(TracedCommandExecutor.java:53)
	at org.openqa.selenium.remote.RemoteWebDriver.execute(RemoteWebDriver.java:544)
	at org.openqa.selenium.remote.RemoteWebDriver.startSession(RemoteWebDriver.java:244)
	at org.openqa.selenium.remote.RemoteWebDriver.&lt;init&gt;(RemoteWebDriver.java:173)
	at org.openqa.selenium.remote.RemoteWebDriver.&lt;init&gt;(RemoteWebDriver.java:151)
	at lambdaTestTestng.base.BaseClass.setup(BaseClass.java:38)
	at java.base/java.util.ArrayList.forEach(ArrayList.java:1596)
	at java.base/java.util.concurrent.FutureTask.run(FutureTask.java:317)
	at java.base/java.util.concurrent.ThreadPoolExecutor.runWorker(ThreadPoolExecutor.java:1144)
	at java.base/java.util.concurrent.ThreadPoolExecutor$Worker.run(ThreadPoolExecutor.java:642)
	at java.base/java.lang.Thread.run(Thread.java:1583)
... Removed 13 stack frames</pre></div><a href='#' onClick='toggleBox("stack-trace2097967610", this, "Click to show all stack frames", "Click to hide stack frames")'>Click to show all stack frames</a>
<div class='stack-trace' id='stack-trace2097967610'><pre>org.openqa.selenium.SessionNotCreatedException: Could not start a new session. Response code 400. Message: LT01K5XCBVEAKTXH7RH3JZQH9G6S-HKKJH-AP-SOUTH-1: Error: Could not find a valid browserVersionData. config received, osVersion: win10 browserName: chrome browserVersion: 142.0 Input capabilities : {&quot;DisableXFHeaders&quot;:true,&quot;accessKey&quot;:&quot;**************************************************&quot;,&quot;browserName&quot;:&quot;chrome&quot;,&quot;build&quot;:&quot;Untitled&quot;,&quot;console&quot;:&quot;false&quot;,&quot;enableNetworkThrottling&quot;:false,&quot;extendedDebuging&quot;:true,&quot;goog:chromeOptions&quot;:{&quot;args&quot;:[],&quot;extensions&quot;:[&quot;User Defined Extensions&quot;]},&quot;headless&quot;:false,&quot;hubVersion&quot;:&quot;v3.1.9-merger&quot;,&quot;isRealMobile&quot;:false,&quot;jwp&quot;:false,&quot;loggingPrefs&quot;:{&quot;browser&quot;:&quot;ALL&quot;,&quot;driver&quot;:&quot;ALL&quot;,&quot;performance&quot;:&quot;ALL&quot;,&quot;server&quot;:&quot;ALL&quot;},&quot;lt:options&quot;:{&quot;accessKey&quot;:&quot;**************************************************&quot;,&quot;project&quot;:&quot;Lambdatesting&quot;,&quot;selenium_version&quot;:&quot;4.0.0&quot;,&quot;user&quot;:&quot;******************************&quot;,&quot;w3c&quot;:true},&quot;mode&quot;:&quot;cloud&quot;,&quot;network&quot;:false,&quot;performance&quot;:false,&quot;platform&quot;:&quot;win10&quot;,&quot;platformName&quot;:&quot;win10&quot;,&quot;projectName&quot;:&quot;Lambdatesting&quot;,&quot;resolution&quot;:&quot;1920x1080&quot;,&quot;selenium_version&quot;:&quot;4.0.0&quot;,&quot;tunnel&quot;:false,&quot;tunnelIdentifier&quot;:&quot;&quot;,&quot;user&quot;:&quot;******************************&quot;,&quot;userAgent&quot;:&quot;selenium/4.34.0 (java windows)&quot;,&quot;verboseWebDriverLogging&quot;:false,&quot;version&quot;:&quot;142.0&quot;,&quot;video&quot;:true,&quot;visual&quot;:false,&quot;w3c&quot;:true,&quot;webdriverMode&quot;:true} 
Host info: host: &apos;LIN-5CG5162CM9&apos;, ip: &apos;192.168.1.7&apos;
Build info: version: &apos;4.34.0&apos;, revision: &apos;707dcb4246*&apos;
System info: os.name: &apos;Windows 11&apos;, os.arch: &apos;amd64&apos;, os.version: &apos;10.0&apos;, java.version: &apos;21.0.7&apos;
Driver info: org.openqa.selenium.remote.RemoteWebDriver
Command: [null, newSession {capabilities=[Capabilities {LT:Options: {accessKey: LT_U9QUwERvCXqr5BD6XD6Xty0R..., project: Lambdatesting, selenium_version: 4.0.0, user: m-naveen.b.kumar@capgemini.com, w3c: true}, browserName: chrome, browserVersion: 142.0, goog:chromeOptions: {args: [], extensions: []}, platformName: Windows 10}]}]
Capabilities {LT:Options: {accessKey: LT_U9QUwERvCXqr5BD6XD6Xty0R..., project: Lambdatesting, selenium_version: 4.0.0, user: m-naveen.b.kumar@capgemini.com, w3c: true}, browserName: chrome, browserVersion: 142.0, goog:chromeOptions: {args: [], extensions: []}, platformName: Windows 10}
	at org.openqa.selenium.remote.ProtocolHandshake.createSession(ProtocolHandshake.java:114)
	at org.openqa.selenium.remote.ProtocolHandshake.createSession(ProtocolHandshake.java:75)
	at org.openqa.selenium.remote.ProtocolHandshake.createSession(ProtocolHandshake.java:61)
	at org.openqa.selenium.remote.HttpCommandExecutor.execute(HttpCommandExecutor.java:187)
	at org.openqa.selenium.remote.TracedCommandExecutor.execute(TracedCommandExecutor.java:53)
	at org.openqa.selenium.remote.RemoteWebDriver.execute(RemoteWebDriver.java:544)
	at org.openqa.selenium.remote.RemoteWebDriver.startSession(RemoteWebDriver.java:244)
	at org.openqa.selenium.remote.RemoteWebDriver.&lt;init&gt;(RemoteWebDriver.java:173)
	at org.openqa.selenium.remote.RemoteWebDriver.&lt;init&gt;(RemoteWebDriver.java:151)
	at lambdaTestTestng.base.BaseClass.setup(BaseClass.java:38)
	at java.base/jdk.internal.reflect.DirectMethodHandleAccessor.invoke(DirectMethodHandleAccessor.java:103)
	at java.base/java.lang.reflect.Method.invoke(Method.java:580)
	at org.testng.internal.invokers.MethodInvocationHelper.invokeMethod(MethodInvocationHelper.java:141)
	at org.testng.internal.invokers.MethodInvocationHelper.invokeMethodConsideringTimeout(MethodInvocationHelper.java:71)
	at org.testng.internal.invokers.ConfigInvoker.invokeConfigurationMethod(ConfigInvoker.java:400)
	at org.testng.internal.invokers.ConfigInvoker.invokeConfigurations(ConfigInvoker.java:333)
	at org.testng.internal.invokers.TestMethodWorker.invokeBeforeClassMethods(TestMethodWorker.java:188)
	at org.testng.internal.invokers.TestMethodWorker.run(TestMethodWorker.java:128)
	at java.base/java.util.ArrayList.forEach(ArrayList.java:1596)
	at org.testng.TestRunner.privateRun(TestRunner.java:741)
	at org.testng.TestRunner.run(TestRunner.java:616)
	at org.testng.SuiteRunner.runTest(SuiteRunner.java:421)
	at org.testng.SuiteRunner$SuiteWorker.run(SuiteRunner.java:463)
	at org.testng.internal.thread.ThreadUtil.lambda$execute$0(ThreadUtil.java:64)
	at java.base/java.util.concurrent.FutureTask.run(FutureTask.java:317)
	at java.base/java.util.concurrent.ThreadPoolExecutor.runWorker(ThreadPoolExecutor.java:1144)
	at java.base/java.util.concurrent.ThreadPoolExecutor$Worker.run(ThreadPoolExecutor.java:642)
	at java.base/java.lang.Thread.run(Thread.java:1583)
</pre></div></td>
<td>6</td>
<td>lambdaTestTestng.lambdatestscenarios.LambdaTestScenario1@65e98b1c</td></tr>
<tr>
<td title='lambdaTestTestng.lambdatestscenarios.Lambdatestscenarios2.setup()'><b>setup</b><br>Test class: lambdaTestTestng.lambdatestscenarios.Lambdatestscenarios2<br>Parameters: Chrome, 142.0, Windows 10</td>
<td><div><pre>org.openqa.selenium.SessionNotCreatedException: Could not start a new session. Response code 400. Message: LT01K5XCBJQJZ8G7D07ZNC99V73P-QL59R-AP-SOUTH-1: Error: Could not find a valid browserVersionData. config received, osVersion: win10 browserName: chrome browserVersion: 142.0 Input capabilities : {&quot;DisableXFHeaders&quot;:true,&quot;accessKey&quot;:&quot;**************************************************&quot;,&quot;browserName&quot;:&quot;chrome&quot;,&quot;build&quot;:&quot;Untitled&quot;,&quot;console&quot;:&quot;false&quot;,&quot;enableNetworkThrottling&quot;:false,&quot;extendedDebuging&quot;:true,&quot;goog:chromeOptions&quot;:{&quot;args&quot;:[],&quot;extensions&quot;:[&quot;User Defined Extensions&quot;]},&quot;headless&quot;:false,&quot;hubVersion&quot;:&quot;v3.1.9-merger&quot;,&quot;isRealMobile&quot;:false,&quot;jwp&quot;:false,&quot;loggingPrefs&quot;:{&quot;browser&quot;:&quot;ALL&quot;,&quot;driver&quot;:&quot;ALL&quot;,&quot;performance&quot;:&quot;ALL&quot;,&quot;server&quot;:&quot;ALL&quot;},&quot;lt:options&quot;:{&quot;accessKey&quot;:&quot;**************************************************&quot;,&quot;project&quot;:&quot;Lambdatesting&quot;,&quot;selenium_version&quot;:&quot;4.0.0&quot;,&quot;user&quot;:&quot;******************************&quot;,&quot;w3c&quot;:true},&quot;mode&quot;:&quot;cloud&quot;,&quot;network&quot;:false,&quot;performance&quot;:false,&quot;platform&quot;:&quot;win10&quot;,&quot;platformName&quot;:&quot;win10&quot;,&quot;projectName&quot;:&quot;Lambdatesting&quot;,&quot;resolution&quot;:&quot;1920x1080&quot;,&quot;selenium_version&quot;:&quot;4.0.0&quot;,&quot;tunnel&quot;:false,&quot;tunnelIdentifier&quot;:&quot;&quot;,&quot;user&quot;:&quot;******************************&quot;,&quot;userAgent&quot;:&quot;selenium/4.34.0 (java windows)&quot;,&quot;verboseWebDriverLogging&quot;:false,&quot;version&quot;:&quot;142.0&quot;,&quot;video&quot;:true,&quot;visual&quot;:false,&quot;w3c&quot;:true,&quot;webdriverMode&quot;:true} 
Host info: host: &apos;LIN-5CG5162CM9&apos;, ip: &apos;192.168.1.7&apos;
Build info: version: &apos;4.34.0&apos;, revision: &apos;707dcb4246*&apos;
System info: os.name: &apos;Windows 11&apos;, os.arch: &apos;amd64&apos;, os.version: &apos;10.0&apos;, java.version: &apos;21.0.7&apos;
Driver info: org.openqa.selenium.remote.RemoteWebDriver
Command: [null, newSession {capabilities=[Capabilities {LT:Options: {accessKey: LT_U9QUwERvCXqr5BD6XD6Xty0R..., project: Lambdatesting, selenium_version: 4.0.0, user: m-naveen.b.kumar@capgemini.com, w3c: true}, browserName: chrome, browserVersion: 142.0, goog:chromeOptions: {args: [], extensions: []}, platformName: Windows 10}]}]
Capabilities {LT:Options: {accessKey: LT_U9QUwERvCXqr5BD6XD6Xty0R..., project: Lambdatesting, selenium_version: 4.0.0, user: m-naveen.b.kumar@capgemini.com, w3c: true}, browserName: chrome, browserVersion: 142.0, goog:chromeOptions: {args: [], extensions: []}, platformName: Windows 10}
	at org.openqa.selenium.remote.ProtocolHandshake.createSession(ProtocolHandshake.java:114)
	at org.openqa.selenium.remote.ProtocolHandshake.createSession(ProtocolHandshake.java:75)
	at org.openqa.selenium.remote.ProtocolHandshake.createSession(ProtocolHandshake.java:61)
	at org.openqa.selenium.remote.HttpCommandExecutor.execute(HttpCommandExecutor.java:187)
	at org.openqa.selenium.remote.TracedCommandExecutor.execute(TracedCommandExecutor.java:53)
	at org.openqa.selenium.remote.RemoteWebDriver.execute(RemoteWebDriver.java:544)
	at org.openqa.selenium.remote.RemoteWebDriver.startSession(RemoteWebDriver.java:244)
	at org.openqa.selenium.remote.RemoteWebDriver.&lt;init&gt;(RemoteWebDriver.java:173)
	at org.openqa.selenium.remote.RemoteWebDriver.&lt;init&gt;(RemoteWebDriver.java:151)
	at lambdaTestTestng.base.BaseClass.setup(BaseClass.java:38)
	at java.base/java.util.ArrayList.forEach(ArrayList.java:1596)
	at java.base/java.util.concurrent.FutureTask.run(FutureTask.java:317)
	at java.base/java.util.concurrent.ThreadPoolExecutor.runWorker(ThreadPoolExecutor.java:1144)
	at java.base/java.util.concurrent.ThreadPoolExecutor$Worker.run(ThreadPoolExecutor.java:642)
	at java.base/java.lang.Thread.run(Thread.java:1583)
... Removed 13 stack frames</pre></div><a href='#' onClick='toggleBox("stack-trace1605207780", this, "Click to show all stack frames", "Click to hide stack frames")'>Click to show all stack frames</a>
<div class='stack-trace' id='stack-trace1605207780'><pre>org.openqa.selenium.SessionNotCreatedException: Could not start a new session. Response code 400. Message: LT01K5XCBJQJZ8G7D07ZNC99V73P-QL59R-AP-SOUTH-1: Error: Could not find a valid browserVersionData. config received, osVersion: win10 browserName: chrome browserVersion: 142.0 Input capabilities : {&quot;DisableXFHeaders&quot;:true,&quot;accessKey&quot;:&quot;**************************************************&quot;,&quot;browserName&quot;:&quot;chrome&quot;,&quot;build&quot;:&quot;Untitled&quot;,&quot;console&quot;:&quot;false&quot;,&quot;enableNetworkThrottling&quot;:false,&quot;extendedDebuging&quot;:true,&quot;goog:chromeOptions&quot;:{&quot;args&quot;:[],&quot;extensions&quot;:[&quot;User Defined Extensions&quot;]},&quot;headless&quot;:false,&quot;hubVersion&quot;:&quot;v3.1.9-merger&quot;,&quot;isRealMobile&quot;:false,&quot;jwp&quot;:false,&quot;loggingPrefs&quot;:{&quot;browser&quot;:&quot;ALL&quot;,&quot;driver&quot;:&quot;ALL&quot;,&quot;performance&quot;:&quot;ALL&quot;,&quot;server&quot;:&quot;ALL&quot;},&quot;lt:options&quot;:{&quot;accessKey&quot;:&quot;**************************************************&quot;,&quot;project&quot;:&quot;Lambdatesting&quot;,&quot;selenium_version&quot;:&quot;4.0.0&quot;,&quot;user&quot;:&quot;******************************&quot;,&quot;w3c&quot;:true},&quot;mode&quot;:&quot;cloud&quot;,&quot;network&quot;:false,&quot;performance&quot;:false,&quot;platform&quot;:&quot;win10&quot;,&quot;platformName&quot;:&quot;win10&quot;,&quot;projectName&quot;:&quot;Lambdatesting&quot;,&quot;resolution&quot;:&quot;1920x1080&quot;,&quot;selenium_version&quot;:&quot;4.0.0&quot;,&quot;tunnel&quot;:false,&quot;tunnelIdentifier&quot;:&quot;&quot;,&quot;user&quot;:&quot;******************************&quot;,&quot;userAgent&quot;:&quot;selenium/4.34.0 (java windows)&quot;,&quot;verboseWebDriverLogging&quot;:false,&quot;version&quot;:&quot;142.0&quot;,&quot;video&quot;:true,&quot;visual&quot;:false,&quot;w3c&quot;:true,&quot;webdriverMode&quot;:true} 
Host info: host: &apos;LIN-5CG5162CM9&apos;, ip: &apos;192.168.1.7&apos;
Build info: version: &apos;4.34.0&apos;, revision: &apos;707dcb4246*&apos;
System info: os.name: &apos;Windows 11&apos;, os.arch: &apos;amd64&apos;, os.version: &apos;10.0&apos;, java.version: &apos;21.0.7&apos;
Driver info: org.openqa.selenium.remote.RemoteWebDriver
Command: [null, newSession {capabilities=[Capabilities {LT:Options: {accessKey: LT_U9QUwERvCXqr5BD6XD6Xty0R..., project: Lambdatesting, selenium_version: 4.0.0, user: m-naveen.b.kumar@capgemini.com, w3c: true}, browserName: chrome, browserVersion: 142.0, goog:chromeOptions: {args: [], extensions: []}, platformName: Windows 10}]}]
Capabilities {LT:Options: {accessKey: LT_U9QUwERvCXqr5BD6XD6Xty0R..., project: Lambdatesting, selenium_version: 4.0.0, user: m-naveen.b.kumar@capgemini.com, w3c: true}, browserName: chrome, browserVersion: 142.0, goog:chromeOptions: {args: [], extensions: []}, platformName: Windows 10}
	at org.openqa.selenium.remote.ProtocolHandshake.createSession(ProtocolHandshake.java:114)
	at org.openqa.selenium.remote.ProtocolHandshake.createSession(ProtocolHandshake.java:75)
	at org.openqa.selenium.remote.ProtocolHandshake.createSession(ProtocolHandshake.java:61)
	at org.openqa.selenium.remote.HttpCommandExecutor.execute(HttpCommandExecutor.java:187)
	at org.openqa.selenium.remote.TracedCommandExecutor.execute(TracedCommandExecutor.java:53)
	at org.openqa.selenium.remote.RemoteWebDriver.execute(RemoteWebDriver.java:544)
	at org.openqa.selenium.remote.RemoteWebDriver.startSession(RemoteWebDriver.java:244)
	at org.openqa.selenium.remote.RemoteWebDriver.&lt;init&gt;(RemoteWebDriver.java:173)
	at org.openqa.selenium.remote.RemoteWebDriver.&lt;init&gt;(RemoteWebDriver.java:151)
	at lambdaTestTestng.base.BaseClass.setup(BaseClass.java:38)
	at java.base/jdk.internal.reflect.DirectMethodHandleAccessor.invoke(DirectMethodHandleAccessor.java:103)
	at java.base/java.lang.reflect.Method.invoke(Method.java:580)
	at org.testng.internal.invokers.MethodInvocationHelper.invokeMethod(MethodInvocationHelper.java:141)
	at org.testng.internal.invokers.MethodInvocationHelper.invokeMethodConsideringTimeout(MethodInvocationHelper.java:71)
	at org.testng.internal.invokers.ConfigInvoker.invokeConfigurationMethod(ConfigInvoker.java:400)
	at org.testng.internal.invokers.ConfigInvoker.invokeConfigurations(ConfigInvoker.java:333)
	at org.testng.internal.invokers.TestMethodWorker.invokeBeforeClassMethods(TestMethodWorker.java:188)
	at org.testng.internal.invokers.TestMethodWorker.run(TestMethodWorker.java:128)
	at java.base/java.util.ArrayList.forEach(ArrayList.java:1596)
	at org.testng.TestRunner.privateRun(TestRunner.java:741)
	at org.testng.TestRunner.run(TestRunner.java:616)
	at org.testng.SuiteRunner.runTest(SuiteRunner.java:421)
	at org.testng.SuiteRunner$SuiteWorker.run(SuiteRunner.java:463)
	at org.testng.internal.thread.ThreadUtil.lambda$execute$0(ThreadUtil.java:64)
	at java.base/java.util.concurrent.FutureTask.run(FutureTask.java:317)
	at java.base/java.util.concurrent.ThreadPoolExecutor.runWorker(ThreadPoolExecutor.java:1144)
	at java.base/java.util.concurrent.ThreadPoolExecutor$Worker.run(ThreadPoolExecutor.java:642)
	at java.base/java.lang.Thread.run(Thread.java:1583)
</pre></div></td>
<td>5</td>
<td>lambdaTestTestng.lambdatestscenarios.Lambdatestscenarios2@752325ad</td></tr>
<tr>
<td title='lambdaTestTestng.lambdatestscenarios.LambdaTestScenario3.setup()'><b>setup</b><br>Test class: lambdaTestTestng.lambdatestscenarios.LambdaTestScenario3<br>Parameters: Chrome, 142.0, Windows 10</td>
<td><div><pre>org.openqa.selenium.SessionNotCreatedException: Could not start a new session. Response code 400. Message: LT01K5XCBQ7EEKVFJKKV2WSF6M98-BSHM2-AP-SOUTH-1: Error: Could not find a valid browserVersionData. config received, osVersion: win10 browserName: chrome browserVersion: 142.0 Input capabilities : {&quot;DisableXFHeaders&quot;:true,&quot;accessKey&quot;:&quot;**************************************************&quot;,&quot;browserName&quot;:&quot;chrome&quot;,&quot;build&quot;:&quot;Untitled&quot;,&quot;console&quot;:&quot;false&quot;,&quot;enableNetworkThrottling&quot;:false,&quot;extendedDebuging&quot;:true,&quot;goog:chromeOptions&quot;:{&quot;args&quot;:[],&quot;extensions&quot;:[&quot;User Defined Extensions&quot;]},&quot;headless&quot;:false,&quot;hubVersion&quot;:&quot;v3.1.9-merger&quot;,&quot;isRealMobile&quot;:false,&quot;jwp&quot;:false,&quot;loggingPrefs&quot;:{&quot;browser&quot;:&quot;ALL&quot;,&quot;driver&quot;:&quot;ALL&quot;,&quot;performance&quot;:&quot;ALL&quot;,&quot;server&quot;:&quot;ALL&quot;},&quot;lt:options&quot;:{&quot;accessKey&quot;:&quot;**************************************************&quot;,&quot;project&quot;:&quot;Lambdatesting&quot;,&quot;selenium_version&quot;:&quot;4.0.0&quot;,&quot;user&quot;:&quot;******************************&quot;,&quot;w3c&quot;:true},&quot;mode&quot;:&quot;cloud&quot;,&quot;network&quot;:false,&quot;performance&quot;:false,&quot;platform&quot;:&quot;win10&quot;,&quot;platformName&quot;:&quot;win10&quot;,&quot;projectName&quot;:&quot;Lambdatesting&quot;,&quot;resolution&quot;:&quot;1920x1080&quot;,&quot;selenium_version&quot;:&quot;4.0.0&quot;,&quot;tunnel&quot;:false,&quot;tunnelIdentifier&quot;:&quot;&quot;,&quot;user&quot;:&quot;******************************&quot;,&quot;userAgent&quot;:&quot;selenium/4.34.0 (java windows)&quot;,&quot;verboseWebDriverLogging&quot;:false,&quot;version&quot;:&quot;142.0&quot;,&quot;video&quot;:true,&quot;visual&quot;:false,&quot;w3c&quot;:true,&quot;webdriverMode&quot;:true} 
Host info: host: &apos;LIN-5CG5162CM9&apos;, ip: &apos;192.168.1.7&apos;
Build info: version: &apos;4.34.0&apos;, revision: &apos;707dcb4246*&apos;
System info: os.name: &apos;Windows 11&apos;, os.arch: &apos;amd64&apos;, os.version: &apos;10.0&apos;, java.version: &apos;21.0.7&apos;
Driver info: org.openqa.selenium.remote.RemoteWebDriver
Command: [null, newSession {capabilities=[Capabilities {LT:Options: {accessKey: LT_U9QUwERvCXqr5BD6XD6Xty0R..., project: Lambdatesting, selenium_version: 4.0.0, user: m-naveen.b.kumar@capgemini.com, w3c: true}, browserName: chrome, browserVersion: 142.0, goog:chromeOptions: {args: [], extensions: []}, platformName: Windows 10}]}]
Capabilities {LT:Options: {accessKey: LT_U9QUwERvCXqr5BD6XD6Xty0R..., project: Lambdatesting, selenium_version: 4.0.0, user: m-naveen.b.kumar@capgemini.com, w3c: true}, browserName: chrome, browserVersion: 142.0, goog:chromeOptions: {args: [], extensions: []}, platformName: Windows 10}
	at org.openqa.selenium.remote.ProtocolHandshake.createSession(ProtocolHandshake.java:114)
	at org.openqa.selenium.remote.ProtocolHandshake.createSession(ProtocolHandshake.java:75)
	at org.openqa.selenium.remote.ProtocolHandshake.createSession(ProtocolHandshake.java:61)
	at org.openqa.selenium.remote.HttpCommandExecutor.execute(HttpCommandExecutor.java:187)
	at org.openqa.selenium.remote.TracedCommandExecutor.execute(TracedCommandExecutor.java:53)
	at org.openqa.selenium.remote.RemoteWebDriver.execute(RemoteWebDriver.java:544)
	at org.openqa.selenium.remote.RemoteWebDriver.startSession(RemoteWebDriver.java:244)
	at org.openqa.selenium.remote.RemoteWebDriver.&lt;init&gt;(RemoteWebDriver.java:173)
	at org.openqa.selenium.remote.RemoteWebDriver.&lt;init&gt;(RemoteWebDriver.java:151)
	at lambdaTestTestng.base.BaseClass.setup(BaseClass.java:38)
	at java.base/java.util.ArrayList.forEach(ArrayList.java:1596)
	at java.base/java.util.concurrent.FutureTask.run(FutureTask.java:317)
	at java.base/java.util.concurrent.ThreadPoolExecutor.runWorker(ThreadPoolExecutor.java:1144)
	at java.base/java.util.concurrent.ThreadPoolExecutor$Worker.run(ThreadPoolExecutor.java:642)
	at java.base/java.lang.Thread.run(Thread.java:1583)
... Removed 13 stack frames</pre></div><a href='#' onClick='toggleBox("stack-trace933035120", this, "Click to show all stack frames", "Click to hide stack frames")'>Click to show all stack frames</a>
<div class='stack-trace' id='stack-trace933035120'><pre>org.openqa.selenium.SessionNotCreatedException: Could not start a new session. Response code 400. Message: LT01K5XCBQ7EEKVFJKKV2WSF6M98-BSHM2-AP-SOUTH-1: Error: Could not find a valid browserVersionData. config received, osVersion: win10 browserName: chrome browserVersion: 142.0 Input capabilities : {&quot;DisableXFHeaders&quot;:true,&quot;accessKey&quot;:&quot;**************************************************&quot;,&quot;browserName&quot;:&quot;chrome&quot;,&quot;build&quot;:&quot;Untitled&quot;,&quot;console&quot;:&quot;false&quot;,&quot;enableNetworkThrottling&quot;:false,&quot;extendedDebuging&quot;:true,&quot;goog:chromeOptions&quot;:{&quot;args&quot;:[],&quot;extensions&quot;:[&quot;User Defined Extensions&quot;]},&quot;headless&quot;:false,&quot;hubVersion&quot;:&quot;v3.1.9-merger&quot;,&quot;isRealMobile&quot;:false,&quot;jwp&quot;:false,&quot;loggingPrefs&quot;:{&quot;browser&quot;:&quot;ALL&quot;,&quot;driver&quot;:&quot;ALL&quot;,&quot;performance&quot;:&quot;ALL&quot;,&quot;server&quot;:&quot;ALL&quot;},&quot;lt:options&quot;:{&quot;accessKey&quot;:&quot;**************************************************&quot;,&quot;project&quot;:&quot;Lambdatesting&quot;,&quot;selenium_version&quot;:&quot;4.0.0&quot;,&quot;user&quot;:&quot;******************************&quot;,&quot;w3c&quot;:true},&quot;mode&quot;:&quot;cloud&quot;,&quot;network&quot;:false,&quot;performance&quot;:false,&quot;platform&quot;:&quot;win10&quot;,&quot;platformName&quot;:&quot;win10&quot;,&quot;projectName&quot;:&quot;Lambdatesting&quot;,&quot;resolution&quot;:&quot;1920x1080&quot;,&quot;selenium_version&quot;:&quot;4.0.0&quot;,&quot;tunnel&quot;:false,&quot;tunnelIdentifier&quot;:&quot;&quot;,&quot;user&quot;:&quot;******************************&quot;,&quot;userAgent&quot;:&quot;selenium/4.34.0 (java windows)&quot;,&quot;verboseWebDriverLogging&quot;:false,&quot;version&quot;:&quot;142.0&quot;,&quot;video&quot;:true,&quot;visual&quot;:false,&quot;w3c&quot;:true,&quot;webdriverMode&quot;:true} 
Host info: host: &apos;LIN-5CG5162CM9&apos;, ip: &apos;192.168.1.7&apos;
Build info: version: &apos;4.34.0&apos;, revision: &apos;707dcb4246*&apos;
System info: os.name: &apos;Windows 11&apos;, os.arch: &apos;amd64&apos;, os.version: &apos;10.0&apos;, java.version: &apos;21.0.7&apos;
Driver info: org.openqa.selenium.remote.RemoteWebDriver
Command: [null, newSession {capabilities=[Capabilities {LT:Options: {accessKey: LT_U9QUwERvCXqr5BD6XD6Xty0R..., project: Lambdatesting, selenium_version: 4.0.0, user: m-naveen.b.kumar@capgemini.com, w3c: true}, browserName: chrome, browserVersion: 142.0, goog:chromeOptions: {args: [], extensions: []}, platformName: Windows 10}]}]
Capabilities {LT:Options: {accessKey: LT_U9QUwERvCXqr5BD6XD6Xty0R..., project: Lambdatesting, selenium_version: 4.0.0, user: m-naveen.b.kumar@capgemini.com, w3c: true}, browserName: chrome, browserVersion: 142.0, goog:chromeOptions: {args: [], extensions: []}, platformName: Windows 10}
	at org.openqa.selenium.remote.ProtocolHandshake.createSession(ProtocolHandshake.java:114)
	at org.openqa.selenium.remote.ProtocolHandshake.createSession(ProtocolHandshake.java:75)
	at org.openqa.selenium.remote.ProtocolHandshake.createSession(ProtocolHandshake.java:61)
	at org.openqa.selenium.remote.HttpCommandExecutor.execute(HttpCommandExecutor.java:187)
	at org.openqa.selenium.remote.TracedCommandExecutor.execute(TracedCommandExecutor.java:53)
	at org.openqa.selenium.remote.RemoteWebDriver.execute(RemoteWebDriver.java:544)
	at org.openqa.selenium.remote.RemoteWebDriver.startSession(RemoteWebDriver.java:244)
	at org.openqa.selenium.remote.RemoteWebDriver.&lt;init&gt;(RemoteWebDriver.java:173)
	at org.openqa.selenium.remote.RemoteWebDriver.&lt;init&gt;(RemoteWebDriver.java:151)
	at lambdaTestTestng.base.BaseClass.setup(BaseClass.java:38)
	at java.base/jdk.internal.reflect.DirectMethodHandleAccessor.invoke(DirectMethodHandleAccessor.java:103)
	at java.base/java.lang.reflect.Method.invoke(Method.java:580)
	at org.testng.internal.invokers.MethodInvocationHelper.invokeMethod(MethodInvocationHelper.java:141)
	at org.testng.internal.invokers.MethodInvocationHelper.invokeMethodConsideringTimeout(MethodInvocationHelper.java:71)
	at org.testng.internal.invokers.ConfigInvoker.invokeConfigurationMethod(ConfigInvoker.java:400)
	at org.testng.internal.invokers.ConfigInvoker.invokeConfigurations(ConfigInvoker.java:333)
	at org.testng.internal.invokers.TestMethodWorker.invokeBeforeClassMethods(TestMethodWorker.java:188)
	at org.testng.internal.invokers.TestMethodWorker.run(TestMethodWorker.java:128)
	at java.base/java.util.ArrayList.forEach(ArrayList.java:1596)
	at org.testng.TestRunner.privateRun(TestRunner.java:741)
	at org.testng.TestRunner.run(TestRunner.java:616)
	at org.testng.SuiteRunner.runTest(SuiteRunner.java:421)
	at org.testng.SuiteRunner$SuiteWorker.run(SuiteRunner.java:463)
	at org.testng.internal.thread.ThreadUtil.lambda$execute$0(ThreadUtil.java:64)
	at java.base/java.util.concurrent.FutureTask.run(FutureTask.java:317)
	at java.base/java.util.concurrent.ThreadPoolExecutor.runWorker(ThreadPoolExecutor.java:1144)
	at java.base/java.util.concurrent.ThreadPoolExecutor$Worker.run(ThreadPoolExecutor.java:642)
	at java.base/java.lang.Thread.run(Thread.java:1583)
</pre></div></td>
<td>4</td>
<td>lambdaTestTestng.lambdatestscenarios.LambdaTestScenario3@1ff4931d</td></tr>
</table><p>
<table width='100%' border='1' class='invocation-skipped'>
<tr><td colspan='4' align='center'><b>SKIPPED CONFIGURATIONS</b></td></tr>
<tr><td><b>Test method</b></td>
<td><b>Attribute(s)</b></td>
<td width="30%"><b>Exception</b></td>
<td width="10%"><b>Time (seconds)</b></td>
<td><b>Instance</b></td>
</tr>
<tr>
<td title='lambdaTestTestng.lambdatestscenarios.LambdaTestScenario1.testClosure()'><b>testClosure</b><br>Test class: lambdaTestTestng.lambdatestscenarios.LambdaTestScenario1</td>
<td></td>
<td>0</td>
<td>lambdaTestTestng.lambdatestscenarios.LambdaTestScenario1@65e98b1c</td></tr>
<tr>
<td title='lambdaTestTestng.lambdatestscenarios.Lambdatestscenarios2.testClosure()'><b>testClosure</b><br>Test class: lambdaTestTestng.lambdatestscenarios.Lambdatestscenarios2</td>
<td></td>
<td>0</td>
<td>lambdaTestTestng.lambdatestscenarios.Lambdatestscenarios2@752325ad</td></tr>
<tr>
<td title='lambdaTestTestng.lambdatestscenarios.LambdaTestScenario3.testClosure()'><b>testClosure</b><br>Test class: lambdaTestTestng.lambdatestscenarios.LambdaTestScenario3</td>
<td></td>
<td>0</td>
<td>lambdaTestTestng.lambdatestscenarios.LambdaTestScenario3@1ff4931d</td></tr>
</table><p>
<table width='100%' border='1' class='invocation-skipped'>
<tr><td colspan='4' align='center'><b>SKIPPED TESTS</b></td></tr>
<tr><td><b>Test method</b></td>
<td><b>Attribute(s)</b></td>
<td width="30%"><b>Exception</b></td>
<td width="10%"><b>Time (seconds)</b></td>
<td><b>Instance</b></td>
</tr>
<tr>
<td title='lambdaTestTestng.lambdatestscenarios.Lambdatestscenarios2.ts02()'><b>ts02</b><br>Test class: lambdaTestTestng.lambdatestscenarios.Lambdatestscenarios2</td>
<td><div><pre>org.openqa.selenium.SessionNotCreatedException: Could not start a new session. Response code 400. Message: LT01K5XCBJQJZ8G7D07ZNC99V73P-QL59R-AP-SOUTH-1: Error: Could not find a valid browserVersionData. config received, osVersion: win10 browserName: chrome browserVersion: 142.0 Input capabilities : {&quot;DisableXFHeaders&quot;:true,&quot;accessKey&quot;:&quot;**************************************************&quot;,&quot;browserName&quot;:&quot;chrome&quot;,&quot;build&quot;:&quot;Untitled&quot;,&quot;console&quot;:&quot;false&quot;,&quot;enableNetworkThrottling&quot;:false,&quot;extendedDebuging&quot;:true,&quot;goog:chromeOptions&quot;:{&quot;args&quot;:[],&quot;extensions&quot;:[&quot;User Defined Extensions&quot;]},&quot;headless&quot;:false,&quot;hubVersion&quot;:&quot;v3.1.9-merger&quot;,&quot;isRealMobile&quot;:false,&quot;jwp&quot;:false,&quot;loggingPrefs&quot;:{&quot;browser&quot;:&quot;ALL&quot;,&quot;driver&quot;:&quot;ALL&quot;,&quot;performance&quot;:&quot;ALL&quot;,&quot;server&quot;:&quot;ALL&quot;},&quot;lt:options&quot;:{&quot;accessKey&quot;:&quot;**************************************************&quot;,&quot;project&quot;:&quot;Lambdatesting&quot;,&quot;selenium_version&quot;:&quot;4.0.0&quot;,&quot;user&quot;:&quot;******************************&quot;,&quot;w3c&quot;:true},&quot;mode&quot;:&quot;cloud&quot;,&quot;network&quot;:false,&quot;performance&quot;:false,&quot;platform&quot;:&quot;win10&quot;,&quot;platformName&quot;:&quot;win10&quot;,&quot;projectName&quot;:&quot;Lambdatesting&quot;,&quot;resolution&quot;:&quot;1920x1080&quot;,&quot;selenium_version&quot;:&quot;4.0.0&quot;,&quot;tunnel&quot;:false,&quot;tunnelIdentifier&quot;:&quot;&quot;,&quot;user&quot;:&quot;******************************&quot;,&quot;userAgent&quot;:&quot;selenium/4.34.0 (java windows)&quot;,&quot;verboseWebDriverLogging&quot;:false,&quot;version&quot;:&quot;142.0&quot;,&quot;video&quot;:true,&quot;visual&quot;:false,&quot;w3c&quot;:true,&quot;webdriverMode&quot;:true} 
Host info: host: &apos;LIN-5CG5162CM9&apos;, ip: &apos;192.168.1.7&apos;
Build info: version: &apos;4.34.0&apos;, revision: &apos;707dcb4246*&apos;
System info: os.name: &apos;Windows 11&apos;, os.arch: &apos;amd64&apos;, os.version: &apos;10.0&apos;, java.version: &apos;21.0.7&apos;
Driver info: org.openqa.selenium.remote.RemoteWebDriver
Command: [null, newSession {capabilities=[Capabilities {LT:Options: {accessKey: LT_U9QUwERvCXqr5BD6XD6Xty0R..., project: Lambdatesting, selenium_version: 4.0.0, user: m-naveen.b.kumar@capgemini.com, w3c: true}, browserName: chrome, browserVersion: 142.0, goog:chromeOptions: {args: [], extensions: []}, platformName: Windows 10}]}]
Capabilities {LT:Options: {accessKey: LT_U9QUwERvCXqr5BD6XD6Xty0R..., project: Lambdatesting, selenium_version: 4.0.0, user: m-naveen.b.kumar@capgemini.com, w3c: true}, browserName: chrome, browserVersion: 142.0, goog:chromeOptions: {args: [], extensions: []}, platformName: Windows 10}
	at org.openqa.selenium.remote.ProtocolHandshake.createSession(ProtocolHandshake.java:114)
	at org.openqa.selenium.remote.ProtocolHandshake.createSession(ProtocolHandshake.java:75)
	at org.openqa.selenium.remote.ProtocolHandshake.createSession(ProtocolHandshake.java:61)
	at org.openqa.selenium.remote.HttpCommandExecutor.execute(HttpCommandExecutor.java:187)
	at org.openqa.selenium.remote.TracedCommandExecutor.execute(TracedCommandExecutor.java:53)
	at org.openqa.selenium.remote.RemoteWebDriver.execute(RemoteWebDriver.java:544)
	at org.openqa.selenium.remote.RemoteWebDriver.startSession(RemoteWebDriver.java:244)
	at org.openqa.selenium.remote.RemoteWebDriver.&lt;init&gt;(RemoteWebDriver.java:173)
	at org.openqa.selenium.remote.RemoteWebDriver.&lt;init&gt;(RemoteWebDriver.java:151)
	at lambdaTestTestng.base.BaseClass.setup(BaseClass.java:38)
	at java.base/java.util.ArrayList.forEach(ArrayList.java:1596)
	at java.base/java.util.concurrent.FutureTask.run(FutureTask.java:317)
	at java.base/java.util.concurrent.ThreadPoolExecutor.runWorker(ThreadPoolExecutor.java:1144)
	at java.base/java.util.concurrent.ThreadPoolExecutor$Worker.run(ThreadPoolExecutor.java:642)
	at java.base/java.lang.Thread.run(Thread.java:1583)
... Removed 13 stack frames</pre></div><a href='#' onClick='toggleBox("stack-trace1145571498", this, "Click to show all stack frames", "Click to hide stack frames")'>Click to show all stack frames</a>
<div class='stack-trace' id='stack-trace1145571498'><pre>org.openqa.selenium.SessionNotCreatedException: Could not start a new session. Response code 400. Message: LT01K5XCBJQJZ8G7D07ZNC99V73P-QL59R-AP-SOUTH-1: Error: Could not find a valid browserVersionData. config received, osVersion: win10 browserName: chrome browserVersion: 142.0 Input capabilities : {&quot;DisableXFHeaders&quot;:true,&quot;accessKey&quot;:&quot;**************************************************&quot;,&quot;browserName&quot;:&quot;chrome&quot;,&quot;build&quot;:&quot;Untitled&quot;,&quot;console&quot;:&quot;false&quot;,&quot;enableNetworkThrottling&quot;:false,&quot;extendedDebuging&quot;:true,&quot;goog:chromeOptions&quot;:{&quot;args&quot;:[],&quot;extensions&quot;:[&quot;User Defined Extensions&quot;]},&quot;headless&quot;:false,&quot;hubVersion&quot;:&quot;v3.1.9-merger&quot;,&quot;isRealMobile&quot;:false,&quot;jwp&quot;:false,&quot;loggingPrefs&quot;:{&quot;browser&quot;:&quot;ALL&quot;,&quot;driver&quot;:&quot;ALL&quot;,&quot;performance&quot;:&quot;ALL&quot;,&quot;server&quot;:&quot;ALL&quot;},&quot;lt:options&quot;:{&quot;accessKey&quot;:&quot;**************************************************&quot;,&quot;project&quot;:&quot;Lambdatesting&quot;,&quot;selenium_version&quot;:&quot;4.0.0&quot;,&quot;user&quot;:&quot;******************************&quot;,&quot;w3c&quot;:true},&quot;mode&quot;:&quot;cloud&quot;,&quot;network&quot;:false,&quot;performance&quot;:false,&quot;platform&quot;:&quot;win10&quot;,&quot;platformName&quot;:&quot;win10&quot;,&quot;projectName&quot;:&quot;Lambdatesting&quot;,&quot;resolution&quot;:&quot;1920x1080&quot;,&quot;selenium_version&quot;:&quot;4.0.0&quot;,&quot;tunnel&quot;:false,&quot;tunnelIdentifier&quot;:&quot;&quot;,&quot;user&quot;:&quot;******************************&quot;,&quot;userAgent&quot;:&quot;selenium/4.34.0 (java windows)&quot;,&quot;verboseWebDriverLogging&quot;:false,&quot;version&quot;:&quot;142.0&quot;,&quot;video&quot;:true,&quot;visual&quot;:false,&quot;w3c&quot;:true,&quot;webdriverMode&quot;:true} 
Host info: host: &apos;LIN-5CG5162CM9&apos;, ip: &apos;192.168.1.7&apos;
Build info: version: &apos;4.34.0&apos;, revision: &apos;707dcb4246*&apos;
System info: os.name: &apos;Windows 11&apos;, os.arch: &apos;amd64&apos;, os.version: &apos;10.0&apos;, java.version: &apos;21.0.7&apos;
Driver info: org.openqa.selenium.remote.RemoteWebDriver
Command: [null, newSession {capabilities=[Capabilities {LT:Options: {accessKey: LT_U9QUwERvCXqr5BD6XD6Xty0R..., project: Lambdatesting, selenium_version: 4.0.0, user: m-naveen.b.kumar@capgemini.com, w3c: true}, browserName: chrome, browserVersion: 142.0, goog:chromeOptions: {args: [], extensions: []}, platformName: Windows 10}]}]
Capabilities {LT:Options: {accessKey: LT_U9QUwERvCXqr5BD6XD6Xty0R..., project: Lambdatesting, selenium_version: 4.0.0, user: m-naveen.b.kumar@capgemini.com, w3c: true}, browserName: chrome, browserVersion: 142.0, goog:chromeOptions: {args: [], extensions: []}, platformName: Windows 10}
	at org.openqa.selenium.remote.ProtocolHandshake.createSession(ProtocolHandshake.java:114)
	at org.openqa.selenium.remote.ProtocolHandshake.createSession(ProtocolHandshake.java:75)
	at org.openqa.selenium.remote.ProtocolHandshake.createSession(ProtocolHandshake.java:61)
	at org.openqa.selenium.remote.HttpCommandExecutor.execute(HttpCommandExecutor.java:187)
	at org.openqa.selenium.remote.TracedCommandExecutor.execute(TracedCommandExecutor.java:53)
	at org.openqa.selenium.remote.RemoteWebDriver.execute(RemoteWebDriver.java:544)
	at org.openqa.selenium.remote.RemoteWebDriver.startSession(RemoteWebDriver.java:244)
	at org.openqa.selenium.remote.RemoteWebDriver.&lt;init&gt;(RemoteWebDriver.java:173)
	at org.openqa.selenium.remote.RemoteWebDriver.&lt;init&gt;(RemoteWebDriver.java:151)
	at lambdaTestTestng.base.BaseClass.setup(BaseClass.java:38)
	at java.base/jdk.internal.reflect.DirectMethodHandleAccessor.invoke(DirectMethodHandleAccessor.java:103)
	at java.base/java.lang.reflect.Method.invoke(Method.java:580)
	at org.testng.internal.invokers.MethodInvocationHelper.invokeMethod(MethodInvocationHelper.java:141)
	at org.testng.internal.invokers.MethodInvocationHelper.invokeMethodConsideringTimeout(MethodInvocationHelper.java:71)
	at org.testng.internal.invokers.ConfigInvoker.invokeConfigurationMethod(ConfigInvoker.java:400)
	at org.testng.internal.invokers.ConfigInvoker.invokeConfigurations(ConfigInvoker.java:333)
	at org.testng.internal.invokers.TestMethodWorker.invokeBeforeClassMethods(TestMethodWorker.java:188)
	at org.testng.internal.invokers.TestMethodWorker.run(TestMethodWorker.java:128)
	at java.base/java.util.ArrayList.forEach(ArrayList.java:1596)
	at org.testng.TestRunner.privateRun(TestRunner.java:741)
	at org.testng.TestRunner.run(TestRunner.java:616)
	at org.testng.SuiteRunner.runTest(SuiteRunner.java:421)
	at org.testng.SuiteRunner$SuiteWorker.run(SuiteRunner.java:463)
	at org.testng.internal.thread.ThreadUtil.lambda$execute$0(ThreadUtil.java:64)
	at java.base/java.util.concurrent.FutureTask.run(FutureTask.java:317)
	at java.base/java.util.concurrent.ThreadPoolExecutor.runWorker(ThreadPoolExecutor.java:1144)
	at java.base/java.util.concurrent.ThreadPoolExecutor$Worker.run(ThreadPoolExecutor.java:642)
	at java.base/java.lang.Thread.run(Thread.java:1583)
</pre></div></td>
<td>0</td>
<td>lambdaTestTestng.lambdatestscenarios.Lambdatestscenarios2@752325ad</td></tr>
<tr>
<td title='lambdaTestTestng.lambdatestscenarios.LambdaTestScenario3.ts3()'><b>ts3</b><br>Test class: lambdaTestTestng.lambdatestscenarios.LambdaTestScenario3</td>
<td><div><pre>org.openqa.selenium.SessionNotCreatedException: Could not start a new session. Response code 400. Message: LT01K5XCBQ7EEKVFJKKV2WSF6M98-BSHM2-AP-SOUTH-1: Error: Could not find a valid browserVersionData. config received, osVersion: win10 browserName: chrome browserVersion: 142.0 Input capabilities : {&quot;DisableXFHeaders&quot;:true,&quot;accessKey&quot;:&quot;**************************************************&quot;,&quot;browserName&quot;:&quot;chrome&quot;,&quot;build&quot;:&quot;Untitled&quot;,&quot;console&quot;:&quot;false&quot;,&quot;enableNetworkThrottling&quot;:false,&quot;extendedDebuging&quot;:true,&quot;goog:chromeOptions&quot;:{&quot;args&quot;:[],&quot;extensions&quot;:[&quot;User Defined Extensions&quot;]},&quot;headless&quot;:false,&quot;hubVersion&quot;:&quot;v3.1.9-merger&quot;,&quot;isRealMobile&quot;:false,&quot;jwp&quot;:false,&quot;loggingPrefs&quot;:{&quot;browser&quot;:&quot;ALL&quot;,&quot;driver&quot;:&quot;ALL&quot;,&quot;performance&quot;:&quot;ALL&quot;,&quot;server&quot;:&quot;ALL&quot;},&quot;lt:options&quot;:{&quot;accessKey&quot;:&quot;**************************************************&quot;,&quot;project&quot;:&quot;Lambdatesting&quot;,&quot;selenium_version&quot;:&quot;4.0.0&quot;,&quot;user&quot;:&quot;******************************&quot;,&quot;w3c&quot;:true},&quot;mode&quot;:&quot;cloud&quot;,&quot;network&quot;:false,&quot;performance&quot;:false,&quot;platform&quot;:&quot;win10&quot;,&quot;platformName&quot;:&quot;win10&quot;,&quot;projectName&quot;:&quot;Lambdatesting&quot;,&quot;resolution&quot;:&quot;1920x1080&quot;,&quot;selenium_version&quot;:&quot;4.0.0&quot;,&quot;tunnel&quot;:false,&quot;tunnelIdentifier&quot;:&quot;&quot;,&quot;user&quot;:&quot;******************************&quot;,&quot;userAgent&quot;:&quot;selenium/4.34.0 (java windows)&quot;,&quot;verboseWebDriverLogging&quot;:false,&quot;version&quot;:&quot;142.0&quot;,&quot;video&quot;:true,&quot;visual&quot;:false,&quot;w3c&quot;:true,&quot;webdriverMode&quot;:true} 
Host info: host: &apos;LIN-5CG5162CM9&apos;, ip: &apos;192.168.1.7&apos;
Build info: version: &apos;4.34.0&apos;, revision: &apos;707dcb4246*&apos;
System info: os.name: &apos;Windows 11&apos;, os.arch: &apos;amd64&apos;, os.version: &apos;10.0&apos;, java.version: &apos;21.0.7&apos;
Driver info: org.openqa.selenium.remote.RemoteWebDriver
Command: [null, newSession {capabilities=[Capabilities {LT:Options: {accessKey: LT_U9QUwERvCXqr5BD6XD6Xty0R..., project: Lambdatesting, selenium_version: 4.0.0, user: m-naveen.b.kumar@capgemini.com, w3c: true}, browserName: chrome, browserVersion: 142.0, goog:chromeOptions: {args: [], extensions: []}, platformName: Windows 10}]}]
Capabilities {LT:Options: {accessKey: LT_U9QUwERvCXqr5BD6XD6Xty0R..., project: Lambdatesting, selenium_version: 4.0.0, user: m-naveen.b.kumar@capgemini.com, w3c: true}, browserName: chrome, browserVersion: 142.0, goog:chromeOptions: {args: [], extensions: []}, platformName: Windows 10}
	at org.openqa.selenium.remote.ProtocolHandshake.createSession(ProtocolHandshake.java:114)
	at org.openqa.selenium.remote.ProtocolHandshake.createSession(ProtocolHandshake.java:75)
	at org.openqa.selenium.remote.ProtocolHandshake.createSession(ProtocolHandshake.java:61)
	at org.openqa.selenium.remote.HttpCommandExecutor.execute(HttpCommandExecutor.java:187)
	at org.openqa.selenium.remote.TracedCommandExecutor.execute(TracedCommandExecutor.java:53)
	at org.openqa.selenium.remote.RemoteWebDriver.execute(RemoteWebDriver.java:544)
	at org.openqa.selenium.remote.RemoteWebDriver.startSession(RemoteWebDriver.java:244)
	at org.openqa.selenium.remote.RemoteWebDriver.&lt;init&gt;(RemoteWebDriver.java:173)
	at org.openqa.selenium.remote.RemoteWebDriver.&lt;init&gt;(RemoteWebDriver.java:151)
	at lambdaTestTestng.base.BaseClass.setup(BaseClass.java:38)
	at java.base/java.util.ArrayList.forEach(ArrayList.java:1596)
	at java.base/java.util.concurrent.FutureTask.run(FutureTask.java:317)
	at java.base/java.util.concurrent.ThreadPoolExecutor.runWorker(ThreadPoolExecutor.java:1144)
	at java.base/java.util.concurrent.ThreadPoolExecutor$Worker.run(ThreadPoolExecutor.java:642)
	at java.base/java.lang.Thread.run(Thread.java:1583)
... Removed 13 stack frames</pre></div><a href='#' onClick='toggleBox("stack-trace2131746124", this, "Click to show all stack frames", "Click to hide stack frames")'>Click to show all stack frames</a>
<div class='stack-trace' id='stack-trace2131746124'><pre>org.openqa.selenium.SessionNotCreatedException: Could not start a new session. Response code 400. Message: LT01K5XCBQ7EEKVFJKKV2WSF6M98-BSHM2-AP-SOUTH-1: Error: Could not find a valid browserVersionData. config received, osVersion: win10 browserName: chrome browserVersion: 142.0 Input capabilities : {&quot;DisableXFHeaders&quot;:true,&quot;accessKey&quot;:&quot;**************************************************&quot;,&quot;browserName&quot;:&quot;chrome&quot;,&quot;build&quot;:&quot;Untitled&quot;,&quot;console&quot;:&quot;false&quot;,&quot;enableNetworkThrottling&quot;:false,&quot;extendedDebuging&quot;:true,&quot;goog:chromeOptions&quot;:{&quot;args&quot;:[],&quot;extensions&quot;:[&quot;User Defined Extensions&quot;]},&quot;headless&quot;:false,&quot;hubVersion&quot;:&quot;v3.1.9-merger&quot;,&quot;isRealMobile&quot;:false,&quot;jwp&quot;:false,&quot;loggingPrefs&quot;:{&quot;browser&quot;:&quot;ALL&quot;,&quot;driver&quot;:&quot;ALL&quot;,&quot;performance&quot;:&quot;ALL&quot;,&quot;server&quot;:&quot;ALL&quot;},&quot;lt:options&quot;:{&quot;accessKey&quot;:&quot;**************************************************&quot;,&quot;project&quot;:&quot;Lambdatesting&quot;,&quot;selenium_version&quot;:&quot;4.0.0&quot;,&quot;user&quot;:&quot;******************************&quot;,&quot;w3c&quot;:true},&quot;mode&quot;:&quot;cloud&quot;,&quot;network&quot;:false,&quot;performance&quot;:false,&quot;platform&quot;:&quot;win10&quot;,&quot;platformName&quot;:&quot;win10&quot;,&quot;projectName&quot;:&quot;Lambdatesting&quot;,&quot;resolution&quot;:&quot;1920x1080&quot;,&quot;selenium_version&quot;:&quot;4.0.0&quot;,&quot;tunnel&quot;:false,&quot;tunnelIdentifier&quot;:&quot;&quot;,&quot;user&quot;:&quot;******************************&quot;,&quot;userAgent&quot;:&quot;selenium/4.34.0 (java windows)&quot;,&quot;verboseWebDriverLogging&quot;:false,&quot;version&quot;:&quot;142.0&quot;,&quot;video&quot;:true,&quot;visual&quot;:false,&quot;w3c&quot;:true,&quot;webdriverMode&quot;:true} 
Host info: host: &apos;LIN-5CG5162CM9&apos;, ip: &apos;192.168.1.7&apos;
Build info: version: &apos;4.34.0&apos;, revision: &apos;707dcb4246*&apos;
System info: os.name: &apos;Windows 11&apos;, os.arch: &apos;amd64&apos;, os.version: &apos;10.0&apos;, java.version: &apos;21.0.7&apos;
Driver info: org.openqa.selenium.remote.RemoteWebDriver
Command: [null, newSession {capabilities=[Capabilities {LT:Options: {accessKey: LT_U9QUwERvCXqr5BD6XD6Xty0R..., project: Lambdatesting, selenium_version: 4.0.0, user: m-naveen.b.kumar@capgemini.com, w3c: true}, browserName: chrome, browserVersion: 142.0, goog:chromeOptions: {args: [], extensions: []}, platformName: Windows 10}]}]
Capabilities {LT:Options: {accessKey: LT_U9QUwERvCXqr5BD6XD6Xty0R..., project: Lambdatesting, selenium_version: 4.0.0, user: m-naveen.b.kumar@capgemini.com, w3c: true}, browserName: chrome, browserVersion: 142.0, goog:chromeOptions: {args: [], extensions: []}, platformName: Windows 10}
	at org.openqa.selenium.remote.ProtocolHandshake.createSession(ProtocolHandshake.java:114)
	at org.openqa.selenium.remote.ProtocolHandshake.createSession(ProtocolHandshake.java:75)
	at org.openqa.selenium.remote.ProtocolHandshake.createSession(ProtocolHandshake.java:61)
	at org.openqa.selenium.remote.HttpCommandExecutor.execute(HttpCommandExecutor.java:187)
	at org.openqa.selenium.remote.TracedCommandExecutor.execute(TracedCommandExecutor.java:53)
	at org.openqa.selenium.remote.RemoteWebDriver.execute(RemoteWebDriver.java:544)
	at org.openqa.selenium.remote.RemoteWebDriver.startSession(RemoteWebDriver.java:244)
	at org.openqa.selenium.remote.RemoteWebDriver.&lt;init&gt;(RemoteWebDriver.java:173)
	at org.openqa.selenium.remote.RemoteWebDriver.&lt;init&gt;(RemoteWebDriver.java:151)
	at lambdaTestTestng.base.BaseClass.setup(BaseClass.java:38)
	at java.base/jdk.internal.reflect.DirectMethodHandleAccessor.invoke(DirectMethodHandleAccessor.java:103)
	at java.base/java.lang.reflect.Method.invoke(Method.java:580)
	at org.testng.internal.invokers.MethodInvocationHelper.invokeMethod(MethodInvocationHelper.java:141)
	at org.testng.internal.invokers.MethodInvocationHelper.invokeMethodConsideringTimeout(MethodInvocationHelper.java:71)
	at org.testng.internal.invokers.ConfigInvoker.invokeConfigurationMethod(ConfigInvoker.java:400)
	at org.testng.internal.invokers.ConfigInvoker.invokeConfigurations(ConfigInvoker.java:333)
	at org.testng.internal.invokers.TestMethodWorker.invokeBeforeClassMethods(TestMethodWorker.java:188)
	at org.testng.internal.invokers.TestMethodWorker.run(TestMethodWorker.java:128)
	at java.base/java.util.ArrayList.forEach(ArrayList.java:1596)
	at org.testng.TestRunner.privateRun(TestRunner.java:741)
	at org.testng.TestRunner.run(TestRunner.java:616)
	at org.testng.SuiteRunner.runTest(SuiteRunner.java:421)
	at org.testng.SuiteRunner$SuiteWorker.run(SuiteRunner.java:463)
	at org.testng.internal.thread.ThreadUtil.lambda$execute$0(ThreadUtil.java:64)
	at java.base/java.util.concurrent.FutureTask.run(FutureTask.java:317)
	at java.base/java.util.concurrent.ThreadPoolExecutor.runWorker(ThreadPoolExecutor.java:1144)
	at java.base/java.util.concurrent.ThreadPoolExecutor$Worker.run(ThreadPoolExecutor.java:642)
	at java.base/java.lang.Thread.run(Thread.java:1583)
</pre></div></td>
<td>0</td>
<td>lambdaTestTestng.lambdatestscenarios.LambdaTestScenario3@1ff4931d</td></tr>
<tr>
<td title='lambdaTestTestng.lambdatestscenarios.LambdaTestScenario1.ts01()'><b>ts01</b><br>Test class: lambdaTestTestng.lambdatestscenarios.LambdaTestScenario1</td>
<td><div><pre>org.openqa.selenium.SessionNotCreatedException: Could not start a new session. Response code 400. Message: LT01K5XCBVEAKTXH7RH3JZQH9G6S-HKKJH-AP-SOUTH-1: Error: Could not find a valid browserVersionData. config received, osVersion: win10 browserName: chrome browserVersion: 142.0 Input capabilities : {&quot;DisableXFHeaders&quot;:true,&quot;accessKey&quot;:&quot;**************************************************&quot;,&quot;browserName&quot;:&quot;chrome&quot;,&quot;build&quot;:&quot;Untitled&quot;,&quot;console&quot;:&quot;false&quot;,&quot;enableNetworkThrottling&quot;:false,&quot;extendedDebuging&quot;:true,&quot;goog:chromeOptions&quot;:{&quot;args&quot;:[],&quot;extensions&quot;:[&quot;User Defined Extensions&quot;]},&quot;headless&quot;:false,&quot;hubVersion&quot;:&quot;v3.1.9-merger&quot;,&quot;isRealMobile&quot;:false,&quot;jwp&quot;:false,&quot;loggingPrefs&quot;:{&quot;browser&quot;:&quot;ALL&quot;,&quot;driver&quot;:&quot;ALL&quot;,&quot;performance&quot;:&quot;ALL&quot;,&quot;server&quot;:&quot;ALL&quot;},&quot;lt:options&quot;:{&quot;accessKey&quot;:&quot;**************************************************&quot;,&quot;project&quot;:&quot;Lambdatesting&quot;,&quot;selenium_version&quot;:&quot;4.0.0&quot;,&quot;user&quot;:&quot;******************************&quot;,&quot;w3c&quot;:true},&quot;mode&quot;:&quot;cloud&quot;,&quot;network&quot;:false,&quot;performance&quot;:false,&quot;platform&quot;:&quot;win10&quot;,&quot;platformName&quot;:&quot;win10&quot;,&quot;projectName&quot;:&quot;Lambdatesting&quot;,&quot;resolution&quot;:&quot;1920x1080&quot;,&quot;selenium_version&quot;:&quot;4.0.0&quot;,&quot;tunnel&quot;:false,&quot;tunnelIdentifier&quot;:&quot;&quot;,&quot;user&quot;:&quot;******************************&quot;,&quot;userAgent&quot;:&quot;selenium/4.34.0 (java windows)&quot;,&quot;verboseWebDriverLogging&quot;:false,&quot;version&quot;:&quot;142.0&quot;,&quot;video&quot;:true,&quot;visual&quot;:false,&quot;w3c&quot;:true,&quot;webdriverMode&quot;:true} 
Host info: host: &apos;LIN-5CG5162CM9&apos;, ip: &apos;192.168.1.7&apos;
Build info: version: &apos;4.34.0&apos;, revision: &apos;707dcb4246*&apos;
System info: os.name: &apos;Windows 11&apos;, os.arch: &apos;amd64&apos;, os.version: &apos;10.0&apos;, java.version: &apos;21.0.7&apos;
Driver info: org.openqa.selenium.remote.RemoteWebDriver
Command: [null, newSession {capabilities=[Capabilities {LT:Options: {accessKey: LT_U9QUwERvCXqr5BD6XD6Xty0R..., project: Lambdatesting, selenium_version: 4.0.0, user: m-naveen.b.kumar@capgemini.com, w3c: true}, browserName: chrome, browserVersion: 142.0, goog:chromeOptions: {args: [], extensions: []}, platformName: Windows 10}]}]
Capabilities {LT:Options: {accessKey: LT_U9QUwERvCXqr5BD6XD6Xty0R..., project: Lambdatesting, selenium_version: 4.0.0, user: m-naveen.b.kumar@capgemini.com, w3c: true}, browserName: chrome, browserVersion: 142.0, goog:chromeOptions: {args: [], extensions: []}, platformName: Windows 10}
	at org.openqa.selenium.remote.ProtocolHandshake.createSession(ProtocolHandshake.java:114)
	at org.openqa.selenium.remote.ProtocolHandshake.createSession(ProtocolHandshake.java:75)
	at org.openqa.selenium.remote.ProtocolHandshake.createSession(ProtocolHandshake.java:61)
	at org.openqa.selenium.remote.HttpCommandExecutor.execute(HttpCommandExecutor.java:187)
	at org.openqa.selenium.remote.TracedCommandExecutor.execute(TracedCommandExecutor.java:53)
	at org.openqa.selenium.remote.RemoteWebDriver.execute(RemoteWebDriver.java:544)
	at org.openqa.selenium.remote.RemoteWebDriver.startSession(RemoteWebDriver.java:244)
	at org.openqa.selenium.remote.RemoteWebDriver.&lt;init&gt;(RemoteWebDriver.java:173)
	at org.openqa.selenium.remote.RemoteWebDriver.&lt;init&gt;(RemoteWebDriver.java:151)
	at lambdaTestTestng.base.BaseClass.setup(BaseClass.java:38)
	at java.base/java.util.ArrayList.forEach(ArrayList.java:1596)
	at java.base/java.util.concurrent.FutureTask.run(FutureTask.java:317)
	at java.base/java.util.concurrent.ThreadPoolExecutor.runWorker(ThreadPoolExecutor.java:1144)
	at java.base/java.util.concurrent.ThreadPoolExecutor$Worker.run(ThreadPoolExecutor.java:642)
	at java.base/java.lang.Thread.run(Thread.java:1583)
... Removed 13 stack frames</pre></div><a href='#' onClick='toggleBox("stack-trace1940668031", this, "Click to show all stack frames", "Click to hide stack frames")'>Click to show all stack frames</a>
<div class='stack-trace' id='stack-trace1940668031'><pre>org.openqa.selenium.SessionNotCreatedException: Could not start a new session. Response code 400. Message: LT01K5XCBVEAKTXH7RH3JZQH9G6S-HKKJH-AP-SOUTH-1: Error: Could not find a valid browserVersionData. config received, osVersion: win10 browserName: chrome browserVersion: 142.0 Input capabilities : {&quot;DisableXFHeaders&quot;:true,&quot;accessKey&quot;:&quot;**************************************************&quot;,&quot;browserName&quot;:&quot;chrome&quot;,&quot;build&quot;:&quot;Untitled&quot;,&quot;console&quot;:&quot;false&quot;,&quot;enableNetworkThrottling&quot;:false,&quot;extendedDebuging&quot;:true,&quot;goog:chromeOptions&quot;:{&quot;args&quot;:[],&quot;extensions&quot;:[&quot;User Defined Extensions&quot;]},&quot;headless&quot;:false,&quot;hubVersion&quot;:&quot;v3.1.9-merger&quot;,&quot;isRealMobile&quot;:false,&quot;jwp&quot;:false,&quot;loggingPrefs&quot;:{&quot;browser&quot;:&quot;ALL&quot;,&quot;driver&quot;:&quot;ALL&quot;,&quot;performance&quot;:&quot;ALL&quot;,&quot;server&quot;:&quot;ALL&quot;},&quot;lt:options&quot;:{&quot;accessKey&quot;:&quot;**************************************************&quot;,&quot;project&quot;:&quot;Lambdatesting&quot;,&quot;selenium_version&quot;:&quot;4.0.0&quot;,&quot;user&quot;:&quot;******************************&quot;,&quot;w3c&quot;:true},&quot;mode&quot;:&quot;cloud&quot;,&quot;network&quot;:false,&quot;performance&quot;:false,&quot;platform&quot;:&quot;win10&quot;,&quot;platformName&quot;:&quot;win10&quot;,&quot;projectName&quot;:&quot;Lambdatesting&quot;,&quot;resolution&quot;:&quot;1920x1080&quot;,&quot;selenium_version&quot;:&quot;4.0.0&quot;,&quot;tunnel&quot;:false,&quot;tunnelIdentifier&quot;:&quot;&quot;,&quot;user&quot;:&quot;******************************&quot;,&quot;userAgent&quot;:&quot;selenium/4.34.0 (java windows)&quot;,&quot;verboseWebDriverLogging&quot;:false,&quot;version&quot;:&quot;142.0&quot;,&quot;video&quot;:true,&quot;visual&quot;:false,&quot;w3c&quot;:true,&quot;webdriverMode&quot;:true} 
Host info: host: &apos;LIN-5CG5162CM9&apos;, ip: &apos;192.168.1.7&apos;
Build info: version: &apos;4.34.0&apos;, revision: &apos;707dcb4246*&apos;
System info: os.name: &apos;Windows 11&apos;, os.arch: &apos;amd64&apos;, os.version: &apos;10.0&apos;, java.version: &apos;21.0.7&apos;
Driver info: org.openqa.selenium.remote.RemoteWebDriver
Command: [null, newSession {capabilities=[Capabilities {LT:Options: {accessKey: LT_U9QUwERvCXqr5BD6XD6Xty0R..., project: Lambdatesting, selenium_version: 4.0.0, user: m-naveen.b.kumar@capgemini.com, w3c: true}, browserName: chrome, browserVersion: 142.0, goog:chromeOptions: {args: [], extensions: []}, platformName: Windows 10}]}]
Capabilities {LT:Options: {accessKey: LT_U9QUwERvCXqr5BD6XD6Xty0R..., project: Lambdatesting, selenium_version: 4.0.0, user: m-naveen.b.kumar@capgemini.com, w3c: true}, browserName: chrome, browserVersion: 142.0, goog:chromeOptions: {args: [], extensions: []}, platformName: Windows 10}
	at org.openqa.selenium.remote.ProtocolHandshake.createSession(ProtocolHandshake.java:114)
	at org.openqa.selenium.remote.ProtocolHandshake.createSession(ProtocolHandshake.java:75)
	at org.openqa.selenium.remote.ProtocolHandshake.createSession(ProtocolHandshake.java:61)
	at org.openqa.selenium.remote.HttpCommandExecutor.execute(HttpCommandExecutor.java:187)
	at org.openqa.selenium.remote.TracedCommandExecutor.execute(TracedCommandExecutor.java:53)
	at org.openqa.selenium.remote.RemoteWebDriver.execute(RemoteWebDriver.java:544)
	at org.openqa.selenium.remote.RemoteWebDriver.startSession(RemoteWebDriver.java:244)
	at org.openqa.selenium.remote.RemoteWebDriver.&lt;init&gt;(RemoteWebDriver.java:173)
	at org.openqa.selenium.remote.RemoteWebDriver.&lt;init&gt;(RemoteWebDriver.java:151)
	at lambdaTestTestng.base.BaseClass.setup(BaseClass.java:38)
	at java.base/jdk.internal.reflect.DirectMethodHandleAccessor.invoke(DirectMethodHandleAccessor.java:103)
	at java.base/java.lang.reflect.Method.invoke(Method.java:580)
	at org.testng.internal.invokers.MethodInvocationHelper.invokeMethod(MethodInvocationHelper.java:141)
	at org.testng.internal.invokers.MethodInvocationHelper.invokeMethodConsideringTimeout(MethodInvocationHelper.java:71)
	at org.testng.internal.invokers.ConfigInvoker.invokeConfigurationMethod(ConfigInvoker.java:400)
	at org.testng.internal.invokers.ConfigInvoker.invokeConfigurations(ConfigInvoker.java:333)
	at org.testng.internal.invokers.TestMethodWorker.invokeBeforeClassMethods(TestMethodWorker.java:188)
	at org.testng.internal.invokers.TestMethodWorker.run(TestMethodWorker.java:128)
	at java.base/java.util.ArrayList.forEach(ArrayList.java:1596)
	at org.testng.TestRunner.privateRun(TestRunner.java:741)
	at org.testng.TestRunner.run(TestRunner.java:616)
	at org.testng.SuiteRunner.runTest(SuiteRunner.java:421)
	at org.testng.SuiteRunner$SuiteWorker.run(SuiteRunner.java:463)
	at org.testng.internal.thread.ThreadUtil.lambda$execute$0(ThreadUtil.java:64)
	at java.base/java.util.concurrent.FutureTask.run(FutureTask.java:317)
	at java.base/java.util.concurrent.ThreadPoolExecutor.runWorker(ThreadPoolExecutor.java:1144)
	at java.base/java.util.concurrent.ThreadPoolExecutor$Worker.run(ThreadPoolExecutor.java:642)
	at java.base/java.lang.Thread.run(Thread.java:1583)
</pre></div></td>
<td>0</td>
<td>lambdaTestTestng.lambdatestscenarios.LambdaTestScenario1@65e98b1c</td></tr>
</table><p>
</body>
</html>