<!DOCTYPE html PUBLIC "-//W3C//DTD XHTML 1.1//EN" "https://www.w3.org/TR/xhtml11/DTD/xhtml11.dtd">
<html xmlns="https://www.w3.org/1999/xhtml">
<head>
<meta http-equiv="content-type" content="text/html; charset=UTF-8"/>
<title>TestNG Report</title>
<style type="text/css">table {margin-bottom:10px;border-collapse:collapse;empty-cells:show}th,td {border:1px solid #009;padding:.25em .5em}th {vertical-align:bottom}td {vertical-align:top}table a {font-weight:bold}.stripe td {background-color: #E6EBF9}.num {text-align:right}.passedodd td {background-color: #3F3}.passedeven td {background-color: #0A0}.skippedodd td {background-color: #DDD}.skippedeven td {background-color: #CCC}.failedodd td,.attn {background-color: #F33}.failedeven td,.stripe .attn {background-color: #D00}.stacktrace {white-space:pre;font-family:monospace}.totop {font-size:85%;text-align:center;border-bottom:2px solid #000}.invisible {display:none}</style>
</head>
<body>
<table>
<tr><th>Test</th><th># Passed</th><th># Skipped</th><th># Retried</th><th># Failed</th><th>Time (ms)</th><th>Included Groups</th><th>Excluded Groups</th></tr>
<tr><th colspan="8">Suite</th></tr>
<tr><td><a href="#t0">Test</a></td><td class="num">0</td><td class="num attn">3</td><td class="num">0</td><td class="num">0</td><td class="num">16,364</td><td></td><td></td></tr>
</table>
<table id='summary'><thead><tr><th>Class</th><th>Method</th><th>Start</th><th>Time (ms)</th></tr></thead><tbody><tr><th colspan="4">Suite</th></tr></tbody><tbody id="t0"><tr><th colspan="4">Test &#8212; failed (configuration methods)</th></tr><tr class="failedeven"><td rowspan="1">lambdaTestTestng.lambdatestscenarios.LambdaTestScenario1</td><td><a href="#m0">setup</a></td><td rowspan="1">1758701416264</td><td rowspan="1">6089</td></tr><tr class="failedodd"><td rowspan="1">lambdaTestTestng.lambdatestscenarios.LambdaTestScenario3</td><td><a href="#m1">setup</a></td><td rowspan="1">1758701411948</td><td rowspan="1">4293</td></tr><tr class="failedeven"><td rowspan="1">lambdaTestTestng.lambdatestscenarios.Lambdatestscenarios2</td><td><a href="#m2">setup</a></td><td rowspan="1">1758701406045</td><td rowspan="1">5865</td></tr><tr><th colspan="4">Test &#8212; skipped (configuration methods)</th></tr><tr class="skippedeven"><td rowspan="1">lambdaTestTestng.lambdatestscenarios.LambdaTestScenario1</td><td><a href="#m3">testClosure</a></td><td rowspan="1">1758701422368</td><td rowspan="1">0</td></tr><tr class="skippedodd"><td rowspan="1">lambdaTestTestng.lambdatestscenarios.LambdaTestScenario3</td><td><a href="#m4">testClosure</a></td><td rowspan="1">1758701416257</td><td rowspan="1">0</td></tr><tr class="skippedeven"><td rowspan="1">lambdaTestTestng.lambdatestscenarios.Lambdatestscenarios2</td><td><a href="#m5">testClosure</a></td><td rowspan="1">1758701411947</td><td rowspan="1">0</td></tr><tr><th colspan="4">Test &#8212; skipped</th></tr><tr class="skippedeven"><td rowspan="1">lambdaTestTestng.lambdatestscenarios.LambdaTestScenario1</td><td><a href="#m6">ts01</a></td><td rowspan="1">1758701422355</td><td rowspan="1">0</td></tr><tr class="skippedodd"><td rowspan="1">lambdaTestTestng.lambdatestscenarios.LambdaTestScenario3</td><td><a href="#m7">ts3</a></td><td rowspan="1">1758701416248</td><td rowspan="1">0</td></tr><tr class="skippedeven"><td rowspan="1">lambdaTestTestng.lambdatestscenarios.Lambdatestscenarios2</td><td><a href="#m8">ts02</a></td><td rowspan="1">1758701411938</td><td rowspan="1">0</td></tr></tbody>
</table>
<h2>Test</h2><h3 id="m0">lambdaTestTestng.lambdatestscenarios.LambdaTestScenario1#setup</h3><table class="result"><tr class="param"><th>Parameter #1</th><th>Parameter #2</th><th>Parameter #3</th></tr><tr class="param stripe"><td>Chrome</td><td>142.0</td><td>Windows 10</td></tr><tr><th colspan="3">Exception</th></tr><tr><td colspan="3"><div class="stacktrace">org.openqa.selenium.SessionNotCreatedException: Could not start a new session. Response code 400. Message: LT01K5XCBVEAKTXH7RH3JZQH9G6S-HKKJH-AP-SOUTH-1: Error: Could not find a valid browserVersionData. config received, osVersion: win10 browserName: chrome browserVersion: 142.0 Input capabilities : {&quot;DisableXFHeaders&quot;:true,&quot;accessKey&quot;:&quot;**************************************************&quot;,&quot;browserName&quot;:&quot;chrome&quot;,&quot;build&quot;:&quot;Untitled&quot;,&quot;console&quot;:&quot;false&quot;,&quot;enableNetworkThrottling&quot;:false,&quot;extendedDebuging&quot;:true,&quot;goog:chromeOptions&quot;:{&quot;args&quot;:[],&quot;extensions&quot;:[&quot;User Defined Extensions&quot;]},&quot;headless&quot;:false,&quot;hubVersion&quot;:&quot;v3.1.9-merger&quot;,&quot;isRealMobile&quot;:false,&quot;jwp&quot;:false,&quot;loggingPrefs&quot;:{&quot;browser&quot;:&quot;ALL&quot;,&quot;driver&quot;:&quot;ALL&quot;,&quot;performance&quot;:&quot;ALL&quot;,&quot;server&quot;:&quot;ALL&quot;},&quot;lt:options&quot;:{&quot;accessKey&quot;:&quot;**************************************************&quot;,&quot;project&quot;:&quot;Lambdatesting&quot;,&quot;selenium_version&quot;:&quot;4.0.0&quot;,&quot;user&quot;:&quot;******************************&quot;,&quot;w3c&quot;:true},&quot;mode&quot;:&quot;cloud&quot;,&quot;network&quot;:false,&quot;performance&quot;:false,&quot;platform&quot;:&quot;win10&quot;,&quot;platformName&quot;:&quot;win10&quot;,&quot;projectName&quot;:&quot;Lambdatesting&quot;,&quot;resolution&quot;:&quot;1920x1080&quot;,&quot;selenium_version&quot;:&quot;4.0.0&quot;,&quot;tunnel&quot;:false,&quot;tunnelIdentifier&quot;:&quot;&quot;,&quot;user&quot;:&quot;******************************&quot;,&quot;userAgent&quot;:&quot;selenium/4.34.0 (java windows)&quot;,&quot;verboseWebDriverLogging&quot;:false,&quot;version&quot;:&quot;142.0&quot;,&quot;video&quot;:true,&quot;visual&quot;:false,&quot;w3c&quot;:true,&quot;webdriverMode&quot;:true} 
Host info: host: &apos;LIN-5CG5162CM9&apos;, ip: &apos;192.168.1.7&apos;
Build info: version: &apos;4.34.0&apos;, revision: &apos;707dcb4246*&apos;
System info: os.name: &apos;Windows 11&apos;, os.arch: &apos;amd64&apos;, os.version: &apos;10.0&apos;, java.version: &apos;21.0.7&apos;
Driver info: org.openqa.selenium.remote.RemoteWebDriver
Command: [null, newSession {capabilities=[Capabilities {LT:Options: {accessKey: LT_U9QUwERvCXqr5BD6XD6Xty0R..., project: Lambdatesting, selenium_version: 4.0.0, user: m-naveen.b.kumar@capgemini.com, w3c: true}, browserName: chrome, browserVersion: 142.0, goog:chromeOptions: {args: [], extensions: []}, platformName: Windows 10}]}]
Capabilities {LT:Options: {accessKey: LT_U9QUwERvCXqr5BD6XD6Xty0R..., project: Lambdatesting, selenium_version: 4.0.0, user: m-naveen.b.kumar@capgemini.com, w3c: true}, browserName: chrome, browserVersion: 142.0, goog:chromeOptions: {args: [], extensions: []}, platformName: Windows 10}
	at org.openqa.selenium.remote.ProtocolHandshake.createSession(ProtocolHandshake.java:114)
	at org.openqa.selenium.remote.ProtocolHandshake.createSession(ProtocolHandshake.java:75)
	at org.openqa.selenium.remote.ProtocolHandshake.createSession(ProtocolHandshake.java:61)
	at org.openqa.selenium.remote.HttpCommandExecutor.execute(HttpCommandExecutor.java:187)
	at org.openqa.selenium.remote.TracedCommandExecutor.execute(TracedCommandExecutor.java:53)
	at org.openqa.selenium.remote.RemoteWebDriver.execute(RemoteWebDriver.java:544)
	at org.openqa.selenium.remote.RemoteWebDriver.startSession(RemoteWebDriver.java:244)
	at org.openqa.selenium.remote.RemoteWebDriver.&lt;init&gt;(RemoteWebDriver.java:173)
	at org.openqa.selenium.remote.RemoteWebDriver.&lt;init&gt;(RemoteWebDriver.java:151)
	at lambdaTestTestng.base.BaseClass.setup(BaseClass.java:38)
	at java.base/java.util.ArrayList.forEach(ArrayList.java:1596)
	at java.base/java.util.concurrent.FutureTask.run(FutureTask.java:317)
	at java.base/java.util.concurrent.ThreadPoolExecutor.runWorker(ThreadPoolExecutor.java:1144)
	at java.base/java.util.concurrent.ThreadPoolExecutor$Worker.run(ThreadPoolExecutor.java:642)
	at java.base/java.lang.Thread.run(Thread.java:1583)
... Removed 13 stack frames</div></td></tr></table><p class="totop"><a href="#summary">back to summary</a></p>
<h3 id="m1">lambdaTestTestng.lambdatestscenarios.LambdaTestScenario3#setup</h3><table class="result"><tr class="param"><th>Parameter #1</th><th>Parameter #2</th><th>Parameter #3</th></tr><tr class="param stripe"><td>Chrome</td><td>142.0</td><td>Windows 10</td></tr><tr><th colspan="3">Exception</th></tr><tr><td colspan="3"><div class="stacktrace">org.openqa.selenium.SessionNotCreatedException: Could not start a new session. Response code 400. Message: LT01K5XCBQ7EEKVFJKKV2WSF6M98-BSHM2-AP-SOUTH-1: Error: Could not find a valid browserVersionData. config received, osVersion: win10 browserName: chrome browserVersion: 142.0 Input capabilities : {&quot;DisableXFHeaders&quot;:true,&quot;accessKey&quot;:&quot;**************************************************&quot;,&quot;browserName&quot;:&quot;chrome&quot;,&quot;build&quot;:&quot;Untitled&quot;,&quot;console&quot;:&quot;false&quot;,&quot;enableNetworkThrottling&quot;:false,&quot;extendedDebuging&quot;:true,&quot;goog:chromeOptions&quot;:{&quot;args&quot;:[],&quot;extensions&quot;:[&quot;User Defined Extensions&quot;]},&quot;headless&quot;:false,&quot;hubVersion&quot;:&quot;v3.1.9-merger&quot;,&quot;isRealMobile&quot;:false,&quot;jwp&quot;:false,&quot;loggingPrefs&quot;:{&quot;browser&quot;:&quot;ALL&quot;,&quot;driver&quot;:&quot;ALL&quot;,&quot;performance&quot;:&quot;ALL&quot;,&quot;server&quot;:&quot;ALL&quot;},&quot;lt:options&quot;:{&quot;accessKey&quot;:&quot;**************************************************&quot;,&quot;project&quot;:&quot;Lambdatesting&quot;,&quot;selenium_version&quot;:&quot;4.0.0&quot;,&quot;user&quot;:&quot;******************************&quot;,&quot;w3c&quot;:true},&quot;mode&quot;:&quot;cloud&quot;,&quot;network&quot;:false,&quot;performance&quot;:false,&quot;platform&quot;:&quot;win10&quot;,&quot;platformName&quot;:&quot;win10&quot;,&quot;projectName&quot;:&quot;Lambdatesting&quot;,&quot;resolution&quot;:&quot;1920x1080&quot;,&quot;selenium_version&quot;:&quot;4.0.0&quot;,&quot;tunnel&quot;:false,&quot;tunnelIdentifier&quot;:&quot;&quot;,&quot;user&quot;:&quot;******************************&quot;,&quot;userAgent&quot;:&quot;selenium/4.34.0 (java windows)&quot;,&quot;verboseWebDriverLogging&quot;:false,&quot;version&quot;:&quot;142.0&quot;,&quot;video&quot;:true,&quot;visual&quot;:false,&quot;w3c&quot;:true,&quot;webdriverMode&quot;:true} 
Host info: host: &apos;LIN-5CG5162CM9&apos;, ip: &apos;192.168.1.7&apos;
Build info: version: &apos;4.34.0&apos;, revision: &apos;707dcb4246*&apos;
System info: os.name: &apos;Windows 11&apos;, os.arch: &apos;amd64&apos;, os.version: &apos;10.0&apos;, java.version: &apos;21.0.7&apos;
Driver info: org.openqa.selenium.remote.RemoteWebDriver
Command: [null, newSession {capabilities=[Capabilities {LT:Options: {accessKey: LT_U9QUwERvCXqr5BD6XD6Xty0R..., project: Lambdatesting, selenium_version: 4.0.0, user: m-naveen.b.kumar@capgemini.com, w3c: true}, browserName: chrome, browserVersion: 142.0, goog:chromeOptions: {args: [], extensions: []}, platformName: Windows 10}]}]
Capabilities {LT:Options: {accessKey: LT_U9QUwERvCXqr5BD6XD6Xty0R..., project: Lambdatesting, selenium_version: 4.0.0, user: m-naveen.b.kumar@capgemini.com, w3c: true}, browserName: chrome, browserVersion: 142.0, goog:chromeOptions: {args: [], extensions: []}, platformName: Windows 10}
	at org.openqa.selenium.remote.ProtocolHandshake.createSession(ProtocolHandshake.java:114)
	at org.openqa.selenium.remote.ProtocolHandshake.createSession(ProtocolHandshake.java:75)
	at org.openqa.selenium.remote.ProtocolHandshake.createSession(ProtocolHandshake.java:61)
	at org.openqa.selenium.remote.HttpCommandExecutor.execute(HttpCommandExecutor.java:187)
	at org.openqa.selenium.remote.TracedCommandExecutor.execute(TracedCommandExecutor.java:53)
	at org.openqa.selenium.remote.RemoteWebDriver.execute(RemoteWebDriver.java:544)
	at org.openqa.selenium.remote.RemoteWebDriver.startSession(RemoteWebDriver.java:244)
	at org.openqa.selenium.remote.RemoteWebDriver.&lt;init&gt;(RemoteWebDriver.java:173)
	at org.openqa.selenium.remote.RemoteWebDriver.&lt;init&gt;(RemoteWebDriver.java:151)
	at lambdaTestTestng.base.BaseClass.setup(BaseClass.java:38)
	at java.base/java.util.ArrayList.forEach(ArrayList.java:1596)
	at java.base/java.util.concurrent.FutureTask.run(FutureTask.java:317)
	at java.base/java.util.concurrent.ThreadPoolExecutor.runWorker(ThreadPoolExecutor.java:1144)
	at java.base/java.util.concurrent.ThreadPoolExecutor$Worker.run(ThreadPoolExecutor.java:642)
	at java.base/java.lang.Thread.run(Thread.java:1583)
... Removed 13 stack frames</div></td></tr></table><p class="totop"><a href="#summary">back to summary</a></p>
<h3 id="m2">lambdaTestTestng.lambdatestscenarios.Lambdatestscenarios2#setup</h3><table class="result"><tr class="param"><th>Parameter #1</th><th>Parameter #2</th><th>Parameter #3</th></tr><tr class="param stripe"><td>Chrome</td><td>142.0</td><td>Windows 10</td></tr><tr><th colspan="3">Exception</th></tr><tr><td colspan="3"><div class="stacktrace">org.openqa.selenium.SessionNotCreatedException: Could not start a new session. Response code 400. Message: LT01K5XCBJQJZ8G7D07ZNC99V73P-QL59R-AP-SOUTH-1: Error: Could not find a valid browserVersionData. config received, osVersion: win10 browserName: chrome browserVersion: 142.0 Input capabilities : {&quot;DisableXFHeaders&quot;:true,&quot;accessKey&quot;:&quot;**************************************************&quot;,&quot;browserName&quot;:&quot;chrome&quot;,&quot;build&quot;:&quot;Untitled&quot;,&quot;console&quot;:&quot;false&quot;,&quot;enableNetworkThrottling&quot;:false,&quot;extendedDebuging&quot;:true,&quot;goog:chromeOptions&quot;:{&quot;args&quot;:[],&quot;extensions&quot;:[&quot;User Defined Extensions&quot;]},&quot;headless&quot;:false,&quot;hubVersion&quot;:&quot;v3.1.9-merger&quot;,&quot;isRealMobile&quot;:false,&quot;jwp&quot;:false,&quot;loggingPrefs&quot;:{&quot;browser&quot;:&quot;ALL&quot;,&quot;driver&quot;:&quot;ALL&quot;,&quot;performance&quot;:&quot;ALL&quot;,&quot;server&quot;:&quot;ALL&quot;},&quot;lt:options&quot;:{&quot;accessKey&quot;:&quot;**************************************************&quot;,&quot;project&quot;:&quot;Lambdatesting&quot;,&quot;selenium_version&quot;:&quot;4.0.0&quot;,&quot;user&quot;:&quot;******************************&quot;,&quot;w3c&quot;:true},&quot;mode&quot;:&quot;cloud&quot;,&quot;network&quot;:false,&quot;performance&quot;:false,&quot;platform&quot;:&quot;win10&quot;,&quot;platformName&quot;:&quot;win10&quot;,&quot;projectName&quot;:&quot;Lambdatesting&quot;,&quot;resolution&quot;:&quot;1920x1080&quot;,&quot;selenium_version&quot;:&quot;4.0.0&quot;,&quot;tunnel&quot;:false,&quot;tunnelIdentifier&quot;:&quot;&quot;,&quot;user&quot;:&quot;******************************&quot;,&quot;userAgent&quot;:&quot;selenium/4.34.0 (java windows)&quot;,&quot;verboseWebDriverLogging&quot;:false,&quot;version&quot;:&quot;142.0&quot;,&quot;video&quot;:true,&quot;visual&quot;:false,&quot;w3c&quot;:true,&quot;webdriverMode&quot;:true} 
Host info: host: &apos;LIN-5CG5162CM9&apos;, ip: &apos;192.168.1.7&apos;
Build info: version: &apos;4.34.0&apos;, revision: &apos;707dcb4246*&apos;
System info: os.name: &apos;Windows 11&apos;, os.arch: &apos;amd64&apos;, os.version: &apos;10.0&apos;, java.version: &apos;21.0.7&apos;
Driver info: org.openqa.selenium.remote.RemoteWebDriver
Command: [null, newSession {capabilities=[Capabilities {LT:Options: {accessKey: LT_U9QUwERvCXqr5BD6XD6Xty0R..., project: Lambdatesting, selenium_version: 4.0.0, user: m-naveen.b.kumar@capgemini.com, w3c: true}, browserName: chrome, browserVersion: 142.0, goog:chromeOptions: {args: [], extensions: []}, platformName: Windows 10}]}]
Capabilities {LT:Options: {accessKey: LT_U9QUwERvCXqr5BD6XD6Xty0R..., project: Lambdatesting, selenium_version: 4.0.0, user: m-naveen.b.kumar@capgemini.com, w3c: true}, browserName: chrome, browserVersion: 142.0, goog:chromeOptions: {args: [], extensions: []}, platformName: Windows 10}
	at org.openqa.selenium.remote.ProtocolHandshake.createSession(ProtocolHandshake.java:114)
	at org.openqa.selenium.remote.ProtocolHandshake.createSession(ProtocolHandshake.java:75)
	at org.openqa.selenium.remote.ProtocolHandshake.createSession(ProtocolHandshake.java:61)
	at org.openqa.selenium.remote.HttpCommandExecutor.execute(HttpCommandExecutor.java:187)
	at org.openqa.selenium.remote.TracedCommandExecutor.execute(TracedCommandExecutor.java:53)
	at org.openqa.selenium.remote.RemoteWebDriver.execute(RemoteWebDriver.java:544)
	at org.openqa.selenium.remote.RemoteWebDriver.startSession(RemoteWebDriver.java:244)
	at org.openqa.selenium.remote.RemoteWebDriver.&lt;init&gt;(RemoteWebDriver.java:173)
	at org.openqa.selenium.remote.RemoteWebDriver.&lt;init&gt;(RemoteWebDriver.java:151)
	at lambdaTestTestng.base.BaseClass.setup(BaseClass.java:38)
	at java.base/java.util.ArrayList.forEach(ArrayList.java:1596)
	at java.base/java.util.concurrent.FutureTask.run(FutureTask.java:317)
	at java.base/java.util.concurrent.ThreadPoolExecutor.runWorker(ThreadPoolExecutor.java:1144)
	at java.base/java.util.concurrent.ThreadPoolExecutor$Worker.run(ThreadPoolExecutor.java:642)
	at java.base/java.lang.Thread.run(Thread.java:1583)
... Removed 13 stack frames</div></td></tr></table><p class="totop"><a href="#summary">back to summary</a></p>
<h3 id="m3">lambdaTestTestng.lambdatestscenarios.LambdaTestScenario1#testClosure</h3><table class="result"><tr><th class="invisible"/></tr></table><p class="totop"><a href="#summary">back to summary</a></p>
<h3 id="m4">lambdaTestTestng.lambdatestscenarios.LambdaTestScenario3#testClosure</h3><table class="result"><tr><th class="invisible"/></tr></table><p class="totop"><a href="#summary">back to summary</a></p>
<h3 id="m5">lambdaTestTestng.lambdatestscenarios.Lambdatestscenarios2#testClosure</h3><table class="result"><tr><th class="invisible"/></tr></table><p class="totop"><a href="#summary">back to summary</a></p>
<h3 id="m6">lambdaTestTestng.lambdatestscenarios.LambdaTestScenario1#ts01</h3><table class="result"><tr><th>Exception</th></tr><tr><td><div class="stacktrace">org.openqa.selenium.SessionNotCreatedException: Could not start a new session. Response code 400. Message: LT01K5XCBVEAKTXH7RH3JZQH9G6S-HKKJH-AP-SOUTH-1: Error: Could not find a valid browserVersionData. config received, osVersion: win10 browserName: chrome browserVersion: 142.0 Input capabilities : {&quot;DisableXFHeaders&quot;:true,&quot;accessKey&quot;:&quot;**************************************************&quot;,&quot;browserName&quot;:&quot;chrome&quot;,&quot;build&quot;:&quot;Untitled&quot;,&quot;console&quot;:&quot;false&quot;,&quot;enableNetworkThrottling&quot;:false,&quot;extendedDebuging&quot;:true,&quot;goog:chromeOptions&quot;:{&quot;args&quot;:[],&quot;extensions&quot;:[&quot;User Defined Extensions&quot;]},&quot;headless&quot;:false,&quot;hubVersion&quot;:&quot;v3.1.9-merger&quot;,&quot;isRealMobile&quot;:false,&quot;jwp&quot;:false,&quot;loggingPrefs&quot;:{&quot;browser&quot;:&quot;ALL&quot;,&quot;driver&quot;:&quot;ALL&quot;,&quot;performance&quot;:&quot;ALL&quot;,&quot;server&quot;:&quot;ALL&quot;},&quot;lt:options&quot;:{&quot;accessKey&quot;:&quot;**************************************************&quot;,&quot;project&quot;:&quot;Lambdatesting&quot;,&quot;selenium_version&quot;:&quot;4.0.0&quot;,&quot;user&quot;:&quot;******************************&quot;,&quot;w3c&quot;:true},&quot;mode&quot;:&quot;cloud&quot;,&quot;network&quot;:false,&quot;performance&quot;:false,&quot;platform&quot;:&quot;win10&quot;,&quot;platformName&quot;:&quot;win10&quot;,&quot;projectName&quot;:&quot;Lambdatesting&quot;,&quot;resolution&quot;:&quot;1920x1080&quot;,&quot;selenium_version&quot;:&quot;4.0.0&quot;,&quot;tunnel&quot;:false,&quot;tunnelIdentifier&quot;:&quot;&quot;,&quot;user&quot;:&quot;******************************&quot;,&quot;userAgent&quot;:&quot;selenium/4.34.0 (java windows)&quot;,&quot;verboseWebDriverLogging&quot;:false,&quot;version&quot;:&quot;142.0&quot;,&quot;video&quot;:true,&quot;visual&quot;:false,&quot;w3c&quot;:true,&quot;webdriverMode&quot;:true} 
Host info: host: &apos;LIN-5CG5162CM9&apos;, ip: &apos;192.168.1.7&apos;
Build info: version: &apos;4.34.0&apos;, revision: &apos;707dcb4246*&apos;
System info: os.name: &apos;Windows 11&apos;, os.arch: &apos;amd64&apos;, os.version: &apos;10.0&apos;, java.version: &apos;21.0.7&apos;
Driver info: org.openqa.selenium.remote.RemoteWebDriver
Command: [null, newSession {capabilities=[Capabilities {LT:Options: {accessKey: LT_U9QUwERvCXqr5BD6XD6Xty0R..., project: Lambdatesting, selenium_version: 4.0.0, user: m-naveen.b.kumar@capgemini.com, w3c: true}, browserName: chrome, browserVersion: 142.0, goog:chromeOptions: {args: [], extensions: []}, platformName: Windows 10}]}]
Capabilities {LT:Options: {accessKey: LT_U9QUwERvCXqr5BD6XD6Xty0R..., project: Lambdatesting, selenium_version: 4.0.0, user: m-naveen.b.kumar@capgemini.com, w3c: true}, browserName: chrome, browserVersion: 142.0, goog:chromeOptions: {args: [], extensions: []}, platformName: Windows 10}
	at org.openqa.selenium.remote.ProtocolHandshake.createSession(ProtocolHandshake.java:114)
	at org.openqa.selenium.remote.ProtocolHandshake.createSession(ProtocolHandshake.java:75)
	at org.openqa.selenium.remote.ProtocolHandshake.createSession(ProtocolHandshake.java:61)
	at org.openqa.selenium.remote.HttpCommandExecutor.execute(HttpCommandExecutor.java:187)
	at org.openqa.selenium.remote.TracedCommandExecutor.execute(TracedCommandExecutor.java:53)
	at org.openqa.selenium.remote.RemoteWebDriver.execute(RemoteWebDriver.java:544)
	at org.openqa.selenium.remote.RemoteWebDriver.startSession(RemoteWebDriver.java:244)
	at org.openqa.selenium.remote.RemoteWebDriver.&lt;init&gt;(RemoteWebDriver.java:173)
	at org.openqa.selenium.remote.RemoteWebDriver.&lt;init&gt;(RemoteWebDriver.java:151)
	at lambdaTestTestng.base.BaseClass.setup(BaseClass.java:38)
	at java.base/java.util.ArrayList.forEach(ArrayList.java:1596)
	at java.base/java.util.concurrent.FutureTask.run(FutureTask.java:317)
	at java.base/java.util.concurrent.ThreadPoolExecutor.runWorker(ThreadPoolExecutor.java:1144)
	at java.base/java.util.concurrent.ThreadPoolExecutor$Worker.run(ThreadPoolExecutor.java:642)
	at java.base/java.lang.Thread.run(Thread.java:1583)
... Removed 13 stack frames</div></td></tr></table><p class="totop"><a href="#summary">back to summary</a></p>
<h3 id="m7">lambdaTestTestng.lambdatestscenarios.LambdaTestScenario3#ts3</h3><table class="result"><tr><th>Exception</th></tr><tr><td><div class="stacktrace">org.openqa.selenium.SessionNotCreatedException: Could not start a new session. Response code 400. Message: LT01K5XCBQ7EEKVFJKKV2WSF6M98-BSHM2-AP-SOUTH-1: Error: Could not find a valid browserVersionData. config received, osVersion: win10 browserName: chrome browserVersion: 142.0 Input capabilities : {&quot;DisableXFHeaders&quot;:true,&quot;accessKey&quot;:&quot;**************************************************&quot;,&quot;browserName&quot;:&quot;chrome&quot;,&quot;build&quot;:&quot;Untitled&quot;,&quot;console&quot;:&quot;false&quot;,&quot;enableNetworkThrottling&quot;:false,&quot;extendedDebuging&quot;:true,&quot;goog:chromeOptions&quot;:{&quot;args&quot;:[],&quot;extensions&quot;:[&quot;User Defined Extensions&quot;]},&quot;headless&quot;:false,&quot;hubVersion&quot;:&quot;v3.1.9-merger&quot;,&quot;isRealMobile&quot;:false,&quot;jwp&quot;:false,&quot;loggingPrefs&quot;:{&quot;browser&quot;:&quot;ALL&quot;,&quot;driver&quot;:&quot;ALL&quot;,&quot;performance&quot;:&quot;ALL&quot;,&quot;server&quot;:&quot;ALL&quot;},&quot;lt:options&quot;:{&quot;accessKey&quot;:&quot;**************************************************&quot;,&quot;project&quot;:&quot;Lambdatesting&quot;,&quot;selenium_version&quot;:&quot;4.0.0&quot;,&quot;user&quot;:&quot;******************************&quot;,&quot;w3c&quot;:true},&quot;mode&quot;:&quot;cloud&quot;,&quot;network&quot;:false,&quot;performance&quot;:false,&quot;platform&quot;:&quot;win10&quot;,&quot;platformName&quot;:&quot;win10&quot;,&quot;projectName&quot;:&quot;Lambdatesting&quot;,&quot;resolution&quot;:&quot;1920x1080&quot;,&quot;selenium_version&quot;:&quot;4.0.0&quot;,&quot;tunnel&quot;:false,&quot;tunnelIdentifier&quot;:&quot;&quot;,&quot;user&quot;:&quot;******************************&quot;,&quot;userAgent&quot;:&quot;selenium/4.34.0 (java windows)&quot;,&quot;verboseWebDriverLogging&quot;:false,&quot;version&quot;:&quot;142.0&quot;,&quot;video&quot;:true,&quot;visual&quot;:false,&quot;w3c&quot;:true,&quot;webdriverMode&quot;:true} 
Host info: host: &apos;LIN-5CG5162CM9&apos;, ip: &apos;192.168.1.7&apos;
Build info: version: &apos;4.34.0&apos;, revision: &apos;707dcb4246*&apos;
System info: os.name: &apos;Windows 11&apos;, os.arch: &apos;amd64&apos;, os.version: &apos;10.0&apos;, java.version: &apos;21.0.7&apos;
Driver info: org.openqa.selenium.remote.RemoteWebDriver
Command: [null, newSession {capabilities=[Capabilities {LT:Options: {accessKey: LT_U9QUwERvCXqr5BD6XD6Xty0R..., project: Lambdatesting, selenium_version: 4.0.0, user: m-naveen.b.kumar@capgemini.com, w3c: true}, browserName: chrome, browserVersion: 142.0, goog:chromeOptions: {args: [], extensions: []}, platformName: Windows 10}]}]
Capabilities {LT:Options: {accessKey: LT_U9QUwERvCXqr5BD6XD6Xty0R..., project: Lambdatesting, selenium_version: 4.0.0, user: m-naveen.b.kumar@capgemini.com, w3c: true}, browserName: chrome, browserVersion: 142.0, goog:chromeOptions: {args: [], extensions: []}, platformName: Windows 10}
	at org.openqa.selenium.remote.ProtocolHandshake.createSession(ProtocolHandshake.java:114)
	at org.openqa.selenium.remote.ProtocolHandshake.createSession(ProtocolHandshake.java:75)
	at org.openqa.selenium.remote.ProtocolHandshake.createSession(ProtocolHandshake.java:61)
	at org.openqa.selenium.remote.HttpCommandExecutor.execute(HttpCommandExecutor.java:187)
	at org.openqa.selenium.remote.TracedCommandExecutor.execute(TracedCommandExecutor.java:53)
	at org.openqa.selenium.remote.RemoteWebDriver.execute(RemoteWebDriver.java:544)
	at org.openqa.selenium.remote.RemoteWebDriver.startSession(RemoteWebDriver.java:244)
	at org.openqa.selenium.remote.RemoteWebDriver.&lt;init&gt;(RemoteWebDriver.java:173)
	at org.openqa.selenium.remote.RemoteWebDriver.&lt;init&gt;(RemoteWebDriver.java:151)
	at lambdaTestTestng.base.BaseClass.setup(BaseClass.java:38)
	at java.base/java.util.ArrayList.forEach(ArrayList.java:1596)
	at java.base/java.util.concurrent.FutureTask.run(FutureTask.java:317)
	at java.base/java.util.concurrent.ThreadPoolExecutor.runWorker(ThreadPoolExecutor.java:1144)
	at java.base/java.util.concurrent.ThreadPoolExecutor$Worker.run(ThreadPoolExecutor.java:642)
	at java.base/java.lang.Thread.run(Thread.java:1583)
... Removed 13 stack frames</div></td></tr></table><p class="totop"><a href="#summary">back to summary</a></p>
<h3 id="m8">lambdaTestTestng.lambdatestscenarios.Lambdatestscenarios2#ts02</h3><table class="result"><tr><th>Exception</th></tr><tr><td><div class="stacktrace">org.openqa.selenium.SessionNotCreatedException: Could not start a new session. Response code 400. Message: LT01K5XCBJQJZ8G7D07ZNC99V73P-QL59R-AP-SOUTH-1: Error: Could not find a valid browserVersionData. config received, osVersion: win10 browserName: chrome browserVersion: 142.0 Input capabilities : {&quot;DisableXFHeaders&quot;:true,&quot;accessKey&quot;:&quot;**************************************************&quot;,&quot;browserName&quot;:&quot;chrome&quot;,&quot;build&quot;:&quot;Untitled&quot;,&quot;console&quot;:&quot;false&quot;,&quot;enableNetworkThrottling&quot;:false,&quot;extendedDebuging&quot;:true,&quot;goog:chromeOptions&quot;:{&quot;args&quot;:[],&quot;extensions&quot;:[&quot;User Defined Extensions&quot;]},&quot;headless&quot;:false,&quot;hubVersion&quot;:&quot;v3.1.9-merger&quot;,&quot;isRealMobile&quot;:false,&quot;jwp&quot;:false,&quot;loggingPrefs&quot;:{&quot;browser&quot;:&quot;ALL&quot;,&quot;driver&quot;:&quot;ALL&quot;,&quot;performance&quot;:&quot;ALL&quot;,&quot;server&quot;:&quot;ALL&quot;},&quot;lt:options&quot;:{&quot;accessKey&quot;:&quot;**************************************************&quot;,&quot;project&quot;:&quot;Lambdatesting&quot;,&quot;selenium_version&quot;:&quot;4.0.0&quot;,&quot;user&quot;:&quot;******************************&quot;,&quot;w3c&quot;:true},&quot;mode&quot;:&quot;cloud&quot;,&quot;network&quot;:false,&quot;performance&quot;:false,&quot;platform&quot;:&quot;win10&quot;,&quot;platformName&quot;:&quot;win10&quot;,&quot;projectName&quot;:&quot;Lambdatesting&quot;,&quot;resolution&quot;:&quot;1920x1080&quot;,&quot;selenium_version&quot;:&quot;4.0.0&quot;,&quot;tunnel&quot;:false,&quot;tunnelIdentifier&quot;:&quot;&quot;,&quot;user&quot;:&quot;******************************&quot;,&quot;userAgent&quot;:&quot;selenium/4.34.0 (java windows)&quot;,&quot;verboseWebDriverLogging&quot;:false,&quot;version&quot;:&quot;142.0&quot;,&quot;video&quot;:true,&quot;visual&quot;:false,&quot;w3c&quot;:true,&quot;webdriverMode&quot;:true} 
Host info: host: &apos;LIN-5CG5162CM9&apos;, ip: &apos;192.168.1.7&apos;
Build info: version: &apos;4.34.0&apos;, revision: &apos;707dcb4246*&apos;
System info: os.name: &apos;Windows 11&apos;, os.arch: &apos;amd64&apos;, os.version: &apos;10.0&apos;, java.version: &apos;21.0.7&apos;
Driver info: org.openqa.selenium.remote.RemoteWebDriver
Command: [null, newSession {capabilities=[Capabilities {LT:Options: {accessKey: LT_U9QUwERvCXqr5BD6XD6Xty0R..., project: Lambdatesting, selenium_version: 4.0.0, user: m-naveen.b.kumar@capgemini.com, w3c: true}, browserName: chrome, browserVersion: 142.0, goog:chromeOptions: {args: [], extensions: []}, platformName: Windows 10}]}]
Capabilities {LT:Options: {accessKey: LT_U9QUwERvCXqr5BD6XD6Xty0R..., project: Lambdatesting, selenium_version: 4.0.0, user: m-naveen.b.kumar@capgemini.com, w3c: true}, browserName: chrome, browserVersion: 142.0, goog:chromeOptions: {args: [], extensions: []}, platformName: Windows 10}
	at org.openqa.selenium.remote.ProtocolHandshake.createSession(ProtocolHandshake.java:114)
	at org.openqa.selenium.remote.ProtocolHandshake.createSession(ProtocolHandshake.java:75)
	at org.openqa.selenium.remote.ProtocolHandshake.createSession(ProtocolHandshake.java:61)
	at org.openqa.selenium.remote.HttpCommandExecutor.execute(HttpCommandExecutor.java:187)
	at org.openqa.selenium.remote.TracedCommandExecutor.execute(TracedCommandExecutor.java:53)
	at org.openqa.selenium.remote.RemoteWebDriver.execute(RemoteWebDriver.java:544)
	at org.openqa.selenium.remote.RemoteWebDriver.startSession(RemoteWebDriver.java:244)
	at org.openqa.selenium.remote.RemoteWebDriver.&lt;init&gt;(RemoteWebDriver.java:173)
	at org.openqa.selenium.remote.RemoteWebDriver.&lt;init&gt;(RemoteWebDriver.java:151)
	at lambdaTestTestng.base.BaseClass.setup(BaseClass.java:38)
	at java.base/java.util.ArrayList.forEach(ArrayList.java:1596)
	at java.base/java.util.concurrent.FutureTask.run(FutureTask.java:317)
	at java.base/java.util.concurrent.ThreadPoolExecutor.runWorker(ThreadPoolExecutor.java:1144)
	at java.base/java.util.concurrent.ThreadPoolExecutor$Worker.run(ThreadPoolExecutor.java:642)
	at java.base/java.lang.Thread.run(Thread.java:1583)
... Removed 13 stack frames</div></td></tr></table><p class="totop"><a href="#summary">back to summary</a></p>
</body>
</html>
