<!DOCTYPE html>

<html>
  <head>
  <meta charset='utf-8'>
  <title>TestNG reports</title>

    <link type="text/css" href="testng-reports1.css" rel="stylesheet" id="ultra" />
    <link type="text/css" href="testng-reports.css" rel="stylesheet" id="retro" disabled="false"/>
    <script type="text/javascript" src="jquery-3.6.0.min.js"></script>
    <script type="text/javascript" src="testng-reports.js"></script>
    <script type="text/javascript" src="https://www.google.com/jsapi"></script>
    <script type='text/javascript'>
      google.load('visualization', '1', {packages:['table']});
      google.setOnLoadCallback(drawTable);
      var suiteTableInitFunctions = new Array();
      var suiteTableData = new Array();
    </script>
    <!--
      <script type="text/javascript" src="jquery-ui/js/jquery-ui-1.8.16.custom.min.js"></script>
     -->
  </head>

  <body>    <div class="top-banner-root">
      <span class="top-banner-title-font">Test results</span>
      <button id="button" class="button">Switch Retro Theme</button> <!-- button -->
      <br/>
      <span class="top-banner-font-1">1 suite</span>
    </div> <!-- top-banner-root -->
    <div class="navigator-root">
      <div class="navigator-suite-header">
        <span>All suites</span>
        <a href="#" title="Collapse/expand all the suites" class="collapse-all-link">
          <img src="collapseall.gif" class="collapse-all-icon">
          </img> <!-- collapse-all-icon -->
        </a> <!-- collapse-all-link -->
      </div> <!-- navigator-suite-header -->
      <div class="suite">
        <div class="rounded-window">
          <div class="suite-header light-rounded-window-top">
            <a href="#" panel-name="suite-Suite" class="navigator-link">
              <span class="suite-name border-skipped">Suite</span>
            </a> <!-- navigator-link -->
          </div> <!-- suite-header light-rounded-window-top -->
          <div class="navigator-suite-content">
            <div class="suite-section-title">
              <span>Info</span>
            </div> <!-- suite-section-title -->
            <div class="suite-section-content">
              <ul>
                <li>
                  <a href="#" panel-name="test-xml-Suite" class="navigator-link ">
                    <span>C:\Users\vparuchu\Downloads\LamdatestTestNg-master\LamdatestTestNg-master\teg.xml</span>
                  </a> <!-- navigator-link  -->
                </li>
                <li>
                  <a href="#" panel-name="testlist-Suite" class="navigator-link ">
                    <span class="test-stats">1 test</span>
                  </a> <!-- navigator-link  -->
                </li>
                <li>
                  <a href="#" panel-name="group-Suite" class="navigator-link ">
                    <span>0 groups</span>
                  </a> <!-- navigator-link  -->
                </li>
                <li>
                  <a href="#" panel-name="times-Suite" class="navigator-link ">
                    <span>Times</span>
                  </a> <!-- navigator-link  -->
                </li>
                <li>
                  <a href="#" panel-name="reporter-Suite" class="navigator-link ">
                    <span>Reporter output</span>
                  </a> <!-- navigator-link  -->
                </li>
                <li>
                  <a href="#" panel-name="ignored-methods-Suite" class="navigator-link ">
                    <span>Ignored methods</span>
                  </a> <!-- navigator-link  -->
                </li>
                <li>
                  <a href="#" panel-name="chronological-Suite" class="navigator-link ">
                    <span>Chronological view</span>
                  </a> <!-- navigator-link  -->
                </li>
              </ul>
            </div> <!-- suite-section-content -->
            <div class="result-section">
              <div class="suite-section-title">
                <span>Results</span>
              </div> <!-- suite-section-title -->
              <div class="suite-section-content">
                <ul>
                  <li>
                    <span class="method-stats">3 methods,  3 skipped,  </span>
                  </li>
                  <li>
                    <span class="method-list-title skipped">Skipped methods</span>
                    <span class="show-or-hide-methods skipped">
                      <a href="#" panel-name="suite-Suite" class="hide-methods skipped suite-Suite"> (hide)</a> <!-- hide-methods skipped suite-Suite -->
                      <a href="#" panel-name="suite-Suite" class="show-methods skipped suite-Suite"> (show)</a> <!-- show-methods skipped suite-Suite -->
                    </span>
                    <div class="method-list-content skipped suite-Suite">
                      <span>
                        <img src="skipped.png" width="3%"/>
                        <a href="#" panel-name="suite-Suite" title="lambdaTestTestng.lambdatestscenarios.LambdaTestScenario1" class="method navigator-link" hash-for-method="ts01">ts01</a> <!-- method navigator-link -->
                      </span>
                      <br/>
                      <span>
                        <img src="skipped.png" width="3%"/>
                        <a href="#" panel-name="suite-Suite" title="lambdaTestTestng.lambdatestscenarios.Lambdatestscenarios2" class="method navigator-link" hash-for-method="ts02">ts02</a> <!-- method navigator-link -->
                      </span>
                      <br/>
                      <span>
                        <img src="skipped.png" width="3%"/>
                        <a href="#" panel-name="suite-Suite" title="lambdaTestTestng.lambdatestscenarios.LambdaTestScenario3" class="method navigator-link" hash-for-method="ts3">ts3</a> <!-- method navigator-link -->
                      </span>
                      <br/>
                    </div> <!-- method-list-content skipped suite-Suite -->
                  </li>
                </ul>
              </div> <!-- suite-section-content -->
            </div> <!-- result-section -->
          </div> <!-- navigator-suite-content -->
        </div> <!-- rounded-window -->
      </div> <!-- suite -->
    </div> <!-- navigator-root -->
    <div class="wrapper">
      <div class="main-panel-root">
        <div panel-name="suite-Suite" class="panel Suite">
          <div class="suite-Suite-class-skipped">
            <div class="main-panel-header rounded-window-top">
              <img src="skipped.png"/>
              <span class="class-name">lambdaTestTestng.lambdatestscenarios.Lambdatestscenarios2</span>
            </div> <!-- main-panel-header rounded-window-top -->
            <div class="main-panel-content rounded-window-bottom">
              <div class="method">
                <div class="method-content">
                  <a name="ts02">
                  </a> <!-- ts02 -->
                  <span class="method-name">ts02</span>
                  <div class="stack-trace">org.openqa.selenium.SessionNotCreatedException: Could not start a new session. Response code 400. Message: LT01K5XCBJQJZ8G7D07ZNC99V73P-QL59R-AP-SOUTH-1: Error: Could not find a valid browserVersionData. config received, osVersion: win10 browserName: chrome browserVersion: 142.0 Input capabilities : {&quot;DisableXFHeaders&quot;:true,&quot;accessKey&quot;:&quot;**************************************************&quot;,&quot;browserName&quot;:&quot;chrome&quot;,&quot;build&quot;:&quot;Untitled&quot;,&quot;console&quot;:&quot;false&quot;,&quot;enableNetworkThrottling&quot;:false,&quot;extendedDebuging&quot;:true,&quot;goog:chromeOptions&quot;:{&quot;args&quot;:[],&quot;extensions&quot;:[&quot;User Defined Extensions&quot;]},&quot;headless&quot;:false,&quot;hubVersion&quot;:&quot;v3.1.9-merger&quot;,&quot;isRealMobile&quot;:false,&quot;jwp&quot;:false,&quot;loggingPrefs&quot;:{&quot;browser&quot;:&quot;ALL&quot;,&quot;driver&quot;:&quot;ALL&quot;,&quot;performance&quot;:&quot;ALL&quot;,&quot;server&quot;:&quot;ALL&quot;},&quot;lt:options&quot;:{&quot;accessKey&quot;:&quot;**************************************************&quot;,&quot;project&quot;:&quot;Lambdatesting&quot;,&quot;selenium_version&quot;:&quot;4.0.0&quot;,&quot;user&quot;:&quot;******************************&quot;,&quot;w3c&quot;:true},&quot;mode&quot;:&quot;cloud&quot;,&quot;network&quot;:false,&quot;performance&quot;:false,&quot;platform&quot;:&quot;win10&quot;,&quot;platformName&quot;:&quot;win10&quot;,&quot;projectName&quot;:&quot;Lambdatesting&quot;,&quot;resolution&quot;:&quot;1920x1080&quot;,&quot;selenium_version&quot;:&quot;4.0.0&quot;,&quot;tunnel&quot;:false,&quot;tunnelIdentifier&quot;:&quot;&quot;,&quot;user&quot;:&quot;******************************&quot;,&quot;userAgent&quot;:&quot;selenium/4.34.0 (java windows)&quot;,&quot;verboseWebDriverLogging&quot;:false,&quot;version&quot;:&quot;142.0&quot;,&quot;video&quot;:true,&quot;visual&quot;:false,&quot;w3c&quot;:true,&quot;webdriverMode&quot;:true} 
Host info: host: &apos;LIN-5CG5162CM9&apos;, ip: &apos;192.168.1.7&apos;
Build info: version: &apos;4.34.0&apos;, revision: &apos;707dcb4246*&apos;
System info: os.name: &apos;Windows 11&apos;, os.arch: &apos;amd64&apos;, os.version: &apos;10.0&apos;, java.version: &apos;21.0.7&apos;
Driver info: org.openqa.selenium.remote.RemoteWebDriver
Command: [null, newSession {capabilities=[Capabilities {LT:Options: {accessKey: LT_U9QUwERvCXqr5BD6XD6Xty0R..., project: Lambdatesting, selenium_version: 4.0.0, user: m-naveen.b.kumar@capgemini.com, w3c: true}, browserName: chrome, browserVersion: 142.0, goog:chromeOptions: {args: [], extensions: []}, platformName: Windows 10}]}]
Capabilities {LT:Options: {accessKey: LT_U9QUwERvCXqr5BD6XD6Xty0R..., project: Lambdatesting, selenium_version: 4.0.0, user: m-naveen.b.kumar@capgemini.com, w3c: true}, browserName: chrome, browserVersion: 142.0, goog:chromeOptions: {args: [], extensions: []}, platformName: Windows 10}
	at org.openqa.selenium.remote.ProtocolHandshake.createSession(ProtocolHandshake.java:114)
	at org.openqa.selenium.remote.ProtocolHandshake.createSession(ProtocolHandshake.java:75)
	at org.openqa.selenium.remote.ProtocolHandshake.createSession(ProtocolHandshake.java:61)
	at org.openqa.selenium.remote.HttpCommandExecutor.execute(HttpCommandExecutor.java:187)
	at org.openqa.selenium.remote.TracedCommandExecutor.execute(TracedCommandExecutor.java:53)
	at org.openqa.selenium.remote.RemoteWebDriver.execute(RemoteWebDriver.java:544)
	at org.openqa.selenium.remote.RemoteWebDriver.startSession(RemoteWebDriver.java:244)
	at org.openqa.selenium.remote.RemoteWebDriver.&lt;init&gt;(RemoteWebDriver.java:173)
	at org.openqa.selenium.remote.RemoteWebDriver.&lt;init&gt;(RemoteWebDriver.java:151)
	at lambdaTestTestng.base.BaseClass.setup(BaseClass.java:38)
	at java.base/java.util.ArrayList.forEach(ArrayList.java:1596)
	at java.base/java.util.concurrent.FutureTask.run(FutureTask.java:317)
	at java.base/java.util.concurrent.ThreadPoolExecutor.runWorker(ThreadPoolExecutor.java:1144)
	at java.base/java.util.concurrent.ThreadPoolExecutor$Worker.run(ThreadPoolExecutor.java:642)
	at java.base/java.lang.Thread.run(Thread.java:1583)
... Removed 13 stack frames
</div> <!-- stack-trace -->
                </div> <!-- method-content -->
              </div> <!-- method -->
            </div> <!-- main-panel-content rounded-window-bottom -->
          </div> <!-- suite-Suite-class-skipped -->
          <div class="suite-Suite-class-skipped">
            <div class="main-panel-header rounded-window-top">
              <img src="skipped.png"/>
              <span class="class-name">lambdaTestTestng.lambdatestscenarios.LambdaTestScenario1</span>
            </div> <!-- main-panel-header rounded-window-top -->
            <div class="main-panel-content rounded-window-bottom">
              <div class="method">
                <div class="method-content">
                  <a name="ts01">
                  </a> <!-- ts01 -->
                  <span class="method-name">ts01</span>
                  <div class="stack-trace">org.openqa.selenium.SessionNotCreatedException: Could not start a new session. Response code 400. Message: LT01K5XCBVEAKTXH7RH3JZQH9G6S-HKKJH-AP-SOUTH-1: Error: Could not find a valid browserVersionData. config received, osVersion: win10 browserName: chrome browserVersion: 142.0 Input capabilities : {&quot;DisableXFHeaders&quot;:true,&quot;accessKey&quot;:&quot;**************************************************&quot;,&quot;browserName&quot;:&quot;chrome&quot;,&quot;build&quot;:&quot;Untitled&quot;,&quot;console&quot;:&quot;false&quot;,&quot;enableNetworkThrottling&quot;:false,&quot;extendedDebuging&quot;:true,&quot;goog:chromeOptions&quot;:{&quot;args&quot;:[],&quot;extensions&quot;:[&quot;User Defined Extensions&quot;]},&quot;headless&quot;:false,&quot;hubVersion&quot;:&quot;v3.1.9-merger&quot;,&quot;isRealMobile&quot;:false,&quot;jwp&quot;:false,&quot;loggingPrefs&quot;:{&quot;browser&quot;:&quot;ALL&quot;,&quot;driver&quot;:&quot;ALL&quot;,&quot;performance&quot;:&quot;ALL&quot;,&quot;server&quot;:&quot;ALL&quot;},&quot;lt:options&quot;:{&quot;accessKey&quot;:&quot;**************************************************&quot;,&quot;project&quot;:&quot;Lambdatesting&quot;,&quot;selenium_version&quot;:&quot;4.0.0&quot;,&quot;user&quot;:&quot;******************************&quot;,&quot;w3c&quot;:true},&quot;mode&quot;:&quot;cloud&quot;,&quot;network&quot;:false,&quot;performance&quot;:false,&quot;platform&quot;:&quot;win10&quot;,&quot;platformName&quot;:&quot;win10&quot;,&quot;projectName&quot;:&quot;Lambdatesting&quot;,&quot;resolution&quot;:&quot;1920x1080&quot;,&quot;selenium_version&quot;:&quot;4.0.0&quot;,&quot;tunnel&quot;:false,&quot;tunnelIdentifier&quot;:&quot;&quot;,&quot;user&quot;:&quot;******************************&quot;,&quot;userAgent&quot;:&quot;selenium/4.34.0 (java windows)&quot;,&quot;verboseWebDriverLogging&quot;:false,&quot;version&quot;:&quot;142.0&quot;,&quot;video&quot;:true,&quot;visual&quot;:false,&quot;w3c&quot;:true,&quot;webdriverMode&quot;:true} 
Host info: host: &apos;LIN-5CG5162CM9&apos;, ip: &apos;192.168.1.7&apos;
Build info: version: &apos;4.34.0&apos;, revision: &apos;707dcb4246*&apos;
System info: os.name: &apos;Windows 11&apos;, os.arch: &apos;amd64&apos;, os.version: &apos;10.0&apos;, java.version: &apos;21.0.7&apos;
Driver info: org.openqa.selenium.remote.RemoteWebDriver
Command: [null, newSession {capabilities=[Capabilities {LT:Options: {accessKey: LT_U9QUwERvCXqr5BD6XD6Xty0R..., project: Lambdatesting, selenium_version: 4.0.0, user: m-naveen.b.kumar@capgemini.com, w3c: true}, browserName: chrome, browserVersion: 142.0, goog:chromeOptions: {args: [], extensions: []}, platformName: Windows 10}]}]
Capabilities {LT:Options: {accessKey: LT_U9QUwERvCXqr5BD6XD6Xty0R..., project: Lambdatesting, selenium_version: 4.0.0, user: m-naveen.b.kumar@capgemini.com, w3c: true}, browserName: chrome, browserVersion: 142.0, goog:chromeOptions: {args: [], extensions: []}, platformName: Windows 10}
	at org.openqa.selenium.remote.ProtocolHandshake.createSession(ProtocolHandshake.java:114)
	at org.openqa.selenium.remote.ProtocolHandshake.createSession(ProtocolHandshake.java:75)
	at org.openqa.selenium.remote.ProtocolHandshake.createSession(ProtocolHandshake.java:61)
	at org.openqa.selenium.remote.HttpCommandExecutor.execute(HttpCommandExecutor.java:187)
	at org.openqa.selenium.remote.TracedCommandExecutor.execute(TracedCommandExecutor.java:53)
	at org.openqa.selenium.remote.RemoteWebDriver.execute(RemoteWebDriver.java:544)
	at org.openqa.selenium.remote.RemoteWebDriver.startSession(RemoteWebDriver.java:244)
	at org.openqa.selenium.remote.RemoteWebDriver.&lt;init&gt;(RemoteWebDriver.java:173)
	at org.openqa.selenium.remote.RemoteWebDriver.&lt;init&gt;(RemoteWebDriver.java:151)
	at lambdaTestTestng.base.BaseClass.setup(BaseClass.java:38)
	at java.base/java.util.ArrayList.forEach(ArrayList.java:1596)
	at java.base/java.util.concurrent.FutureTask.run(FutureTask.java:317)
	at java.base/java.util.concurrent.ThreadPoolExecutor.runWorker(ThreadPoolExecutor.java:1144)
	at java.base/java.util.concurrent.ThreadPoolExecutor$Worker.run(ThreadPoolExecutor.java:642)
	at java.base/java.lang.Thread.run(Thread.java:1583)
... Removed 13 stack frames
</div> <!-- stack-trace -->
                </div> <!-- method-content -->
              </div> <!-- method -->
            </div> <!-- main-panel-content rounded-window-bottom -->
          </div> <!-- suite-Suite-class-skipped -->
          <div class="suite-Suite-class-skipped">
            <div class="main-panel-header rounded-window-top">
              <img src="skipped.png"/>
              <span class="class-name">lambdaTestTestng.lambdatestscenarios.LambdaTestScenario3</span>
            </div> <!-- main-panel-header rounded-window-top -->
            <div class="main-panel-content rounded-window-bottom">
              <div class="method">
                <div class="method-content">
                  <a name="ts3">
                  </a> <!-- ts3 -->
                  <span class="method-name">ts3</span>
                  <div class="stack-trace">org.openqa.selenium.SessionNotCreatedException: Could not start a new session. Response code 400. Message: LT01K5XCBQ7EEKVFJKKV2WSF6M98-BSHM2-AP-SOUTH-1: Error: Could not find a valid browserVersionData. config received, osVersion: win10 browserName: chrome browserVersion: 142.0 Input capabilities : {&quot;DisableXFHeaders&quot;:true,&quot;accessKey&quot;:&quot;**************************************************&quot;,&quot;browserName&quot;:&quot;chrome&quot;,&quot;build&quot;:&quot;Untitled&quot;,&quot;console&quot;:&quot;false&quot;,&quot;enableNetworkThrottling&quot;:false,&quot;extendedDebuging&quot;:true,&quot;goog:chromeOptions&quot;:{&quot;args&quot;:[],&quot;extensions&quot;:[&quot;User Defined Extensions&quot;]},&quot;headless&quot;:false,&quot;hubVersion&quot;:&quot;v3.1.9-merger&quot;,&quot;isRealMobile&quot;:false,&quot;jwp&quot;:false,&quot;loggingPrefs&quot;:{&quot;browser&quot;:&quot;ALL&quot;,&quot;driver&quot;:&quot;ALL&quot;,&quot;performance&quot;:&quot;ALL&quot;,&quot;server&quot;:&quot;ALL&quot;},&quot;lt:options&quot;:{&quot;accessKey&quot;:&quot;**************************************************&quot;,&quot;project&quot;:&quot;Lambdatesting&quot;,&quot;selenium_version&quot;:&quot;4.0.0&quot;,&quot;user&quot;:&quot;******************************&quot;,&quot;w3c&quot;:true},&quot;mode&quot;:&quot;cloud&quot;,&quot;network&quot;:false,&quot;performance&quot;:false,&quot;platform&quot;:&quot;win10&quot;,&quot;platformName&quot;:&quot;win10&quot;,&quot;projectName&quot;:&quot;Lambdatesting&quot;,&quot;resolution&quot;:&quot;1920x1080&quot;,&quot;selenium_version&quot;:&quot;4.0.0&quot;,&quot;tunnel&quot;:false,&quot;tunnelIdentifier&quot;:&quot;&quot;,&quot;user&quot;:&quot;******************************&quot;,&quot;userAgent&quot;:&quot;selenium/4.34.0 (java windows)&quot;,&quot;verboseWebDriverLogging&quot;:false,&quot;version&quot;:&quot;142.0&quot;,&quot;video&quot;:true,&quot;visual&quot;:false,&quot;w3c&quot;:true,&quot;webdriverMode&quot;:true} 
Host info: host: &apos;LIN-5CG5162CM9&apos;, ip: &apos;192.168.1.7&apos;
Build info: version: &apos;4.34.0&apos;, revision: &apos;707dcb4246*&apos;
System info: os.name: &apos;Windows 11&apos;, os.arch: &apos;amd64&apos;, os.version: &apos;10.0&apos;, java.version: &apos;21.0.7&apos;
Driver info: org.openqa.selenium.remote.RemoteWebDriver
Command: [null, newSession {capabilities=[Capabilities {LT:Options: {accessKey: LT_U9QUwERvCXqr5BD6XD6Xty0R..., project: Lambdatesting, selenium_version: 4.0.0, user: m-naveen.b.kumar@capgemini.com, w3c: true}, browserName: chrome, browserVersion: 142.0, goog:chromeOptions: {args: [], extensions: []}, platformName: Windows 10}]}]
Capabilities {LT:Options: {accessKey: LT_U9QUwERvCXqr5BD6XD6Xty0R..., project: Lambdatesting, selenium_version: 4.0.0, user: m-naveen.b.kumar@capgemini.com, w3c: true}, browserName: chrome, browserVersion: 142.0, goog:chromeOptions: {args: [], extensions: []}, platformName: Windows 10}
	at org.openqa.selenium.remote.ProtocolHandshake.createSession(ProtocolHandshake.java:114)
	at org.openqa.selenium.remote.ProtocolHandshake.createSession(ProtocolHandshake.java:75)
	at org.openqa.selenium.remote.ProtocolHandshake.createSession(ProtocolHandshake.java:61)
	at org.openqa.selenium.remote.HttpCommandExecutor.execute(HttpCommandExecutor.java:187)
	at org.openqa.selenium.remote.TracedCommandExecutor.execute(TracedCommandExecutor.java:53)
	at org.openqa.selenium.remote.RemoteWebDriver.execute(RemoteWebDriver.java:544)
	at org.openqa.selenium.remote.RemoteWebDriver.startSession(RemoteWebDriver.java:244)
	at org.openqa.selenium.remote.RemoteWebDriver.&lt;init&gt;(RemoteWebDriver.java:173)
	at org.openqa.selenium.remote.RemoteWebDriver.&lt;init&gt;(RemoteWebDriver.java:151)
	at lambdaTestTestng.base.BaseClass.setup(BaseClass.java:38)
	at java.base/java.util.ArrayList.forEach(ArrayList.java:1596)
	at java.base/java.util.concurrent.FutureTask.run(FutureTask.java:317)
	at java.base/java.util.concurrent.ThreadPoolExecutor.runWorker(ThreadPoolExecutor.java:1144)
	at java.base/java.util.concurrent.ThreadPoolExecutor$Worker.run(ThreadPoolExecutor.java:642)
	at java.base/java.lang.Thread.run(Thread.java:1583)
... Removed 13 stack frames
</div> <!-- stack-trace -->
                </div> <!-- method-content -->
              </div> <!-- method -->
            </div> <!-- main-panel-content rounded-window-bottom -->
          </div> <!-- suite-Suite-class-skipped -->
        </div> <!-- panel Suite -->
        <div panel-name="test-xml-Suite" class="panel">
          <div class="main-panel-header rounded-window-top">
            <span class="header-content">C:\Users\vparuchu\Downloads\LamdatestTestNg-master\LamdatestTestNg-master\teg.xml</span>
          </div> <!-- main-panel-header rounded-window-top -->
          <div class="main-panel-content rounded-window-bottom">
            <pre>
&lt;?xml version=&quot;1.0&quot; encoding=&quot;UTF-8&quot;?&gt;
&lt;!DOCTYPE suite SYSTEM &quot;https://testng.org/testng-1.0.dtd&quot;&gt;
&lt;suite thread-count=&quot;3&quot; parallel=&quot;tests&quot; name=&quot;Suite&quot; guice-stage=&quot;DEVELOPMENT&quot;&gt;
  &lt;test thread-count=&quot;3&quot; parallel=&quot;tests&quot; name=&quot;Test&quot;&gt;
    &lt;parameter name=&quot;browser&quot; value=&quot;Chrome&quot;/&gt;
    &lt;parameter name=&quot;version&quot; value=&quot;142.0&quot;/&gt;
    &lt;parameter name=&quot;platform&quot; value=&quot;Windows 10&quot;/&gt;
    &lt;classes&gt;
      &lt;class name=&quot;lambdaTestTestng.lambdatestscenarios.Lambdatestscenarios2&quot;/&gt;
      &lt;class name=&quot;lambdaTestTestng.lambdatestscenarios.LambdaTestScenario3&quot;/&gt;
      &lt;class name=&quot;lambdaTestTestng.lambdatestscenarios.LambdaTestScenario1&quot;/&gt;
    &lt;/classes&gt;
  &lt;/test&gt; &lt;!-- Test --&gt;
&lt;/suite&gt; &lt;!-- Suite --&gt;
            </pre>
          </div> <!-- main-panel-content rounded-window-bottom -->
        </div> <!-- panel -->
        <div panel-name="testlist-Suite" class="panel">
          <div class="main-panel-header rounded-window-top">
            <span class="header-content">Tests for Suite</span>
          </div> <!-- main-panel-header rounded-window-top -->
          <div class="main-panel-content rounded-window-bottom">
            <ul>
              <li>
                <span class="test-name">Test (3 classes)</span>
              </li>
            </ul>
          </div> <!-- main-panel-content rounded-window-bottom -->
        </div> <!-- panel -->
        <div panel-name="group-Suite" class="panel">
          <div class="main-panel-header rounded-window-top">
            <span class="header-content">Groups for Suite</span>
          </div> <!-- main-panel-header rounded-window-top -->
          <div class="main-panel-content rounded-window-bottom">
          </div> <!-- main-panel-content rounded-window-bottom -->
        </div> <!-- panel -->
        <div panel-name="times-Suite" class="panel">
          <div class="main-panel-header rounded-window-top">
            <span class="header-content">Times for Suite</span>
          </div> <!-- main-panel-header rounded-window-top -->
          <div class="main-panel-content rounded-window-bottom">
            <div class="times-div">
              <script type="text/javascript">
suiteTableInitFunctions.push('tableData_Suite');
function tableData_Suite() {
var data = new google.visualization.DataTable();
data.addColumn('number', 'Number');
data.addColumn('string', 'Method');
data.addColumn('string', 'Class');
data.addColumn('number', 'Time (ms)');
data.addRows(3);
data.setCell(0, 0, 0)
data.setCell(0, 1, 'ts02')
data.setCell(0, 2, 'lambdaTestTestng.lambdatestscenarios.Lambdatestscenarios2')
data.setCell(0, 3, 0);
data.setCell(1, 0, 1)
data.setCell(1, 1, 'ts3')
data.setCell(1, 2, 'lambdaTestTestng.lambdatestscenarios.LambdaTestScenario3')
data.setCell(1, 3, 0);
data.setCell(2, 0, 2)
data.setCell(2, 1, 'ts01')
data.setCell(2, 2, 'lambdaTestTestng.lambdatestscenarios.LambdaTestScenario1')
data.setCell(2, 3, 0);
window.suiteTableData['Suite']= { tableData: data, tableDiv: 'times-div-Suite'}
return data;
}
              </script>
              <span class="suite-total-time">Total running time: 16 seconds</span>
              <div id="times-div-Suite">
              </div> <!-- times-div-Suite -->
            </div> <!-- times-div -->
          </div> <!-- main-panel-content rounded-window-bottom -->
        </div> <!-- panel -->
        <div panel-name="reporter-Suite" class="panel">
          <div class="main-panel-header rounded-window-top">
            <span class="header-content">Reporter output for Suite</span>
          </div> <!-- main-panel-header rounded-window-top -->
          <div class="main-panel-content rounded-window-bottom">
          </div> <!-- main-panel-content rounded-window-bottom -->
        </div> <!-- panel -->
        <div panel-name="ignored-methods-Suite" class="panel">
          <div class="main-panel-header rounded-window-top">
            <span class="header-content">0 ignored methods</span>
          </div> <!-- main-panel-header rounded-window-top -->
          <div class="main-panel-content rounded-window-bottom">
          </div> <!-- main-panel-content rounded-window-bottom -->
        </div> <!-- panel -->
        <div panel-name="chronological-Suite" class="panel">
          <div class="main-panel-header rounded-window-top">
            <span class="header-content">Methods in chronological order</span>
          </div> <!-- main-panel-header rounded-window-top -->
          <div class="main-panel-content rounded-window-bottom">
            <div class="chronological-class">
              <div class="chronological-class-name">lambdaTestTestng.lambdatestscenarios.Lambdatestscenarios2</div> <!-- chronological-class-name -->
              <div class="configuration-class before">
                <img src="failed.png">
                </img>
                <span class="method-name">setup(Chrome, 142.0, Windows 10)</span>
                <span class="method-start">0 ms</span>
              </div> <!-- configuration-class before -->
            </div> <!-- chronological-class -->
            <div class="chronological-class">
              <div class="chronological-class-name">lambdaTestTestng.lambdatestscenarios.LambdaTestScenario3</div> <!-- chronological-class-name -->
              <div class="configuration-class before">
                <img src="failed.png">
                </img>
                <span class="method-name">setup(Chrome, 142.0, Windows 10)</span>
                <span class="method-start">5903 ms</span>
              </div> <!-- configuration-class before -->
            </div> <!-- chronological-class -->
            <div class="chronological-class">
              <div class="chronological-class-name">lambdaTestTestng.lambdatestscenarios.LambdaTestScenario1</div> <!-- chronological-class-name -->
              <div class="configuration-class before">
                <img src="failed.png">
                </img>
                <span class="method-name">setup(Chrome, 142.0, Windows 10)</span>
                <span class="method-start">10219 ms</span>
              </div> <!-- configuration-class before -->
          </div> <!-- main-panel-content rounded-window-bottom -->
        </div> <!-- panel -->
      </div> <!-- main-panel-root -->
    </div> <!-- wrapper -->
  </body>
<script type="text/javascript" src="testng-reports2.js"></script>
</html>
