<?xml version="1.0" encoding="UTF-8"?>
<!-- Generated by org.testng.reporters.JUnitReportReporter -->
<testsuite hostname="LIN-5CG5162CM9" failures="0" tests="2" name="lambdaTestTestng.lambdatestscenarios.Lambdatestscenarios2" time="6.446" errors="1" timestamp="2025-09-24T01:43:24 IST" skipped="1">
  <testcase classname="lambdaTestTestng.lambdatestscenarios.Lambdatestscenarios2" name="setUp" time="6.446">
    <error message="Could not start a new session. Response code 400. Message: LT01K5W3B23KCQTJ1FNZSH8DX0KP-QL59R-AP-SOUTH-1: The capability platform has value window which is not supported. Supported values are [macos 26.0 macos 15.0 macos 14.0 macos 13.0 macos 12.0 macos 11.0 macos 10.15 macos 10.14 macos 10.13 macos 10.12 os x 10.11 os x 10.10 os x 10.9 os x 10.8 win11 win10 win8 win8.1 win7 ubuntu-20] 
Host info: host: &#039;LIN-5CG5162CM9&#039;, ip: &#039;192.168.1.7&#039;
Build info: version: &#039;4.34.0&#039;, revision: &#039;707dcb4246*&#039;
System info: os.name: &#039;Windows 11&#039;, os.arch: &#039;amd64&#039;, os.version: &#039;10.0&#039;, java.version: &#039;21.0.7&#039;
Driver info: org.openqa.selenium.remote.RemoteWebDriver
Command: [null, newSession {capabilities=[Capabilities {LT:Options: {accessKey: LT_U9QUwERvCXqr5BD6XD6Xty0R..., browserName: chrome, browserVersion: 140.0.7339.186, build: Lambda_Build_Version _1.0, console: true, name: Lambdatestscenarios2, network: true, platformName: window, project: LambdaTest, username: m-naveen.b.kumar@capgemini.com, video: true, visual: true}, browserName: chrome, goog:chromeOptions: {args: [], extensions: []}}]}]
Capabilities {LT:Options: {accessKey: LT_U9QUwERvCXqr5BD6XD6Xty0R..., browserName: chrome, browserVersion: 140.0.7339.186, build: Lambda_Build_Version _1.0, console: true, name: Lambdatestscenarios2, network: true, platformName: window, project: LambdaTest, username: m-naveen.b.kumar@capgemini.com, video: true, visual: true}, browserName: chrome, goog:chromeOptions: {args: [], extensions: []}}" type="org.openqa.selenium.SessionNotCreatedException">
      <![CDATA[org.openqa.selenium.SessionNotCreatedException: Could not start a new session. Response code 400. Message: LT01K5W3B23KCQTJ1FNZSH8DX0KP-QL59R-AP-SOUTH-1: The capability platform has value window which is not supported. Supported values are [macos 26.0 macos 15.0 macos 14.0 macos 13.0 macos 12.0 macos 11.0 macos 10.15 macos 10.14 macos 10.13 macos 10.12 os x 10.11 os x 10.10 os x 10.9 os x 10.8 win11 win10 win8 win8.1 win7 ubuntu-20] 
Host info: host: 'LIN-5CG5162CM9', ip: '192.168.1.7'
Build info: version: '4.34.0', revision: '707dcb4246*'
System info: os.name: 'Windows 11', os.arch: 'amd64', os.version: '10.0', java.version: '21.0.7'
Driver info: org.openqa.selenium.remote.RemoteWebDriver
Command: [null, newSession {capabilities=[Capabilities {LT:Options: {accessKey: LT_U9QUwERvCXqr5BD6XD6Xty0R..., browserName: chrome, browserVersion: 140.0.7339.186, build: Lambda_Build_Version _1.0, console: true, name: Lambdatestscenarios2, network: true, platformName: window, project: LambdaTest, username: m-naveen.b.kumar@capgemini.com, video: true, visual: true}, browserName: chrome, goog:chromeOptions: {args: [], extensions: []}}]}]
Capabilities {LT:Options: {accessKey: LT_U9QUwERvCXqr5BD6XD6Xty0R..., browserName: chrome, browserVersion: 140.0.7339.186, build: Lambda_Build_Version _1.0, console: true, name: Lambdatestscenarios2, network: true, platformName: window, project: LambdaTest, username: m-naveen.b.kumar@capgemini.com, video: true, visual: true}, browserName: chrome, goog:chromeOptions: {args: [], extensions: []}}
at org.openqa.selenium.remote.ProtocolHandshake.createSession(ProtocolHandshake.java:114)
at org.openqa.selenium.remote.ProtocolHandshake.createSession(ProtocolHandshake.java:75)
at org.openqa.selenium.remote.ProtocolHandshake.createSession(ProtocolHandshake.java:61)
at org.openqa.selenium.remote.HttpCommandExecutor.execute(HttpCommandExecutor.java:187)
at org.openqa.selenium.remote.TracedCommandExecutor.execute(TracedCommandExecutor.java:53)
at org.openqa.selenium.remote.RemoteWebDriver.execute(RemoteWebDriver.java:544)
at org.openqa.selenium.remote.RemoteWebDriver.startSession(RemoteWebDriver.java:244)
at org.openqa.selenium.remote.RemoteWebDriver.<init>(RemoteWebDriver.java:173)
at org.openqa.selenium.remote.RemoteWebDriver.<init>(RemoteWebDriver.java:151)
at lambdaTestTestng.base.BaseClass.setUp(BaseClass.java:37)
at java.base/jdk.internal.reflect.DirectMethodHandleAccessor.invoke(DirectMethodHandleAccessor.java:103)
at java.base/java.lang.reflect.Method.invoke(Method.java:580)
at org.testng.internal.invokers.MethodInvocationHelper.invokeMethod(MethodInvocationHelper.java:141)
at org.testng.internal.invokers.MethodInvocationHelper.invokeMethodConsideringTimeout(MethodInvocationHelper.java:71)
at org.testng.internal.invokers.ConfigInvoker.invokeConfigurationMethod(ConfigInvoker.java:400)
at org.testng.internal.invokers.ConfigInvoker.invokeConfigurations(ConfigInvoker.java:333)
at org.testng.internal.invokers.TestMethodWorker.invokeBeforeClassMethods(TestMethodWorker.java:188)
at org.testng.internal.invokers.TestMethodWorker.run(TestMethodWorker.java:128)
at java.base/java.util.concurrent.Executors$RunnableAdapter.call(Executors.java:572)
at java.base/java.util.concurrent.FutureTask.run(FutureTask.java:317)
at org.testng.internal.thread.graph.TestNGFutureTask.run(TestNGFutureTask.java:22)
at java.base/java.util.concurrent.ThreadPoolExecutor.runWorker(ThreadPoolExecutor.java:1144)
at java.base/java.util.concurrent.ThreadPoolExecutor$Worker.run(ThreadPoolExecutor.java:642)
at java.base/java.lang.Thread.run(Thread.java:1583)
]]>
    </error>
  </testcase> <!-- setUp -->
  <testcase classname="lambdaTestTestng.lambdatestscenarios.Lambdatestscenarios2" name="ts02" time="0.000">
    <skipped/>
  </testcase> <!-- ts02 -->
</testsuite> <!-- lambdaTestTestng.lambdatestscenarios.Lambdatestscenarios2 -->
