<?xml version="1.0" encoding="UTF-8"?>
<!-- Generated by org.testng.reporters.JUnitReportReporter -->
<testsuite hostname="LIN-5CG5162CM9" failures="0" tests="2" name="lambdaTestTestng.lambdatestscenarios.LambdaTestScenario1" time="6.089" errors="1" timestamp="2025-09-24T13:40:22 IST" skipped="1">
  <testcase classname="lambdaTestTestng.lambdatestscenarios.LambdaTestScenario1" name="ts01" time="0.000">
    <skipped/>
  </testcase> <!-- ts01 -->
  <testcase classname="lambdaTestTestng.lambdatestscenarios.LambdaTestScenario1" name="setup" time="6.089">
    <error message="Could not start a new session. Response code 400. Message: LT01K5XCBVEAKTXH7RH3JZQH9G6S-HKKJH-AP-SOUTH-1: Error: Could not find a valid browserVersionData. config received, osVersion: win10 browserName: chrome browserVersion: 142.0 Input capabilities : {&quot;DisableXFHeaders&quot;:true,&quot;accessKey&quot;:&quot;**************************************************&quot;,&quot;browserName&quot;:&quot;chrome&quot;,&quot;build&quot;:&quot;Untitled&quot;,&quot;console&quot;:&quot;false&quot;,&quot;enableNetworkThrottling&quot;:false,&quot;extendedDebuging&quot;:true,&quot;goog:chromeOptions&quot;:{&quot;args&quot;:[],&quot;extensions&quot;:[&quot;User Defined Extensions&quot;]},&quot;headless&quot;:false,&quot;hubVersion&quot;:&quot;v3.1.9-merger&quot;,&quot;isRealMobile&quot;:false,&quot;jwp&quot;:false,&quot;loggingPrefs&quot;:{&quot;browser&quot;:&quot;ALL&quot;,&quot;driver&quot;:&quot;ALL&quot;,&quot;performance&quot;:&quot;ALL&quot;,&quot;server&quot;:&quot;ALL&quot;},&quot;lt:options&quot;:{&quot;accessKey&quot;:&quot;**************************************************&quot;,&quot;project&quot;:&quot;Lambdatesting&quot;,&quot;selenium_version&quot;:&quot;4.0.0&quot;,&quot;user&quot;:&quot;******************************&quot;,&quot;w3c&quot;:true},&quot;mode&quot;:&quot;cloud&quot;,&quot;network&quot;:false,&quot;performance&quot;:false,&quot;platform&quot;:&quot;win10&quot;,&quot;platformName&quot;:&quot;win10&quot;,&quot;projectName&quot;:&quot;Lambdatesting&quot;,&quot;resolution&quot;:&quot;1920x1080&quot;,&quot;selenium_version&quot;:&quot;4.0.0&quot;,&quot;tunnel&quot;:false,&quot;tunnelIdentifier&quot;:&quot;&quot;,&quot;user&quot;:&quot;******************************&quot;,&quot;userAgent&quot;:&quot;selenium/4.34.0 (java windows)&quot;,&quot;verboseWebDriverLogging&quot;:false,&quot;version&quot;:&quot;142.0&quot;,&quot;video&quot;:true,&quot;visual&quot;:false,&quot;w3c&quot;:true,&quot;webdriverMode&quot;:true} 
Host info: host: &#039;LIN-5CG5162CM9&#039;, ip: &#039;192.168.1.7&#039;
Build info: version: &#039;4.34.0&#039;, revision: &#039;707dcb4246*&#039;
System info: os.name: &#039;Windows 11&#039;, os.arch: &#039;amd64&#039;, os.version: &#039;10.0&#039;, java.version: &#039;21.0.7&#039;
Driver info: org.openqa.selenium.remote.RemoteWebDriver
Command: [null, newSession {capabilities=[Capabilities {LT:Options: {accessKey: LT_U9QUwERvCXqr5BD6XD6Xty0R..., project: Lambdatesting, selenium_version: 4.0.0, user: m-naveen.b.kumar@capgemini.com, w3c: true}, browserName: chrome, browserVersion: 142.0, goog:chromeOptions: {args: [], extensions: []}, platformName: Windows 10}]}]
Capabilities {LT:Options: {accessKey: LT_U9QUwERvCXqr5BD6XD6Xty0R..., project: Lambdatesting, selenium_version: 4.0.0, user: m-naveen.b.kumar@capgemini.com, w3c: true}, browserName: chrome, browserVersion: 142.0, goog:chromeOptions: {args: [], extensions: []}, platformName: Windows 10}" type="org.openqa.selenium.SessionNotCreatedException">
      <![CDATA[org.openqa.selenium.SessionNotCreatedException: Could not start a new session. Response code 400. Message: LT01K5XCBVEAKTXH7RH3JZQH9G6S-HKKJH-AP-SOUTH-1: Error: Could not find a valid browserVersionData. config received, osVersion: win10 browserName: chrome browserVersion: 142.0 Input capabilities : {"DisableXFHeaders":true,"accessKey":"**************************************************","browserName":"chrome","build":"Untitled","console":"false","enableNetworkThrottling":false,"extendedDebuging":true,"goog:chromeOptions":{"args":[],"extensions":["User Defined Extensions"]},"headless":false,"hubVersion":"v3.1.9-merger","isRealMobile":false,"jwp":false,"loggingPrefs":{"browser":"ALL","driver":"ALL","performance":"ALL","server":"ALL"},"lt:options":{"accessKey":"**************************************************","project":"Lambdatesting","selenium_version":"4.0.0","user":"******************************","w3c":true},"mode":"cloud","network":false,"performance":false,"platform":"win10","platformName":"win10","projectName":"Lambdatesting","resolution":"1920x1080","selenium_version":"4.0.0","tunnel":false,"tunnelIdentifier":"","user":"******************************","userAgent":"selenium/4.34.0 (java windows)","verboseWebDriverLogging":false,"version":"142.0","video":true,"visual":false,"w3c":true,"webdriverMode":true} 
Host info: host: 'LIN-5CG5162CM9', ip: '192.168.1.7'
Build info: version: '4.34.0', revision: '707dcb4246*'
System info: os.name: 'Windows 11', os.arch: 'amd64', os.version: '10.0', java.version: '21.0.7'
Driver info: org.openqa.selenium.remote.RemoteWebDriver
Command: [null, newSession {capabilities=[Capabilities {LT:Options: {accessKey: LT_U9QUwERvCXqr5BD6XD6Xty0R..., project: Lambdatesting, selenium_version: 4.0.0, user: m-naveen.b.kumar@capgemini.com, w3c: true}, browserName: chrome, browserVersion: 142.0, goog:chromeOptions: {args: [], extensions: []}, platformName: Windows 10}]}]
Capabilities {LT:Options: {accessKey: LT_U9QUwERvCXqr5BD6XD6Xty0R..., project: Lambdatesting, selenium_version: 4.0.0, user: m-naveen.b.kumar@capgemini.com, w3c: true}, browserName: chrome, browserVersion: 142.0, goog:chromeOptions: {args: [], extensions: []}, platformName: Windows 10}
at org.openqa.selenium.remote.ProtocolHandshake.createSession(ProtocolHandshake.java:114)
at org.openqa.selenium.remote.ProtocolHandshake.createSession(ProtocolHandshake.java:75)
at org.openqa.selenium.remote.ProtocolHandshake.createSession(ProtocolHandshake.java:61)
at org.openqa.selenium.remote.HttpCommandExecutor.execute(HttpCommandExecutor.java:187)
at org.openqa.selenium.remote.TracedCommandExecutor.execute(TracedCommandExecutor.java:53)
at org.openqa.selenium.remote.RemoteWebDriver.execute(RemoteWebDriver.java:544)
at org.openqa.selenium.remote.RemoteWebDriver.startSession(RemoteWebDriver.java:244)
at org.openqa.selenium.remote.RemoteWebDriver.<init>(RemoteWebDriver.java:173)
at org.openqa.selenium.remote.RemoteWebDriver.<init>(RemoteWebDriver.java:151)
at lambdaTestTestng.base.BaseClass.setup(BaseClass.java:38)
at java.base/jdk.internal.reflect.DirectMethodHandleAccessor.invoke(DirectMethodHandleAccessor.java:103)
at java.base/java.lang.reflect.Method.invoke(Method.java:580)
at org.testng.internal.invokers.MethodInvocationHelper.invokeMethod(MethodInvocationHelper.java:141)
at org.testng.internal.invokers.MethodInvocationHelper.invokeMethodConsideringTimeout(MethodInvocationHelper.java:71)
at org.testng.internal.invokers.ConfigInvoker.invokeConfigurationMethod(ConfigInvoker.java:400)
at org.testng.internal.invokers.ConfigInvoker.invokeConfigurations(ConfigInvoker.java:333)
at org.testng.internal.invokers.TestMethodWorker.invokeBeforeClassMethods(TestMethodWorker.java:188)
at org.testng.internal.invokers.TestMethodWorker.run(TestMethodWorker.java:128)
at java.base/java.util.ArrayList.forEach(ArrayList.java:1596)
at org.testng.TestRunner.privateRun(TestRunner.java:741)
at org.testng.TestRunner.run(TestRunner.java:616)
at org.testng.SuiteRunner.runTest(SuiteRunner.java:421)
at org.testng.SuiteRunner$SuiteWorker.run(SuiteRunner.java:463)
at org.testng.internal.thread.ThreadUtil.lambda$execute$0(ThreadUtil.java:64)
at java.base/java.util.concurrent.FutureTask.run(FutureTask.java:317)
at java.base/java.util.concurrent.ThreadPoolExecutor.runWorker(ThreadPoolExecutor.java:1144)
at java.base/java.util.concurrent.ThreadPoolExecutor$Worker.run(ThreadPoolExecutor.java:642)
at java.base/java.lang.Thread.run(Thread.java:1583)
]]>
    </error>
  </testcase> <!-- setup -->
</testsuite> <!-- lambdaTestTestng.lambdatestscenarios.LambdaTestScenario1 -->
