<?xml version="1.0" encoding="UTF-8"?>
<!-- Generated by org.testng.reporters.JUnitXMLReporter -->
<testsuite ignored="0" hostname="LIN-5CG5170QQZ" failures="0" tests="1" name="ChromeTest" time="0.156" errors="0" timestamp="2025-09-25T14:13:31 IST">
  <testcase classname="lambdaTestTestng.base.BaseClass" name="@BeforeClass setUp" time="-1.758789811262E9">
    <failure type="org.testng.TestNGException" message="
Parameter &amp;apos;version&amp;apos; is required by BeforeClass on method setUp but has not been marked @Optional or defined
in C:\Users\mnavkuma\Downloads\LamdatestTestNg-master\LamdatestTestNg-master\lambdatest1.xml">
      <![CDATA[org.testng.TestNGException: 
Parameter 'version' is required by BeforeClass on method setUp but has not been marked @Optional or defined
in C:\Users\mnavkuma\Downloads\LamdatestTestNg-master\LamdatestTestNg-master\lambdatest1.xml
at java.base/java.util.ArrayList.forEach(ArrayList.java:1596)
at java.base/java.util.concurrent.FutureTask.run(FutureTask.java:317)
at java.base/java.util.concurrent.ThreadPoolExecutor.runWorker(ThreadPoolExecutor.java:1144)
at java.base/java.util.concurrent.ThreadPoolExecutor$Worker.run(ThreadPoolExecutor.java:642)
at java.base/java.lang.Thread.run(Thread.java:1583)
... Removed 12 stack frames]]>
    </failure>
  </testcase> <!-- @BeforeClass setUp -->
  <testcase classname="lambdaTestTestng.base.BaseClass" name="@AfterClass testClosure" time="0.0">
    <skipped/>
  </testcase> <!-- @AfterClass testClosure -->
  <testcase classname="lambdaTestTestng.lambdatestscenarios.LambdaTestScenario1" name="ts01" time="0.0">
    <skipped/>
  </testcase> <!-- ts01 -->
</testsuite> <!-- ChromeTest -->
